{"contracts\\base\\oracle\\TwapOracle.sol":{"l":{"25":26,"26":0,"27":0,"29":26,"33":24,"37":50,"38":50,"39":50,"40":50,"41":50,"45":0,"49":26,"50":26,"54":0,"58":0},"path":"C:\\Users\\mikeb\\git\\v1-protocol\\contracts\\base\\oracle\\TwapOracle.sol","s":{"1":26,"2":0,"3":0,"4":26,"5":24,"6":50,"7":50,"8":50,"9":50,"10":50,"11":0,"12":26,"13":26,"14":0,"15":0},"b":{"1":[0,26]},"f":{"1":26,"2":24,"3":50,"4":0,"5":26,"6":0,"7":0},"fnMap":{"1":{"name":"initializePoolObservations","line":24,"loc":{"start":{"line":24,"column":4},"end":{"line":30,"column":4}}},"2":{"name":"calculateAverageTick","line":32,"loc":{"start":{"line":32,"column":4},"end":{"line":34,"column":4}}},"3":{"name":"_calculateAverageTick","line":36,"loc":{"start":{"line":36,"column":4},"end":{"line":42,"column":4}}},"4":{"name":"isPoolObservationsEnough","line":44,"loc":{"start":{"line":44,"column":4},"end":{"line":46,"column":4}}},"5":{"name":"_isPoolObservationsEnough","line":48,"loc":{"start":{"line":48,"column":4},"end":{"line":51,"column":4}}},"6":{"name":"_increaseV3Observations","line":53,"loc":{"start":{"line":53,"column":4},"end":{"line":55,"column":4}}},"7":{"name":"getSqrtPriceLimitX96","line":57,"loc":{"start":{"line":57,"column":4},"end":{"line":59,"column":4}}}},"statementMap":{"1":{"start":{"line":25,"column":8},"end":{"line":25,"column":1035}},"2":{"start":{"line":26,"column":12},"end":{"line":26,"column":49}},"3":{"start":{"line":27,"column":12},"end":{"line":27,"column":29}},"4":{"start":{"line":29,"column":8},"end":{"line":29,"column":50}},"5":{"start":{"line":33,"column":8},"end":{"line":33,"column":42}},"6":{"start":{"line":37,"column":8},"end":{"line":37,"column":53}},"7":{"start":{"line":38,"column":8},"end":{"line":38,"column":25}},"8":{"start":{"line":39,"column":8},"end":{"line":39,"column":54}},"9":{"start":{"line":40,"column":8},"end":{"line":40,"column":69}},"10":{"start":{"line":41,"column":8},"end":{"line":41,"column":97}},"11":{"start":{"line":45,"column":8},"end":{"line":45,"column":46}},"12":{"start":{"line":49,"column":8},"end":{"line":49,"column":55}},"13":{"start":{"line":50,"column":8},"end":{"line":50,"column":54}},"14":{"start":{"line":54,"column":8},"end":{"line":54,"column":85}},"15":{"start":{"line":58,"column":8},"end":{"line":58,"column":85}}},"branchMap":{"1":{"line":25,"type":"if","locations":[{"start":{"line":25,"column":8},"end":{"line":25,"column":8}},{"start":{"line":25,"column":8},"end":{"line":25,"column":8}}]}}},"contracts\\base\\PoolsharkHedgePoolEvents.sol":{"l":{},"path":"C:\\Users\\mikeb\\git\\v1-protocol\\contracts\\base\\PoolsharkHedgePoolEvents.sol","s":{},"b":{},"f":{},"fnMap":{},"statementMap":{},"branchMap":{}},"contracts\\base\\PoolsharkHedgePoolStorage.sol":{"l":{},"path":"C:\\Users\\mikeb\\git\\v1-protocol\\contracts\\base\\PoolsharkHedgePoolStorage.sol","s":{},"b":{},"f":{},"fnMap":{},"statementMap":{},"branchMap":{}},"contracts\\base\\PoolsharkHedgePoolView.sol":{"l":{},"path":"C:\\Users\\mikeb\\git\\v1-protocol\\contracts\\base\\PoolsharkHedgePoolView.sol","s":{},"b":{},"f":{},"fnMap":{},"statementMap":{},"branchMap":{}},"contracts\\interfaces\\IConcentratedFactory.sol":{"l":{},"path":"C:\\Users\\mikeb\\git\\v1-protocol\\contracts\\interfaces\\IConcentratedFactory.sol","s":{},"b":{},"f":{},"fnMap":{},"statementMap":{},"branchMap":{}},"contracts\\interfaces\\IConcentratedPool.sol":{"l":{},"path":"C:\\Users\\mikeb\\git\\v1-protocol\\contracts\\interfaces\\IConcentratedPool.sol","s":{},"b":{},"f":{},"fnMap":{},"statementMap":{},"branchMap":{}},"contracts\\interfaces\\IERC20.sol":{"l":{},"path":"C:\\Users\\mikeb\\git\\v1-protocol\\contracts\\interfaces\\IERC20.sol","s":{},"b":{},"f":{},"fnMap":{},"statementMap":{},"branchMap":{}},"contracts\\interfaces\\IPoolsharkHedgePool.sol":{"l":{},"path":"C:\\Users\\mikeb\\git\\v1-protocol\\contracts\\interfaces\\IPoolsharkHedgePool.sol","s":{},"b":{},"f":{},"fnMap":{},"statementMap":{},"branchMap":{}},"contracts\\interfaces\\IPoolsharkHedgePoolFactory.sol":{"l":{},"path":"C:\\Users\\mikeb\\git\\v1-protocol\\contracts\\interfaces\\IPoolsharkHedgePoolFactory.sol","s":{},"b":{},"f":{},"fnMap":{},"statementMap":{},"branchMap":{}},"contracts\\interfaces\\IPoolsharkHedgePoolStructs.sol":{"l":{},"path":"C:\\Users\\mikeb\\git\\v1-protocol\\contracts\\interfaces\\IPoolsharkHedgePoolStructs.sol","s":{},"b":{},"f":{},"fnMap":{},"statementMap":{},"branchMap":{}},"contracts\\interfaces\\IPoolsharkUtils.sol":{"l":{},"path":"C:\\Users\\mikeb\\git\\v1-protocol\\contracts\\interfaces\\IPoolsharkUtils.sol","s":{},"b":{},"f":{},"fnMap":{},"statementMap":{},"branchMap":{}},"contracts\\interfaces\\IPositionManager.sol":{"l":{},"path":"C:\\Users\\mikeb\\git\\v1-protocol\\contracts\\interfaces\\IPositionManager.sol","s":{},"b":{},"f":{},"fnMap":{},"statementMap":{},"branchMap":{}},"contracts\\interfaces\\utils\\IDyDxMath.sol":{"l":{},"path":"C:\\Users\\mikeb\\git\\v1-protocol\\contracts\\interfaces\\utils\\IDyDxMath.sol","s":{},"b":{},"f":{},"fnMap":{},"statementMap":{},"branchMap":{}},"contracts\\interfaces\\utils\\IFullPrecisionMath.sol":{"l":{},"path":"C:\\Users\\mikeb\\git\\v1-protocol\\contracts\\interfaces\\utils\\IFullPrecisionMath.sol","s":{},"b":{},"f":{},"fnMap":{},"statementMap":{},"branchMap":{}},"contracts\\interfaces\\utils\\IMathUtils.sol":{"l":{},"path":"C:\\Users\\mikeb\\git\\v1-protocol\\contracts\\interfaces\\utils\\IMathUtils.sol","s":{},"b":{},"f":{},"fnMap":{},"statementMap":{},"branchMap":{}},"contracts\\interfaces\\utils\\IRebaseLibrary.sol":{"l":{},"path":"C:\\Users\\mikeb\\git\\v1-protocol\\contracts\\interfaces\\utils\\IRebaseLibrary.sol","s":{},"b":{},"f":{},"fnMap":{},"statementMap":{},"branchMap":{}},"contracts\\interfaces\\utils\\ISafeCast.sol":{"l":{},"path":"C:\\Users\\mikeb\\git\\v1-protocol\\contracts\\interfaces\\utils\\ISafeCast.sol","s":{},"b":{},"f":{},"fnMap":{},"statementMap":{},"branchMap":{}},"contracts\\interfaces\\utils\\ISwapLib.sol":{"l":{},"path":"C:\\Users\\mikeb\\git\\v1-protocol\\contracts\\interfaces\\utils\\ISwapLib.sol","s":{},"b":{},"f":{},"fnMap":{},"statementMap":{},"branchMap":{}},"contracts\\interfaces\\utils\\ITwapOracle.sol":{"l":{},"path":"C:\\Users\\mikeb\\git\\v1-protocol\\contracts\\interfaces\\utils\\ITwapOracle.sol","s":{},"b":{},"f":{},"fnMap":{},"statementMap":{},"branchMap":{}},"contracts\\interfaces\\utils\\IUnsafeMath.sol":{"l":{},"path":"C:\\Users\\mikeb\\git\\v1-protocol\\contracts\\interfaces\\utils\\IUnsafeMath.sol","s":{},"b":{},"f":{},"fnMap":{},"statementMap":{},"branchMap":{}},"contracts\\libraries\\DyDxMath.sol":{"l":{"16":7,"25":5,"34":7,"35":7,"36":0,"38":7,"49":5,"50":5,"51":0,"53":5,"65":5,"66":5,"67":5,"69":0,"75":0,"76":0,"88":0,"91":0,"94":0,"97":0,"98":0,"100":0,"101":0},"path":"C:\\Users\\mikeb\\git\\v1-protocol\\contracts\\libraries\\DyDxMath.sol","s":{"1":7,"2":5,"3":7,"4":0,"5":7,"6":5,"7":0,"8":5,"9":5,"10":5,"11":0,"12":0,"13":0,"14":0,"15":0,"16":0,"17":0,"18":0,"19":0,"20":0,"21":0,"22":0},"b":{"1":[0,7],"2":[0,5],"3":[5,0],"4":[0,0],"5":[0,0],"6":[0,0]},"f":{"1":7,"2":5,"3":7,"4":5,"5":5,"6":0},"fnMap":{"1":{"name":"getDy","line":10,"loc":{"start":{"line":10,"column":4},"end":{"line":17,"column":4}}},"2":{"name":"getDx","line":19,"loc":{"start":{"line":19,"column":4},"end":{"line":26,"column":4}}},"3":{"name":"_getDy","line":28,"loc":{"start":{"line":28,"column":4},"end":{"line":41,"column":4}}},"4":{"name":"_getDx","line":43,"loc":{"start":{"line":43,"column":4},"end":{"line":56,"column":4}}},"5":{"name":"getLiquidityForAmounts","line":58,"loc":{"start":{"line":58,"column":4},"end":{"line":79,"column":4}}},"6":{"name":"getAmountsForLiquidity","line":81,"loc":{"start":{"line":81,"column":4},"end":{"line":102,"column":4}}}},"statementMap":{"1":{"start":{"line":16,"column":8},"end":{"line":16,"column":65}},"2":{"start":{"line":25,"column":8},"end":{"line":25,"column":65}},"3":{"start":{"line":35,"column":12},"end":{"line":35,"column":957}},"4":{"start":{"line":36,"column":16},"end":{"line":36,"column":119}},"5":{"start":{"line":38,"column":16},"end":{"line":38,"column":109}},"6":{"start":{"line":50,"column":12},"end":{"line":50,"column":1473}},"7":{"start":{"line":51,"column":16},"end":{"line":51,"column":153}},"8":{"start":{"line":53,"column":16},"end":{"line":53,"column":111}},"9":{"start":{"line":66,"column":12},"end":{"line":66,"column":2070}},"10":{"start":{"line":67,"column":16},"end":{"line":67,"column":109}},"11":{"start":{"line":68,"column":19},"end":{"line":68,"column":2237}},"12":{"start":{"line":69,"column":16},"end":{"line":69,"column":2292}},"13":{"start":{"line":75,"column":16},"end":{"line":75,"column":121}},"14":{"start":{"line":76,"column":16},"end":{"line":76,"column":37}},"15":{"start":{"line":88,"column":8},"end":{"line":88,"column":3002}},"16":{"start":{"line":91,"column":12},"end":{"line":91,"column":91}},"17":{"start":{"line":92,"column":15},"end":{"line":92,"column":3246}},"18":{"start":{"line":94,"column":12},"end":{"line":94,"column":91}},"19":{"start":{"line":97,"column":12},"end":{"line":97,"column":93}},"20":{"start":{"line":98,"column":12},"end":{"line":98,"column":93}},"21":{"start":{"line":100,"column":8},"end":{"line":100,"column":59}},"22":{"start":{"line":101,"column":8},"end":{"line":101,"column":59}}},"branchMap":{"1":{"line":35,"type":"if","locations":[{"start":{"line":35,"column":12},"end":{"line":35,"column":12}},{"start":{"line":35,"column":12},"end":{"line":35,"column":12}}]},"2":{"line":50,"type":"if","locations":[{"start":{"line":50,"column":12},"end":{"line":50,"column":12}},{"start":{"line":50,"column":12},"end":{"line":50,"column":12}}]},"3":{"line":66,"type":"if","locations":[{"start":{"line":66,"column":12},"end":{"line":66,"column":12}},{"start":{"line":66,"column":12},"end":{"line":66,"column":12}}]},"4":{"line":68,"type":"if","locations":[{"start":{"line":68,"column":19},"end":{"line":68,"column":19}},{"start":{"line":68,"column":19},"end":{"line":68,"column":19}}]},"5":{"line":88,"type":"if","locations":[{"start":{"line":88,"column":8},"end":{"line":88,"column":8}},{"start":{"line":88,"column":8},"end":{"line":88,"column":8}}]},"6":{"line":92,"type":"if","locations":[{"start":{"line":92,"column":15},"end":{"line":92,"column":15}},{"start":{"line":92,"column":15},"end":{"line":92,"column":15}}]}}},"contracts\\libraries\\FullPrecisionMath.sol":{"l":{"12":17,"17":0,"27":0,"41":17,"47":17,"48":17,"49":17,"55":17,"56":17,"57":17,"60":17,"64":0,"70":0,"71":0,"75":0,"82":0,"84":0,"88":0,"94":0,"97":0,"103":0,"107":0,"108":0,"109":0,"110":0,"111":0,"112":0,"119":0,"120":0,"134":0,"135":0,"136":0,"137":0,"138":0},"path":"C:\\Users\\mikeb\\git\\v1-protocol\\contracts\\libraries\\FullPrecisionMath.sol","s":{"1":17,"2":0,"3":17,"4":17,"5":17,"6":17,"7":17,"8":0,"9":0,"10":0,"11":0,"12":0,"13":0,"14":0,"15":0,"16":0,"17":0,"18":0,"19":0,"20":0,"21":0,"22":0,"23":0},"b":{"1":[17,0],"2":[17,0],"3":[0,0],"4":[0,0],"5":[0,0]},"f":{"1":17,"2":0,"3":0,"4":17,"5":0},"fnMap":{"1":{"name":"mulDiv","line":7,"loc":{"start":{"line":7,"column":4},"end":{"line":13,"column":4}}},"2":{"name":"divRoundingUp","line":16,"loc":{"start":{"line":16,"column":4},"end":{"line":20,"column":4}}},"3":{"name":"mulDivRoundingUp","line":22,"loc":{"start":{"line":22,"column":4},"end":{"line":28,"column":4}}},"4":{"name":"_mulDiv","line":36,"loc":{"start":{"line":36,"column":4},"end":{"line":122,"column":4}}},"5":{"name":"_mulDivRoundingUp","line":129,"loc":{"start":{"line":129,"column":4},"end":{"line":141,"column":4}}}},"statementMap":{"1":{"start":{"line":12,"column":8},"end":{"line":12,"column":41}},"2":{"start":{"line":27,"column":8},"end":{"line":27,"column":51}},"3":{"start":{"line":47,"column":12},"end":{"line":47,"column":25}},"4":{"start":{"line":48,"column":12},"end":{"line":48,"column":25}},"5":{"start":{"line":55,"column":12},"end":{"line":55,"column":2155}},"6":{"start":{"line":56,"column":16},"end":{"line":56,"column":39}},"7":{"start":{"line":60,"column":16},"end":{"line":60,"column":29}},"8":{"start":{"line":64,"column":12},"end":{"line":64,"column":39}},"9":{"start":{"line":70,"column":12},"end":{"line":70,"column":29}},"10":{"start":{"line":82,"column":12},"end":{"line":82,"column":70}},"11":{"start":{"line":97,"column":12},"end":{"line":97,"column":32}},"12":{"start":{"line":103,"column":12},"end":{"line":103,"column":47}},"13":{"start":{"line":107,"column":12},"end":{"line":107,"column":39}},"14":{"start":{"line":108,"column":12},"end":{"line":108,"column":39}},"15":{"start":{"line":109,"column":12},"end":{"line":109,"column":39}},"16":{"start":{"line":110,"column":12},"end":{"line":110,"column":39}},"17":{"start":{"line":111,"column":12},"end":{"line":111,"column":39}},"18":{"start":{"line":112,"column":12},"end":{"line":112,"column":39}},"19":{"start":{"line":119,"column":12},"end":{"line":119,"column":31}},"20":{"start":{"line":120,"column":12},"end":{"line":120,"column":25}},"21":{"start":{"line":134,"column":8},"end":{"line":134,"column":42}},"22":{"start":{"line":136,"column":12},"end":{"line":136,"column":6017}},"23":{"start":{"line":137,"column":16},"end":{"line":137,"column":50}}},"branchMap":{"1":{"line":55,"type":"if","locations":[{"start":{"line":55,"column":12},"end":{"line":55,"column":12}},{"start":{"line":55,"column":12},"end":{"line":55,"column":12}}]},"2":{"line":56,"type":"if","locations":[{"start":{"line":56,"column":16},"end":{"line":56,"column":16}},{"start":{"line":56,"column":16},"end":{"line":56,"column":16}}]},"3":{"line":64,"type":"if","locations":[{"start":{"line":64,"column":12},"end":{"line":64,"column":12}},{"start":{"line":64,"column":12},"end":{"line":64,"column":12}}]},"4":{"line":136,"type":"if","locations":[{"start":{"line":136,"column":12},"end":{"line":136,"column":12}},{"start":{"line":136,"column":12},"end":{"line":136,"column":12}}]},"5":{"line":137,"type":"if","locations":[{"start":{"line":137,"column":16},"end":{"line":137,"column":16}},{"start":{"line":137,"column":16},"end":{"line":137,"column":16}}]}}},"contracts\\libraries\\Positions.sol":{"l":{"24":0,"35":5,"42":5,"43":5,"44":3,"45":3,"46":3,"49":2,"52":1,"56":4,"67":4,"68":4,"70":4,"71":4,"74":4,"75":4,"77":4,"88":4,"95":4,"96":4,"97":1,"100":3,"103":0,"107":3,"118":3,"133":3,"134":3,"136":3,"137":3,"139":3,"140":3,"142":3,"153":19,"166":19,"167":19,"175":2,"176":2,"179":2,"181":2,"182":2,"183":2,"184":1,"186":1,"188":1,"192":1,"194":1,"199":0,"201":0,"202":0,"204":0,"207":0,"212":0,"215":0,"216":0,"220":0,"225":0,"227":0,"242":0,"258":0,"259":0,"264":1,"266":1,"267":1,"270":1,"283":1,"284":0,"291":0,"298":1,"299":0,"300":0,"303":1,"304":1,"305":0,"316":1,"317":0,"328":0,"342":0,"344":0,"347":1,"350":1,"354":1,"357":1},"path":"C:\\Users\\mikeb\\git\\v1-protocol\\contracts\\libraries\\Positions.sol","s":{"1":0,"2":5,"3":5,"4":0,"5":5,"6":3,"7":3,"8":3,"9":2,"10":4,"11":4,"12":4,"13":4,"14":4,"15":4,"16":4,"17":4,"18":4,"19":4,"20":0,"21":4,"22":3,"23":3,"24":3,"25":3,"26":3,"27":3,"28":3,"29":3,"30":3,"31":3,"32":19,"33":19,"34":19,"35":17,"36":17,"37":2,"38":2,"39":2,"40":2,"41":2,"42":2,"43":1,"44":1,"45":1,"46":1,"47":1,"48":0,"49":0,"50":0,"51":0,"52":0,"53":0,"54":0,"55":0,"56":0,"57":0,"58":0,"59":0,"60":0,"61":0,"62":1,"63":1,"64":1,"65":1,"66":0,"67":1,"68":0,"69":1,"70":0,"71":0,"72":1,"73":0,"74":1,"75":0,"76":0,"77":0,"78":0,"79":1,"80":1,"81":1},"b":{"1":[0,5],"2":[3,2],"3":[1,1],"4":[0,4],"5":[1,3],"6":[0,3],"7":[0,19],"8":[17,2],"9":[0,2],"10":[0,2],"11":[2,0],"12":[1,1],"13":[1,0],"14":[0,0],"15":[0,0],"16":[0,0],"17":[0,0],"18":[0,0],"19":[1,0],"20":[0,1],"21":[0,1],"22":[0,1],"23":[0,1],"24":[0,1],"25":[0,0],"26":[1,0]},"f":{"1":0,"2":5,"3":4,"4":19},"fnMap":{"1":{"name":"getMaxLiquidity","line":23,"loc":{"start":{"line":23,"column":4},"end":{"line":25,"column":4}}},"2":{"name":"add","line":27,"loc":{"start":{"line":27,"column":4},"end":{"line":78,"column":4}}},"3":{"name":"remove","line":80,"loc":{"start":{"line":80,"column":4},"end":{"line":143,"column":4}}},"4":{"name":"update","line":145,"loc":{"start":{"line":145,"column":4},"end":{"line":363,"column":4}}}},"statementMap":{"1":{"start":{"line":24,"column":8},"end":{"line":24,"column":97}},"2":{"start":{"line":35,"column":8},"end":{"line":35,"column":1369}},"3":{"start":{"line":42,"column":8},"end":{"line":42,"column":40}},"4":{"start":{"line":42,"column":32},"end":{"line":42,"column":40}},"5":{"start":{"line":43,"column":8},"end":{"line":43,"column":1841}},"6":{"start":{"line":44,"column":12},"end":{"line":44,"column":38}},"7":{"start":{"line":45,"column":12},"end":{"line":45,"column":59}},"8":{"start":{"line":46,"column":12},"end":{"line":46,"column":116}},"9":{"start":{"line":49,"column":12},"end":{"line":49,"column":2195}},"10":{"start":{"line":56,"column":8},"end":{"line":56,"column":2564}},"11":{"start":{"line":67,"column":8},"end":{"line":67,"column":57}},"12":{"start":{"line":68,"column":8},"end":{"line":68,"column":57}},"13":{"start":{"line":70,"column":8},"end":{"line":70,"column":57}},"14":{"start":{"line":71,"column":8},"end":{"line":71,"column":73}},"15":{"start":{"line":74,"column":8},"end":{"line":74,"column":75}},"16":{"start":{"line":75,"column":16},"end":{"line":75,"column":89}},"17":{"start":{"line":77,"column":8},"end":{"line":77,"column":28}},"18":{"start":{"line":88,"column":8},"end":{"line":88,"column":3828}},"19":{"start":{"line":95,"column":8},"end":{"line":95,"column":40}},"20":{"start":{"line":95,"column":32},"end":{"line":95,"column":40}},"21":{"start":{"line":96,"column":8},"end":{"line":96,"column":4300}},"22":{"start":{"line":100,"column":12},"end":{"line":100,"column":4489}},"23":{"start":{"line":107,"column":8},"end":{"line":107,"column":4858}},"24":{"start":{"line":118,"column":8},"end":{"line":118,"column":5099}},"25":{"start":{"line":133,"column":8},"end":{"line":133,"column":57}},"26":{"start":{"line":134,"column":8},"end":{"line":134,"column":57}},"27":{"start":{"line":136,"column":8},"end":{"line":136,"column":57}},"28":{"start":{"line":137,"column":8},"end":{"line":137,"column":75}},"29":{"start":{"line":139,"column":8},"end":{"line":139,"column":73}},"30":{"start":{"line":140,"column":8},"end":{"line":140,"column":81}},"31":{"start":{"line":142,"column":8},"end":{"line":142,"column":28}},"32":{"start":{"line":153,"column":8},"end":{"line":153,"column":6534}},"33":{"start":{"line":166,"column":8},"end":{"line":166,"column":120}},"34":{"start":{"line":167,"column":16},"end":{"line":167,"column":7480}},"35":{"start":{"line":169,"column":12},"end":{"line":169,"column":51}},"36":{"start":{"line":169,"column":54},"end":{"line":169,"column":137}},"37":{"start":{"line":175,"column":8},"end":{"line":175,"column":87}},"38":{"start":{"line":176,"column":8},"end":{"line":176,"column":97}},"39":{"start":{"line":179,"column":8},"end":{"line":179,"column":8070}},"40":{"start":{"line":181,"column":12},"end":{"line":181,"column":38}},"41":{"start":{"line":182,"column":12},"end":{"line":182,"column":85}},"42":{"start":{"line":183,"column":12},"end":{"line":183,"column":108}},"43":{"start":{"line":186,"column":16},"end":{"line":186,"column":8637}},"44":{"start":{"line":188,"column":16},"end":{"line":188,"column":8881}},"45":{"start":{"line":188,"column":77},"end":{"line":188,"column":8941}},"46":{"start":{"line":192,"column":12},"end":{"line":192,"column":9196}},"47":{"start":{"line":194,"column":12},"end":{"line":194,"column":9439}},"48":{"start":{"line":199,"column":12},"end":{"line":199,"column":9767}},"49":{"start":{"line":201,"column":12},"end":{"line":201,"column":100}},"50":{"start":{"line":202,"column":12},"end":{"line":202,"column":10007}},"51":{"start":{"line":204,"column":16},"end":{"line":204,"column":10226}},"52":{"start":{"line":207,"column":16},"end":{"line":207,"column":10373}},"53":{"start":{"line":212,"column":12},"end":{"line":212,"column":10604}},"54":{"start":{"line":215,"column":16},"end":{"line":215,"column":72}},"55":{"start":{"line":216,"column":16},"end":{"line":216,"column":73}},"56":{"start":{"line":220,"column":12},"end":{"line":220,"column":11079}},"57":{"start":{"line":225,"column":16},"end":{"line":225,"column":87}},"58":{"start":{"line":227,"column":16},"end":{"line":227,"column":11594}},"59":{"start":{"line":242,"column":16},"end":{"line":242,"column":12227}},"60":{"start":{"line":258,"column":16},"end":{"line":258,"column":12895}},"61":{"start":{"line":259,"column":20},"end":{"line":259,"column":12998}},"62":{"start":{"line":264,"column":8},"end":{"line":264,"column":13127}},"63":{"start":{"line":266,"column":12},"end":{"line":266,"column":59}},"64":{"start":{"line":270,"column":16},"end":{"line":270,"column":13514}},"65":{"start":{"line":283,"column":16},"end":{"line":283,"column":14371}},"66":{"start":{"line":284,"column":20},"end":{"line":284,"column":14471}},"67":{"start":{"line":289,"column":23},"end":{"line":289,"column":14831}},"68":{"start":{"line":291,"column":20},"end":{"line":291,"column":14982}},"69":{"start":{"line":298,"column":16},"end":{"line":298,"column":15396}},"70":{"start":{"line":299,"column":20},"end":{"line":299,"column":67}},"71":{"start":{"line":300,"column":20},"end":{"line":300,"column":72}},"72":{"start":{"line":304,"column":16},"end":{"line":304,"column":15661}},"73":{"start":{"line":305,"column":20},"end":{"line":305,"column":15753}},"74":{"start":{"line":316,"column":8},"end":{"line":316,"column":16271}},"75":{"start":{"line":317,"column":12},"end":{"line":317,"column":16399}},"76":{"start":{"line":328,"column":12},"end":{"line":328,"column":16848}},"77":{"start":{"line":342,"column":12},"end":{"line":342,"column":17342}},"78":{"start":{"line":344,"column":16},"end":{"line":344,"column":66}},"79":{"start":{"line":347,"column":8},"end":{"line":347,"column":17515}},"80":{"start":{"line":354,"column":8},"end":{"line":354,"column":17936}},"81":{"start":{"line":357,"column":8},"end":{"line":357,"column":18049}}},"branchMap":{"1":{"line":42,"type":"if","locations":[{"start":{"line":42,"column":8},"end":{"line":42,"column":8}},{"start":{"line":42,"column":8},"end":{"line":42,"column":8}}]},"2":{"line":43,"type":"if","locations":[{"start":{"line":43,"column":8},"end":{"line":43,"column":8}},{"start":{"line":43,"column":8},"end":{"line":43,"column":8}}]},"3":{"line":49,"type":"if","locations":[{"start":{"line":49,"column":12},"end":{"line":49,"column":12}},{"start":{"line":49,"column":12},"end":{"line":49,"column":12}}]},"4":{"line":95,"type":"if","locations":[{"start":{"line":95,"column":8},"end":{"line":95,"column":8}},{"start":{"line":95,"column":8},"end":{"line":95,"column":8}}]},"5":{"line":96,"type":"if","locations":[{"start":{"line":96,"column":8},"end":{"line":96,"column":8}},{"start":{"line":96,"column":8},"end":{"line":96,"column":8}}]},"6":{"line":100,"type":"if","locations":[{"start":{"line":100,"column":12},"end":{"line":100,"column":12}},{"start":{"line":100,"column":12},"end":{"line":100,"column":12}}]},"7":{"line":166,"type":"if","locations":[{"start":{"line":166,"column":8},"end":{"line":166,"column":8}},{"start":{"line":166,"column":8},"end":{"line":166,"column":8}}]},"8":{"line":167,"type":"if","locations":[{"start":{"line":167,"column":16},"end":{"line":167,"column":16}},{"start":{"line":167,"column":16},"end":{"line":167,"column":16}}]},"9":{"line":175,"type":"if","locations":[{"start":{"line":175,"column":8},"end":{"line":175,"column":8}},{"start":{"line":175,"column":8},"end":{"line":175,"column":8}}]},"10":{"line":176,"type":"if","locations":[{"start":{"line":176,"column":8},"end":{"line":176,"column":8}},{"start":{"line":176,"column":8},"end":{"line":176,"column":8}}]},"11":{"line":179,"type":"if","locations":[{"start":{"line":179,"column":8},"end":{"line":179,"column":8}},{"start":{"line":179,"column":8},"end":{"line":179,"column":8}}]},"12":{"line":183,"type":"if","locations":[{"start":{"line":183,"column":12},"end":{"line":183,"column":12}},{"start":{"line":183,"column":12},"end":{"line":183,"column":12}}]},"13":{"line":188,"type":"if","locations":[{"start":{"line":188,"column":16},"end":{"line":188,"column":16}},{"start":{"line":188,"column":16},"end":{"line":188,"column":16}}]},"14":{"line":201,"type":"if","locations":[{"start":{"line":201,"column":12},"end":{"line":201,"column":12}},{"start":{"line":201,"column":12},"end":{"line":201,"column":12}}]},"15":{"line":202,"type":"if","locations":[{"start":{"line":202,"column":12},"end":{"line":202,"column":12}},{"start":{"line":202,"column":12},"end":{"line":202,"column":12}}]},"16":{"line":212,"type":"if","locations":[{"start":{"line":212,"column":12},"end":{"line":212,"column":12}},{"start":{"line":212,"column":12},"end":{"line":212,"column":12}}]},"17":{"line":220,"type":"if","locations":[{"start":{"line":220,"column":12},"end":{"line":220,"column":12}},{"start":{"line":220,"column":12},"end":{"line":220,"column":12}}]},"18":{"line":258,"type":"if","locations":[{"start":{"line":258,"column":16},"end":{"line":258,"column":16}},{"start":{"line":258,"column":16},"end":{"line":258,"column":16}}]},"19":{"line":264,"type":"if","locations":[{"start":{"line":264,"column":8},"end":{"line":264,"column":8}},{"start":{"line":264,"column":8},"end":{"line":264,"column":8}}]},"20":{"line":283,"type":"if","locations":[{"start":{"line":283,"column":16},"end":{"line":283,"column":16}},{"start":{"line":283,"column":16},"end":{"line":283,"column":16}}]},"21":{"line":289,"type":"if","locations":[{"start":{"line":289,"column":23},"end":{"line":289,"column":23}},{"start":{"line":289,"column":23},"end":{"line":289,"column":23}}]},"22":{"line":298,"type":"if","locations":[{"start":{"line":298,"column":16},"end":{"line":298,"column":16}},{"start":{"line":298,"column":16},"end":{"line":298,"column":16}}]},"23":{"line":304,"type":"if","locations":[{"start":{"line":304,"column":16},"end":{"line":304,"column":16}},{"start":{"line":304,"column":16},"end":{"line":304,"column":16}}]},"24":{"line":316,"type":"if","locations":[{"start":{"line":316,"column":8},"end":{"line":316,"column":8}},{"start":{"line":316,"column":8},"end":{"line":316,"column":8}}]},"25":{"line":342,"type":"if","locations":[{"start":{"line":342,"column":12},"end":{"line":342,"column":12}},{"start":{"line":342,"column":12},"end":{"line":342,"column":12}}]},"26":{"line":347,"type":"if","locations":[{"start":{"line":347,"column":8},"end":{"line":347,"column":8}},{"start":{"line":347,"column":8},"end":{"line":347,"column":8}}]}}},"contracts\\libraries\\TickMath.sol":{"l":{"21":118,"25":0,"34":118,"35":118,"36":118,"37":118,"38":118,"39":118,"40":118,"41":118,"42":118,"43":118,"44":118,"45":118,"46":118,"47":118,"48":118,"49":118,"50":118,"51":118,"52":118,"53":118,"54":118,"55":118,"56":118,"58":118,"62":118,"67":4,"77":0,"78":0,"80":0,"81":0,"83":0,"88":0,"93":0,"98":0,"103":0,"108":0,"113":0,"118":0,"122":0,"123":0,"126":0,"128":0,"134":0,"140":0,"146":0,"152":0,"158":0,"164":0,"170":0,"176":0,"182":0,"188":0,"194":0,"200":0,"206":0,"212":0,"214":0,"215":0,"217":0},"path":"C:\\Users\\mikeb\\git\\v1-protocol\\contracts\\libraries\\TickMath.sol","s":{"1":118,"2":0,"3":118,"4":118,"5":118,"6":118,"7":40,"8":118,"9":78,"10":118,"11":51,"12":118,"13":86,"14":118,"15":13,"16":118,"17":7,"18":118,"19":0,"20":118,"21":0,"22":118,"23":0,"24":118,"25":0,"26":118,"27":0,"28":118,"29":0,"30":118,"31":0,"32":118,"33":0,"34":118,"35":0,"36":118,"37":0,"38":118,"39":0,"40":118,"41":0,"42":118,"43":0,"44":118,"45":87,"46":118,"47":4,"48":0,"49":0,"50":0,"51":0,"52":0,"53":0,"54":0,"55":0,"56":0,"57":0,"58":0,"59":0},"b":{"1":[0,118],"2":[40,78],"3":[78,40],"4":[51,67],"5":[86,32],"6":[13,105],"7":[7,111],"8":[0,118],"9":[0,118],"10":[0,118],"11":[0,118],"12":[0,118],"13":[0,118],"14":[0,118],"15":[0,118],"16":[0,118],"17":[0,118],"18":[0,118],"19":[0,118],"20":[0,118],"21":[87,31],"22":[0,4],"23":[0,0],"24":[0,0]},"f":{"1":118,"2":0,"3":118,"4":4,"5":0},"fnMap":{"1":{"name":"getSqrtRatioAtTick","line":20,"loc":{"start":{"line":20,"column":4},"end":{"line":22,"column":4}}},"2":{"name":"getTickAtSqrtRatio","line":24,"loc":{"start":{"line":24,"column":4},"end":{"line":26,"column":4}}},"3":{"name":"_getSqrtRatioAtTick","line":33,"loc":{"start":{"line":33,"column":4},"end":{"line":64,"column":4}}},"4":{"name":"validatePrice","line":66,"loc":{"start":{"line":66,"column":4},"end":{"line":68,"column":4}}},"5":{"name":"_getTickAtSqrtRatio","line":75,"loc":{"start":{"line":75,"column":4},"end":{"line":219,"column":4}}}},"statementMap":{"1":{"start":{"line":21,"column":8},"end":{"line":21,"column":40}},"2":{"start":{"line":25,"column":8},"end":{"line":25,"column":48}},"3":{"start":{"line":34,"column":8},"end":{"line":34,"column":83}},"4":{"start":{"line":35,"column":8},"end":{"line":35,"column":73}},"5":{"start":{"line":37,"column":12},"end":{"line":37,"column":121}},"6":{"start":{"line":38,"column":12},"end":{"line":38,"column":95}},"7":{"start":{"line":38,"column":36},"end":{"line":38,"column":94}},"8":{"start":{"line":39,"column":12},"end":{"line":39,"column":95}},"9":{"start":{"line":39,"column":36},"end":{"line":39,"column":94}},"10":{"start":{"line":40,"column":12},"end":{"line":40,"column":95}},"11":{"start":{"line":40,"column":36},"end":{"line":40,"column":94}},"12":{"start":{"line":41,"column":12},"end":{"line":41,"column":96}},"13":{"start":{"line":41,"column":37},"end":{"line":41,"column":95}},"14":{"start":{"line":42,"column":12},"end":{"line":42,"column":96}},"15":{"start":{"line":42,"column":37},"end":{"line":42,"column":95}},"16":{"start":{"line":43,"column":12},"end":{"line":43,"column":96}},"17":{"start":{"line":43,"column":37},"end":{"line":43,"column":95}},"18":{"start":{"line":44,"column":12},"end":{"line":44,"column":96}},"19":{"start":{"line":44,"column":37},"end":{"line":44,"column":95}},"20":{"start":{"line":45,"column":12},"end":{"line":45,"column":97}},"21":{"start":{"line":45,"column":38},"end":{"line":45,"column":96}},"22":{"start":{"line":46,"column":12},"end":{"line":46,"column":97}},"23":{"start":{"line":46,"column":38},"end":{"line":46,"column":96}},"24":{"start":{"line":47,"column":12},"end":{"line":47,"column":97}},"25":{"start":{"line":47,"column":38},"end":{"line":47,"column":96}},"26":{"start":{"line":48,"column":12},"end":{"line":48,"column":97}},"27":{"start":{"line":48,"column":38},"end":{"line":48,"column":96}},"28":{"start":{"line":49,"column":12},"end":{"line":49,"column":98}},"29":{"start":{"line":49,"column":39},"end":{"line":49,"column":97}},"30":{"start":{"line":50,"column":12},"end":{"line":50,"column":98}},"31":{"start":{"line":50,"column":39},"end":{"line":50,"column":97}},"32":{"start":{"line":51,"column":12},"end":{"line":51,"column":98}},"33":{"start":{"line":51,"column":39},"end":{"line":51,"column":97}},"34":{"start":{"line":52,"column":12},"end":{"line":52,"column":98}},"35":{"start":{"line":52,"column":39},"end":{"line":52,"column":97}},"36":{"start":{"line":53,"column":12},"end":{"line":53,"column":98}},"37":{"start":{"line":53,"column":40},"end":{"line":53,"column":97}},"38":{"start":{"line":54,"column":12},"end":{"line":54,"column":97}},"39":{"start":{"line":54,"column":40},"end":{"line":54,"column":96}},"40":{"start":{"line":55,"column":12},"end":{"line":55,"column":95}},"41":{"start":{"line":55,"column":40},"end":{"line":55,"column":94}},"42":{"start":{"line":56,"column":12},"end":{"line":56,"column":90}},"43":{"start":{"line":56,"column":40},"end":{"line":56,"column":89}},"44":{"start":{"line":58,"column":12},"end":{"line":58,"column":59}},"45":{"start":{"line":58,"column":26},"end":{"line":58,"column":58}},"46":{"start":{"line":62,"column":12},"end":{"line":62,"column":83}},"47":{"start":{"line":67,"column":8},"end":{"line":67,"column":88}},"48":{"start":{"line":77,"column":8},"end":{"line":77,"column":102}},"49":{"start":{"line":78,"column":8},"end":{"line":78,"column":51}},"50":{"start":{"line":80,"column":8},"end":{"line":80,"column":25}},"51":{"start":{"line":81,"column":8},"end":{"line":81,"column":19}},"52":{"start":{"line":123,"column":12},"end":{"line":123,"column":6711}},"53":{"start":{"line":123,"column":28},"end":{"line":123,"column":51}},"54":{"start":{"line":124,"column":17},"end":{"line":124,"column":40}},"55":{"start":{"line":126,"column":12},"end":{"line":126,"column":52}},"56":{"start":{"line":212,"column":12},"end":{"line":212,"column":67}},"57":{"start":{"line":214,"column":12},"end":{"line":214,"column":97}},"58":{"start":{"line":215,"column":12},"end":{"line":215,"column":98}},"59":{"start":{"line":217,"column":12},"end":{"line":217,"column":110}}},"branchMap":{"1":{"line":35,"type":"if","locations":[{"start":{"line":35,"column":8},"end":{"line":35,"column":8}},{"start":{"line":35,"column":8},"end":{"line":35,"column":8}}]},"2":{"line":38,"type":"if","locations":[{"start":{"line":38,"column":12},"end":{"line":38,"column":12}},{"start":{"line":38,"column":12},"end":{"line":38,"column":12}}]},"3":{"line":39,"type":"if","locations":[{"start":{"line":39,"column":12},"end":{"line":39,"column":12}},{"start":{"line":39,"column":12},"end":{"line":39,"column":12}}]},"4":{"line":40,"type":"if","locations":[{"start":{"line":40,"column":12},"end":{"line":40,"column":12}},{"start":{"line":40,"column":12},"end":{"line":40,"column":12}}]},"5":{"line":41,"type":"if","locations":[{"start":{"line":41,"column":12},"end":{"line":41,"column":12}},{"start":{"line":41,"column":12},"end":{"line":41,"column":12}}]},"6":{"line":42,"type":"if","locations":[{"start":{"line":42,"column":12},"end":{"line":42,"column":12}},{"start":{"line":42,"column":12},"end":{"line":42,"column":12}}]},"7":{"line":43,"type":"if","locations":[{"start":{"line":43,"column":12},"end":{"line":43,"column":12}},{"start":{"line":43,"column":12},"end":{"line":43,"column":12}}]},"8":{"line":44,"type":"if","locations":[{"start":{"line":44,"column":12},"end":{"line":44,"column":12}},{"start":{"line":44,"column":12},"end":{"line":44,"column":12}}]},"9":{"line":45,"type":"if","locations":[{"start":{"line":45,"column":12},"end":{"line":45,"column":12}},{"start":{"line":45,"column":12},"end":{"line":45,"column":12}}]},"10":{"line":46,"type":"if","locations":[{"start":{"line":46,"column":12},"end":{"line":46,"column":12}},{"start":{"line":46,"column":12},"end":{"line":46,"column":12}}]},"11":{"line":47,"type":"if","locations":[{"start":{"line":47,"column":12},"end":{"line":47,"column":12}},{"start":{"line":47,"column":12},"end":{"line":47,"column":12}}]},"12":{"line":48,"type":"if","locations":[{"start":{"line":48,"column":12},"end":{"line":48,"column":12}},{"start":{"line":48,"column":12},"end":{"line":48,"column":12}}]},"13":{"line":49,"type":"if","locations":[{"start":{"line":49,"column":12},"end":{"line":49,"column":12}},{"start":{"line":49,"column":12},"end":{"line":49,"column":12}}]},"14":{"line":50,"type":"if","locations":[{"start":{"line":50,"column":12},"end":{"line":50,"column":12}},{"start":{"line":50,"column":12},"end":{"line":50,"column":12}}]},"15":{"line":51,"type":"if","locations":[{"start":{"line":51,"column":12},"end":{"line":51,"column":12}},{"start":{"line":51,"column":12},"end":{"line":51,"column":12}}]},"16":{"line":52,"type":"if","locations":[{"start":{"line":52,"column":12},"end":{"line":52,"column":12}},{"start":{"line":52,"column":12},"end":{"line":52,"column":12}}]},"17":{"line":53,"type":"if","locations":[{"start":{"line":53,"column":12},"end":{"line":53,"column":12}},{"start":{"line":53,"column":12},"end":{"line":53,"column":12}}]},"18":{"line":54,"type":"if","locations":[{"start":{"line":54,"column":12},"end":{"line":54,"column":12}},{"start":{"line":54,"column":12},"end":{"line":54,"column":12}}]},"19":{"line":55,"type":"if","locations":[{"start":{"line":55,"column":12},"end":{"line":55,"column":12}},{"start":{"line":55,"column":12},"end":{"line":55,"column":12}}]},"20":{"line":56,"type":"if","locations":[{"start":{"line":56,"column":12},"end":{"line":56,"column":12}},{"start":{"line":56,"column":12},"end":{"line":56,"column":12}}]},"21":{"line":58,"type":"if","locations":[{"start":{"line":58,"column":12},"end":{"line":58,"column":12}},{"start":{"line":58,"column":12},"end":{"line":58,"column":12}}]},"22":{"line":67,"type":"if","locations":[{"start":{"line":67,"column":8},"end":{"line":67,"column":8}},{"start":{"line":67,"column":8},"end":{"line":67,"column":8}}]},"23":{"line":77,"type":"if","locations":[{"start":{"line":77,"column":8},"end":{"line":77,"column":8}},{"start":{"line":77,"column":8},"end":{"line":77,"column":8}}]},"24":{"line":123,"type":"if","locations":[{"start":{"line":123,"column":12},"end":{"line":123,"column":12}},{"start":{"line":123,"column":12},"end":{"line":123,"column":12}}]}}},"contracts\\libraries\\Ticks.sol":{"l":{"27":26,"38":0,"57":14,"58":14,"60":14,"61":1,"63":13,"65":14,"66":9,"68":5,"70":14,"83":4,"84":0,"86":4,"87":0,"89":4,"90":0,"96":4,"97":4,"98":4,"104":1,"105":1,"106":0,"107":0,"109":1,"114":3,"115":0,"121":3,"132":4,"133":2,"134":2,"135":2,"139":2,"140":0,"141":0,"142":0,"143":0,"145":2,"146":2,"151":2,"156":4,"157":4,"158":4,"159":4,"163":1,"165":1,"166":0,"168":1,"169":1,"172":3,"173":0,"179":3,"186":4,"187":2,"188":2,"196":2,"200":0,"203":2,"208":2,"209":2,"224":3,"226":3,"227":3,"230":0,"231":0,"232":0,"233":0,"234":0,"236":0,"237":0,"238":0,"241":3,"242":3,"243":3,"244":0,"245":0,"247":3,"249":3,"253":3,"255":0,"256":0,"258":0,"259":0,"260":0,"262":0,"263":0,"264":0,"270":3,"271":3,"272":3,"273":0,"275":3,"276":3,"278":3,"282":3,"283":3,"297":13,"298":13,"299":13,"302":13,"305":13,"306":13,"307":13,"310":13,"312":0,"314":0,"315":0,"316":0,"318":0,"320":0,"322":0,"323":0,"324":0,"327":13,"329":1,"330":1,"332":0,"333":0,"334":0,"335":0,"337":0,"338":0,"339":0,"342":1,"343":1,"344":1,"345":1,"349":13,"361":1,"362":1,"364":1,"366":1,"368":0,"370":0,"372":0,"376":0,"378":0,"385":0,"392":0,"398":0,"408":0,"416":0,"424":0,"434":26,"435":26,"438":26,"441":26,"445":0,"448":0,"453":26,"454":26,"455":26,"456":26,"458":26,"459":26,"470":4,"473":1,"474":1,"475":1,"476":0,"478":0,"480":0,"484":1,"485":1,"486":1,"487":0,"489":0,"491":0,"509":24,"512":24,"513":22,"514":22,"517":2,"519":2,"532":2,"533":2,"534":2,"537":2,"538":2,"550":2,"551":2,"552":2,"556":2,"557":0,"582":2,"584":10,"585":9,"586":0,"600":9,"601":9,"602":9,"603":9,"619":10,"620":10,"621":10,"622":8,"636":2,"637":1,"640":2,"647":2,"648":1,"661":2,"665":2,"667":4,"668":4,"669":1,"683":4,"684":4,"685":4,"686":4,"702":4,"703":4,"704":4,"705":2,"719":2,"720":1,"723":2,"730":2,"731":1,"745":2,"752":2,"754":1,"757":1,"758":1,"759":1,"760":1,"761":1,"766":1,"767":1,"770":1,"771":1,"773":1,"774":1,"776":1,"777":1,"782":1,"785":1,"790":1,"791":1,"794":1,"795":1,"796":1,"797":1,"798":1,"801":2,"802":2,"803":2,"804":2,"805":2,"806":2,"807":2},"path":"C:\\Users\\mikeb\\git\\v1-protocol\\contracts\\libraries\\Ticks.sol","s":{"1":26,"2":0,"3":14,"4":14,"5":14,"6":1,"7":13,"8":14,"9":9,"10":5,"11":14,"12":4,"13":4,"14":4,"15":4,"16":4,"17":4,"18":1,"19":1,"20":0,"21":0,"22":1,"23":3,"24":0,"25":3,"26":4,"27":2,"28":2,"29":2,"30":2,"31":0,"32":2,"33":0,"34":0,"35":0,"36":2,"37":2,"38":2,"39":4,"40":4,"41":4,"42":4,"43":1,"44":1,"45":0,"46":1,"47":1,"48":3,"49":0,"50":3,"51":4,"52":2,"53":2,"54":2,"55":2,"56":2,"57":2,"58":2,"59":3,"60":3,"61":3,"62":0,"63":0,"64":0,"65":0,"66":0,"67":0,"68":0,"69":0,"70":3,"71":3,"72":3,"73":0,"74":0,"75":3,"76":3,"77":3,"78":0,"79":0,"80":0,"81":0,"82":0,"83":0,"84":0,"85":0,"86":3,"87":3,"88":3,"89":0,"90":3,"91":3,"92":3,"93":3,"94":3,"95":13,"96":13,"97":13,"98":13,"99":13,"100":13,"101":13,"102":13,"103":0,"104":0,"105":0,"106":0,"107":0,"108":0,"109":0,"110":0,"111":0,"112":13,"113":1,"114":1,"115":0,"116":0,"117":0,"118":0,"119":0,"120":0,"121":0,"122":1,"123":1,"124":1,"125":1,"126":13,"127":1,"128":0,"129":1,"130":1,"131":1,"132":0,"133":0,"134":0,"135":0,"136":0,"137":0,"138":0,"139":0,"140":0,"141":0,"142":0,"143":0,"144":0,"145":26,"146":26,"147":26,"148":26,"149":0,"150":0,"151":0,"152":26,"153":26,"154":26,"155":26,"156":26,"157":26,"158":4,"159":3,"160":1,"161":1,"162":1,"163":0,"164":0,"165":1,"166":1,"167":1,"168":1,"169":0,"170":0,"171":1,"172":24,"173":24,"174":22,"175":22,"176":2,"177":2,"178":2,"179":2,"180":2,"181":2,"182":2,"183":2,"184":2,"185":2,"186":2,"187":0,"188":2,"189":10,"190":9,"191":0,"192":9,"193":9,"194":9,"195":9,"196":10,"197":10,"198":10,"199":8,"200":2,"201":1,"202":2,"203":2,"204":1,"205":2,"206":4,"207":4,"208":1,"209":4,"210":4,"211":4,"212":4,"213":4,"214":4,"215":4,"216":2,"217":2,"218":1,"219":2,"220":2,"221":1,"222":2,"223":1,"224":1,"225":1,"226":1,"227":1,"228":1,"229":1,"230":1,"231":1,"232":1,"233":1,"234":1,"235":1,"236":1,"237":1,"238":1,"239":1,"240":1,"241":1,"242":1,"243":1,"244":1,"245":1,"246":1,"247":2,"248":2,"249":2,"250":2,"251":2,"252":2,"253":2},"b":{"1":[1,13],"2":[9,5],"3":[0,4],"4":[0,4],"5":[0,4],"6":[1,3],"7":[0,1],"8":[0,3],"9":[2,2],"10":[2,0],"11":[0,2],"12":[1,3],"13":[0,1],"14":[0,3],"15":[2,2],"16":[2,0],"17":[0,2],"18":[0,3],"19":[0,0],"20":[3,0],"21":[0,3],"22":[0,3],"23":[0,0],"24":[3,0],"25":[0,3],"26":[13,0],"27":[0,13],"28":[0,0],"29":[1,12],"30":[0,1],"31":[0,0],"32":[0,1],"33":[1,0],"34":[0,0],"35":[0,0],"36":[26,0],"37":[0,0],"38":[3,1],"39":[0,1],"40":[0,1],"41":[0,1],"42":[0,1],"43":[22,2],"44":[9,1],"45":[0,9],"46":[8,2],"47":[1,1],"48":[1,1],"49":[4,0],"50":[1,3],"51":[2,2],"52":[1,1],"53":[1,1],"54":[1,1],"55":[1,0],"56":[1,0],"57":[1,0]},"f":{"1":26,"2":0,"3":14,"4":4,"5":3,"6":13,"7":1,"8":26,"9":4,"10":24},"fnMap":{"1":{"name":"getMaxLiquidity","line":26,"loc":{"start":{"line":26,"column":4},"end":{"line":28,"column":4}}},"2":{"name":"cross","line":30,"loc":{"start":{"line":30,"column":4},"end":{"line":46,"column":4}}},"3":{"name":"_cross","line":49,"loc":{"start":{"line":49,"column":4},"end":{"line":71,"column":4}}},"4":{"name":"insert","line":73,"loc":{"start":{"line":73,"column":4},"end":{"line":211,"column":4}}},"5":{"name":"remove","line":213,"loc":{"start":{"line":213,"column":4},"end":{"line":284,"column":4}}},"6":{"name":"_accumulate","line":286,"loc":{"start":{"line":286,"column":4},"end":{"line":350,"column":4}}},"7":{"name":"_rollover","line":352,"loc":{"start":{"line":352,"column":4},"end":{"line":425,"column":4}}},"8":{"name":"initialize","line":427,"loc":{"start":{"line":427,"column":4},"end":{"line":460,"column":4}}},"9":{"name":"_updateAmountDeltas","line":462,"loc":{"start":{"line":462,"column":4},"end":{"line":493,"column":4}}},"10":{"name":"accumulateLastBlock","line":496,"loc":{"start":{"line":496,"column":4},"end":{"line":808,"column":4}}}},"statementMap":{"1":{"start":{"line":27,"column":8},"end":{"line":27,"column":97}},"2":{"start":{"line":38,"column":8},"end":{"line":38,"column":1303}},"3":{"start":{"line":57,"column":8},"end":{"line":57,"column":36}},"4":{"start":{"line":58,"column":8},"end":{"line":58,"column":69}},"5":{"start":{"line":60,"column":8},"end":{"line":60,"column":2019}},"6":{"start":{"line":61,"column":12},"end":{"line":61,"column":54}},"7":{"start":{"line":63,"column":12},"end":{"line":63,"column":55}},"8":{"start":{"line":65,"column":8},"end":{"line":65,"column":2199}},"9":{"start":{"line":66,"column":12},"end":{"line":66,"column":68}},"10":{"start":{"line":68,"column":12},"end":{"line":68,"column":64}},"11":{"start":{"line":70,"column":8},"end":{"line":70,"column":63}},"12":{"start":{"line":83,"column":8},"end":{"line":83,"column":2853}},"13":{"start":{"line":86,"column":8},"end":{"line":86,"column":2957}},"14":{"start":{"line":89,"column":8},"end":{"line":89,"column":3053}},"15":{"start":{"line":96,"column":8},"end":{"line":96,"column":38}},"16":{"start":{"line":97,"column":8},"end":{"line":97,"column":50}},"17":{"start":{"line":98,"column":8},"end":{"line":98,"column":3454}},"18":{"start":{"line":104,"column":12},"end":{"line":104,"column":36}},"19":{"start":{"line":105,"column":12},"end":{"line":105,"column":3748}},"20":{"start":{"line":106,"column":16},"end":{"line":106,"column":65}},"21":{"start":{"line":107,"column":16},"end":{"line":107,"column":57}},"22":{"start":{"line":109,"column":16},"end":{"line":109,"column":65}},"23":{"start":{"line":114,"column":12},"end":{"line":114,"column":4158}},"24":{"start":{"line":115,"column":16},"end":{"line":115,"column":4194}},"25":{"start":{"line":121,"column":16},"end":{"line":121,"column":4397}},"26":{"start":{"line":132,"column":8},"end":{"line":132,"column":4737}},"27":{"start":{"line":133,"column":20},"end":{"line":133,"column":44}},"28":{"start":{"line":134,"column":12},"end":{"line":134,"column":60}},"29":{"start":{"line":135,"column":12},"end":{"line":135,"column":5012}},"30":{"start":{"line":135,"column":39},"end":{"line":135,"column":57}},"31":{"start":{"line":137,"column":19},"end":{"line":137,"column":61}},"32":{"start":{"line":139,"column":12},"end":{"line":139,"column":5168}},"33":{"start":{"line":140,"column":16},"end":{"line":140,"column":40}},"34":{"start":{"line":141,"column":16},"end":{"line":141,"column":59}},"35":{"start":{"line":142,"column":16},"end":{"line":142,"column":63}},"36":{"start":{"line":145,"column":12},"end":{"line":145,"column":38}},"37":{"start":{"line":146,"column":12},"end":{"line":146,"column":5506}},"38":{"start":{"line":151,"column":12},"end":{"line":151,"column":47}},"39":{"start":{"line":156,"column":16},"end":{"line":156,"column":40}},"40":{"start":{"line":157,"column":8},"end":{"line":157,"column":52}},"41":{"start":{"line":158,"column":8},"end":{"line":158,"column":48}},"42":{"start":{"line":159,"column":8},"end":{"line":159,"column":6026}},"43":{"start":{"line":163,"column":12},"end":{"line":163,"column":42}},"44":{"start":{"line":165,"column":12},"end":{"line":165,"column":6303}},"45":{"start":{"line":166,"column":16},"end":{"line":166,"column":65}},"46":{"start":{"line":168,"column":16},"end":{"line":168,"column":65}},"47":{"start":{"line":169,"column":16},"end":{"line":169,"column":57}},"48":{"start":{"line":172,"column":12},"end":{"line":172,"column":6585}},"49":{"start":{"line":173,"column":16},"end":{"line":173,"column":6621}},"50":{"start":{"line":179,"column":16},"end":{"line":179,"column":6818}},"51":{"start":{"line":186,"column":8},"end":{"line":186,"column":7009}},"52":{"start":{"line":187,"column":12},"end":{"line":187,"column":64}},"53":{"start":{"line":188,"column":12},"end":{"line":188,"column":56}},"54":{"start":{"line":188,"column":37},"end":{"line":188,"column":55}},"55":{"start":{"line":196,"column":12},"end":{"line":196,"column":7658}},"56":{"start":{"line":203,"column":12},"end":{"line":203,"column":7911}},"57":{"start":{"line":208,"column":12},"end":{"line":208,"column":50}},"58":{"start":{"line":209,"column":12},"end":{"line":209,"column":51}},"59":{"start":{"line":224,"column":8},"end":{"line":224,"column":36}},"60":{"start":{"line":226,"column":8},"end":{"line":226,"column":36}},"61":{"start":{"line":227,"column":8},"end":{"line":227,"column":8796}},"62":{"start":{"line":230,"column":12},"end":{"line":230,"column":58}},"63":{"start":{"line":231,"column":12},"end":{"line":231,"column":54}},"64":{"start":{"line":232,"column":12},"end":{"line":232,"column":8991}},"65":{"start":{"line":233,"column":16},"end":{"line":233,"column":50}},"66":{"start":{"line":234,"column":16},"end":{"line":234,"column":54}},"67":{"start":{"line":236,"column":16},"end":{"line":236,"column":63}},"68":{"start":{"line":237,"column":16},"end":{"line":237,"column":80}},"69":{"start":{"line":238,"column":16},"end":{"line":238,"column":63}},"70":{"start":{"line":241,"column":8},"end":{"line":241,"column":9413}},"71":{"start":{"line":242,"column":24},"end":{"line":242,"column":57}},"72":{"start":{"line":243,"column":12},"end":{"line":243,"column":9510}},"73":{"start":{"line":244,"column":16},"end":{"line":244,"column":60}},"74":{"start":{"line":245,"column":16},"end":{"line":245,"column":57}},"75":{"start":{"line":247,"column":16},"end":{"line":247,"column":60}},"76":{"start":{"line":249,"column":24},"end":{"line":249,"column":57}},"77":{"start":{"line":253,"column":8},"end":{"line":253,"column":9944}},"78":{"start":{"line":255,"column":12},"end":{"line":255,"column":58}},"79":{"start":{"line":256,"column":12},"end":{"line":256,"column":54}},"80":{"start":{"line":258,"column":12},"end":{"line":258,"column":10139}},"81":{"start":{"line":259,"column":16},"end":{"line":259,"column":50}},"82":{"start":{"line":260,"column":16},"end":{"line":260,"column":54}},"83":{"start":{"line":262,"column":16},"end":{"line":262,"column":67}},"84":{"start":{"line":263,"column":16},"end":{"line":263,"column":55}},"85":{"start":{"line":264,"column":16},"end":{"line":264,"column":59}},"86":{"start":{"line":270,"column":8},"end":{"line":270,"column":10721}},"87":{"start":{"line":271,"column":36},"end":{"line":271,"column":69}},"88":{"start":{"line":272,"column":12},"end":{"line":272,"column":10830}},"89":{"start":{"line":273,"column":16},"end":{"line":273,"column":60}},"90":{"start":{"line":275,"column":16},"end":{"line":275,"column":60}},"91":{"start":{"line":276,"column":16},"end":{"line":276,"column":57}},"92":{"start":{"line":278,"column":48},"end":{"line":278,"column":81}},"93":{"start":{"line":282,"column":8},"end":{"line":282,"column":54}},"94":{"start":{"line":283,"column":8},"end":{"line":283,"column":54}},"95":{"start":{"line":297,"column":8},"end":{"line":297,"column":49}},"96":{"start":{"line":298,"column":8},"end":{"line":298,"column":61}},"97":{"start":{"line":299,"column":8},"end":{"line":299,"column":61}},"98":{"start":{"line":302,"column":8},"end":{"line":302,"column":61}},"99":{"start":{"line":305,"column":8},"end":{"line":305,"column":12144}},"100":{"start":{"line":306,"column":12},"end":{"line":306,"column":52}},"101":{"start":{"line":307,"column":12},"end":{"line":307,"column":57}},"102":{"start":{"line":310,"column":8},"end":{"line":310,"column":12341}},"103":{"start":{"line":312,"column":12},"end":{"line":312,"column":12545}},"104":{"start":{"line":314,"column":12},"end":{"line":314,"column":76}},"105":{"start":{"line":315,"column":12},"end":{"line":315,"column":63}},"106":{"start":{"line":316,"column":12},"end":{"line":316,"column":46}},"107":{"start":{"line":318,"column":12},"end":{"line":318,"column":12929}},"108":{"start":{"line":320,"column":16},"end":{"line":320,"column":13139}},"109":{"start":{"line":322,"column":16},"end":{"line":322,"column":82}},"110":{"start":{"line":323,"column":16},"end":{"line":323,"column":68}},"111":{"start":{"line":324,"column":16},"end":{"line":324,"column":60}},"112":{"start":{"line":327,"column":8},"end":{"line":327,"column":13494}},"113":{"start":{"line":329,"column":12},"end":{"line":329,"column":84}},"114":{"start":{"line":330,"column":12},"end":{"line":330,"column":13683}},"115":{"start":{"line":332,"column":16},"end":{"line":332,"column":76}},"116":{"start":{"line":333,"column":16},"end":{"line":333,"column":77}},"117":{"start":{"line":334,"column":16},"end":{"line":334,"column":111}},"118":{"start":{"line":335,"column":16},"end":{"line":335,"column":14046}},"119":{"start":{"line":337,"column":20},"end":{"line":337,"column":128}},"120":{"start":{"line":338,"column":20},"end":{"line":338,"column":93}},"121":{"start":{"line":339,"column":20},"end":{"line":339,"column":91}},"122":{"start":{"line":342,"column":16},"end":{"line":342,"column":75}},"123":{"start":{"line":343,"column":16},"end":{"line":343,"column":77}},"124":{"start":{"line":344,"column":16},"end":{"line":344,"column":32}},"125":{"start":{"line":345,"column":16},"end":{"line":345,"column":33}},"126":{"start":{"line":349,"column":8},"end":{"line":349,"column":46}},"127":{"start":{"line":361,"column":8},"end":{"line":361,"column":73}},"128":{"start":{"line":361,"column":35},"end":{"line":361,"column":73}},"129":{"start":{"line":362,"column":8},"end":{"line":362,"column":72}},"130":{"start":{"line":364,"column":8},"end":{"line":364,"column":15420}},"131":{"start":{"line":366,"column":12},"end":{"line":366,"column":50}},"132":{"start":{"line":368,"column":8},"end":{"line":368,"column":73}},"133":{"start":{"line":370,"column":8},"end":{"line":370,"column":15640}},"134":{"start":{"line":372,"column":12},"end":{"line":372,"column":36}},"135":{"start":{"line":375,"column":8},"end":{"line":375,"column":32}},"136":{"start":{"line":375,"column":34},"end":{"line":375,"column":59}},"137":{"start":{"line":376,"column":8},"end":{"line":376,"column":15852}},"138":{"start":{"line":378,"column":12},"end":{"line":378,"column":15919}},"139":{"start":{"line":385,"column":12},"end":{"line":385,"column":16135}},"140":{"start":{"line":392,"column":12},"end":{"line":392,"column":16334}},"141":{"start":{"line":398,"column":12},"end":{"line":398,"column":16516}},"142":{"start":{"line":408,"column":8},"end":{"line":408,"column":16855}},"143":{"start":{"line":416,"column":8},"end":{"line":416,"column":17306}},"144":{"start":{"line":424,"column":8},"end":{"line":424,"column":46}},"145":{"start":{"line":434,"column":8},"end":{"line":434,"column":18095}},"146":{"start":{"line":435,"column":12},"end":{"line":435,"column":18186}},"147":{"start":{"line":438,"column":12},"end":{"line":438,"column":18342}},"148":{"start":{"line":441,"column":12},"end":{"line":441,"column":18498}},"149":{"start":{"line":444,"column":15},"end":{"line":444,"column":18653}},"150":{"start":{"line":445,"column":12},"end":{"line":445,"column":18744}},"151":{"start":{"line":448,"column":12},"end":{"line":448,"column":18907}},"152":{"start":{"line":453,"column":8},"end":{"line":453,"column":37}},"153":{"start":{"line":454,"column":8},"end":{"line":454,"column":44}},"154":{"start":{"line":455,"column":8},"end":{"line":455,"column":44}},"155":{"start":{"line":456,"column":8},"end":{"line":456,"column":44}},"156":{"start":{"line":458,"column":8},"end":{"line":458,"column":60}},"157":{"start":{"line":459,"column":8},"end":{"line":459,"column":32}},"158":{"start":{"line":470,"column":8},"end":{"line":470,"column":41}},"159":{"start":{"line":470,"column":35},"end":{"line":470,"column":41}},"160":{"start":{"line":473,"column":8},"end":{"line":473,"column":119}},"161":{"start":{"line":474,"column":8},"end":{"line":474,"column":77}},"162":{"start":{"line":475,"column":8},"end":{"line":475,"column":20177}},"163":{"start":{"line":476,"column":12},"end":{"line":476,"column":20298}},"164":{"start":{"line":478,"column":12},"end":{"line":478,"column":62}},"165":{"start":{"line":479,"column":15},"end":{"line":479,"column":20494}},"166":{"start":{"line":484,"column":8},"end":{"line":484,"column":122}},"167":{"start":{"line":485,"column":8},"end":{"line":485,"column":80}},"168":{"start":{"line":486,"column":8},"end":{"line":486,"column":20852}},"169":{"start":{"line":487,"column":12},"end":{"line":487,"column":20984}},"170":{"start":{"line":489,"column":12},"end":{"line":489,"column":64}},"171":{"start":{"line":490,"column":15},"end":{"line":490,"column":21185}},"172":{"start":{"line":509,"column":8},"end":{"line":509,"column":55}},"173":{"start":{"line":512,"column":8},"end":{"line":512,"column":22140}},"174":{"start":{"line":513,"column":12},"end":{"line":513,"column":63}},"175":{"start":{"line":514,"column":12},"end":{"line":514,"column":40}},"176":{"start":{"line":517,"column":8},"end":{"line":517,"column":28}},"177":{"start":{"line":519,"column":8},"end":{"line":519,"column":22406}},"178":{"start":{"line":532,"column":8},"end":{"line":532,"column":45}},"179":{"start":{"line":533,"column":8},"end":{"line":533,"column":37}},"180":{"start":{"line":534,"column":8},"end":{"line":534,"column":57}},"181":{"start":{"line":537,"column":8},"end":{"line":537,"column":23297}},"182":{"start":{"line":538,"column":12},"end":{"line":538,"column":23364}},"183":{"start":{"line":550,"column":8},"end":{"line":550,"column":45}},"184":{"start":{"line":551,"column":8},"end":{"line":551,"column":37}},"185":{"start":{"line":552,"column":8},"end":{"line":552,"column":57}},"186":{"start":{"line":556,"column":8},"end":{"line":556,"column":23914}},"187":{"start":{"line":557,"column":12},"end":{"line":557,"column":23981}},"188":{"start":{"line":582,"column":8},"end":{"line":582,"column":24839}},"189":{"start":{"line":584,"column":12},"end":{"line":584,"column":24932}},"190":{"start":{"line":585,"column":16},"end":{"line":585,"column":25002}},"191":{"start":{"line":586,"column":20},"end":{"line":586,"column":25053}},"192":{"start":{"line":600,"column":16},"end":{"line":600,"column":46}},"193":{"start":{"line":601,"column":16},"end":{"line":601,"column":53}},"194":{"start":{"line":602,"column":16},"end":{"line":602,"column":53}},"195":{"start":{"line":603,"column":16},"end":{"line":603,"column":25790}},"196":{"start":{"line":619,"column":12},"end":{"line":619,"column":49}},"197":{"start":{"line":620,"column":12},"end":{"line":620,"column":42}},"198":{"start":{"line":621,"column":12},"end":{"line":621,"column":26478}},"199":{"start":{"line":622,"column":16},"end":{"line":622,"column":26547}},"200":{"start":{"line":636,"column":16},"end":{"line":636,"column":27167}},"201":{"start":{"line":637,"column":20},"end":{"line":637,"column":27226}},"202":{"start":{"line":640,"column":16},"end":{"line":640,"column":27407}},"203":{"start":{"line":647,"column":16},"end":{"line":647,"column":27676}},"204":{"start":{"line":648,"column":20},"end":{"line":648,"column":27742}},"205":{"start":{"line":665,"column":8},"end":{"line":665,"column":28305}},"206":{"start":{"line":667,"column":12},"end":{"line":667,"column":28398}},"207":{"start":{"line":668,"column":16},"end":{"line":668,"column":28468}},"208":{"start":{"line":669,"column":20},"end":{"line":669,"column":28519}},"209":{"start":{"line":683,"column":16},"end":{"line":683,"column":46}},"210":{"start":{"line":684,"column":16},"end":{"line":684,"column":53}},"211":{"start":{"line":685,"column":16},"end":{"line":685,"column":53}},"212":{"start":{"line":686,"column":16},"end":{"line":686,"column":29257}},"213":{"start":{"line":702,"column":12},"end":{"line":702,"column":49}},"214":{"start":{"line":703,"column":12},"end":{"line":703,"column":42}},"215":{"start":{"line":704,"column":12},"end":{"line":704,"column":29945}},"216":{"start":{"line":705,"column":16},"end":{"line":705,"column":30014}},"217":{"start":{"line":719,"column":16},"end":{"line":719,"column":30635}},"218":{"start":{"line":720,"column":20},"end":{"line":720,"column":30694}},"219":{"start":{"line":723,"column":16},"end":{"line":723,"column":30875}},"220":{"start":{"line":730,"column":16},"end":{"line":730,"column":31144}},"221":{"start":{"line":731,"column":20},"end":{"line":731,"column":31210}},"222":{"start":{"line":752,"column":8},"end":{"line":752,"column":31965}},"223":{"start":{"line":754,"column":12},"end":{"line":754,"column":32088}},"224":{"start":{"line":757,"column":28},"end":{"line":757,"column":56}},"225":{"start":{"line":758,"column":28},"end":{"line":758,"column":58}},"226":{"start":{"line":759,"column":28},"end":{"line":759,"column":85}},"227":{"start":{"line":760,"column":28},"end":{"line":760,"column":65}},"228":{"start":{"line":761,"column":16},"end":{"line":761,"column":32565}},"229":{"start":{"line":766,"column":16},"end":{"line":766,"column":78}},"230":{"start":{"line":767,"column":16},"end":{"line":767,"column":78}},"231":{"start":{"line":770,"column":12},"end":{"line":770,"column":30}},"232":{"start":{"line":771,"column":12},"end":{"line":771,"column":44}},"233":{"start":{"line":773,"column":12},"end":{"line":773,"column":63}},"234":{"start":{"line":774,"column":12},"end":{"line":774,"column":51}},"235":{"start":{"line":776,"column":12},"end":{"line":776,"column":41}},"236":{"start":{"line":777,"column":12},"end":{"line":777,"column":41}},"237":{"start":{"line":779,"column":15},"end":{"line":779,"column":33378}},"238":{"start":{"line":782,"column":12},"end":{"line":782,"column":33577}},"239":{"start":{"line":785,"column":16},"end":{"line":785,"column":33774}},"240":{"start":{"line":790,"column":16},"end":{"line":790,"column":78}},"241":{"start":{"line":791,"column":16},"end":{"line":791,"column":78}},"242":{"start":{"line":794,"column":24},"end":{"line":794,"column":54}},"243":{"start":{"line":795,"column":12},"end":{"line":795,"column":44}},"244":{"start":{"line":796,"column":12},"end":{"line":796,"column":30}},"245":{"start":{"line":797,"column":12},"end":{"line":797,"column":51}},"246":{"start":{"line":798,"column":12},"end":{"line":798,"column":67}},"247":{"start":{"line":801,"column":8},"end":{"line":801,"column":61}},"248":{"start":{"line":802,"column":8},"end":{"line":802,"column":65}},"249":{"start":{"line":803,"column":8},"end":{"line":803,"column":64}},"250":{"start":{"line":804,"column":8},"end":{"line":804,"column":32}},"251":{"start":{"line":805,"column":8},"end":{"line":805,"column":40}},"252":{"start":{"line":806,"column":8},"end":{"line":806,"column":53}},"253":{"start":{"line":807,"column":8},"end":{"line":807,"column":36}}},"branchMap":{"1":{"line":60,"type":"if","locations":[{"start":{"line":60,"column":8},"end":{"line":60,"column":8}},{"start":{"line":60,"column":8},"end":{"line":60,"column":8}}]},"2":{"line":65,"type":"if","locations":[{"start":{"line":65,"column":8},"end":{"line":65,"column":8}},{"start":{"line":65,"column":8},"end":{"line":65,"column":8}}]},"3":{"line":83,"type":"if","locations":[{"start":{"line":83,"column":8},"end":{"line":83,"column":8}},{"start":{"line":83,"column":8},"end":{"line":83,"column":8}}]},"4":{"line":86,"type":"if","locations":[{"start":{"line":86,"column":8},"end":{"line":86,"column":8}},{"start":{"line":86,"column":8},"end":{"line":86,"column":8}}]},"5":{"line":89,"type":"if","locations":[{"start":{"line":89,"column":8},"end":{"line":89,"column":8}},{"start":{"line":89,"column":8},"end":{"line":89,"column":8}}]},"6":{"line":98,"type":"if","locations":[{"start":{"line":98,"column":8},"end":{"line":98,"column":8}},{"start":{"line":98,"column":8},"end":{"line":98,"column":8}}]},"7":{"line":105,"type":"if","locations":[{"start":{"line":105,"column":12},"end":{"line":105,"column":12}},{"start":{"line":105,"column":12},"end":{"line":105,"column":12}}]},"8":{"line":114,"type":"if","locations":[{"start":{"line":114,"column":12},"end":{"line":114,"column":12}},{"start":{"line":114,"column":12},"end":{"line":114,"column":12}}]},"9":{"line":132,"type":"if","locations":[{"start":{"line":132,"column":8},"end":{"line":132,"column":8}},{"start":{"line":132,"column":8},"end":{"line":132,"column":8}}]},"10":{"line":135,"type":"if","locations":[{"start":{"line":135,"column":12},"end":{"line":135,"column":12}},{"start":{"line":135,"column":12},"end":{"line":135,"column":12}}]},"11":{"line":139,"type":"if","locations":[{"start":{"line":139,"column":12},"end":{"line":139,"column":12}},{"start":{"line":139,"column":12},"end":{"line":139,"column":12}}]},"12":{"line":159,"type":"if","locations":[{"start":{"line":159,"column":8},"end":{"line":159,"column":8}},{"start":{"line":159,"column":8},"end":{"line":159,"column":8}}]},"13":{"line":165,"type":"if","locations":[{"start":{"line":165,"column":12},"end":{"line":165,"column":12}},{"start":{"line":165,"column":12},"end":{"line":165,"column":12}}]},"14":{"line":172,"type":"if","locations":[{"start":{"line":172,"column":12},"end":{"line":172,"column":12}},{"start":{"line":172,"column":12},"end":{"line":172,"column":12}}]},"15":{"line":186,"type":"if","locations":[{"start":{"line":186,"column":8},"end":{"line":186,"column":8}},{"start":{"line":186,"column":8},"end":{"line":186,"column":8}}]},"16":{"line":188,"type":"if","locations":[{"start":{"line":188,"column":12},"end":{"line":188,"column":12}},{"start":{"line":188,"column":12},"end":{"line":188,"column":12}}]},"17":{"line":196,"type":"if","locations":[{"start":{"line":196,"column":12},"end":{"line":196,"column":12}},{"start":{"line":196,"column":12},"end":{"line":196,"column":12}}]},"18":{"line":227,"type":"if","locations":[{"start":{"line":227,"column":8},"end":{"line":227,"column":8}},{"start":{"line":227,"column":8},"end":{"line":227,"column":8}}]},"19":{"line":232,"type":"if","locations":[{"start":{"line":232,"column":12},"end":{"line":232,"column":12}},{"start":{"line":232,"column":12},"end":{"line":232,"column":12}}]},"20":{"line":241,"type":"if","locations":[{"start":{"line":241,"column":8},"end":{"line":241,"column":8}},{"start":{"line":241,"column":8},"end":{"line":241,"column":8}}]},"21":{"line":243,"type":"if","locations":[{"start":{"line":243,"column":12},"end":{"line":243,"column":12}},{"start":{"line":243,"column":12},"end":{"line":243,"column":12}}]},"22":{"line":253,"type":"if","locations":[{"start":{"line":253,"column":8},"end":{"line":253,"column":8}},{"start":{"line":253,"column":8},"end":{"line":253,"column":8}}]},"23":{"line":258,"type":"if","locations":[{"start":{"line":258,"column":12},"end":{"line":258,"column":12}},{"start":{"line":258,"column":12},"end":{"line":258,"column":12}}]},"24":{"line":270,"type":"if","locations":[{"start":{"line":270,"column":8},"end":{"line":270,"column":8}},{"start":{"line":270,"column":8},"end":{"line":270,"column":8}}]},"25":{"line":272,"type":"if","locations":[{"start":{"line":272,"column":12},"end":{"line":272,"column":12}},{"start":{"line":272,"column":12},"end":{"line":272,"column":12}}]},"26":{"line":305,"type":"if","locations":[{"start":{"line":305,"column":8},"end":{"line":305,"column":8}},{"start":{"line":305,"column":8},"end":{"line":305,"column":8}}]},"27":{"line":310,"type":"if","locations":[{"start":{"line":310,"column":8},"end":{"line":310,"column":8}},{"start":{"line":310,"column":8},"end":{"line":310,"column":8}}]},"28":{"line":318,"type":"if","locations":[{"start":{"line":318,"column":12},"end":{"line":318,"column":12}},{"start":{"line":318,"column":12},"end":{"line":318,"column":12}}]},"29":{"line":327,"type":"if","locations":[{"start":{"line":327,"column":8},"end":{"line":327,"column":8}},{"start":{"line":327,"column":8},"end":{"line":327,"column":8}}]},"30":{"line":330,"type":"if","locations":[{"start":{"line":330,"column":12},"end":{"line":330,"column":12}},{"start":{"line":330,"column":12},"end":{"line":330,"column":12}}]},"31":{"line":335,"type":"if","locations":[{"start":{"line":335,"column":16},"end":{"line":335,"column":16}},{"start":{"line":335,"column":16},"end":{"line":335,"column":16}}]},"32":{"line":361,"type":"if","locations":[{"start":{"line":361,"column":8},"end":{"line":361,"column":8}},{"start":{"line":361,"column":8},"end":{"line":361,"column":8}}]},"33":{"line":364,"type":"if","locations":[{"start":{"line":364,"column":8},"end":{"line":364,"column":8}},{"start":{"line":364,"column":8},"end":{"line":364,"column":8}}]},"34":{"line":370,"type":"if","locations":[{"start":{"line":370,"column":8},"end":{"line":370,"column":8}},{"start":{"line":370,"column":8},"end":{"line":370,"column":8}}]},"35":{"line":376,"type":"if","locations":[{"start":{"line":376,"column":8},"end":{"line":376,"column":8}},{"start":{"line":376,"column":8},"end":{"line":376,"column":8}}]},"36":{"line":434,"type":"if","locations":[{"start":{"line":434,"column":8},"end":{"line":434,"column":8}},{"start":{"line":434,"column":8},"end":{"line":434,"column":8}}]},"37":{"line":444,"type":"if","locations":[{"start":{"line":444,"column":15},"end":{"line":444,"column":15}},{"start":{"line":444,"column":15},"end":{"line":444,"column":15}}]},"38":{"line":470,"type":"if","locations":[{"start":{"line":470,"column":8},"end":{"line":470,"column":8}},{"start":{"line":470,"column":8},"end":{"line":470,"column":8}}]},"39":{"line":475,"type":"if","locations":[{"start":{"line":475,"column":8},"end":{"line":475,"column":8}},{"start":{"line":475,"column":8},"end":{"line":475,"column":8}}]},"40":{"line":479,"type":"if","locations":[{"start":{"line":479,"column":15},"end":{"line":479,"column":15}},{"start":{"line":479,"column":15},"end":{"line":479,"column":15}}]},"41":{"line":486,"type":"if","locations":[{"start":{"line":486,"column":8},"end":{"line":486,"column":8}},{"start":{"line":486,"column":8},"end":{"line":486,"column":8}}]},"42":{"line":490,"type":"if","locations":[{"start":{"line":490,"column":15},"end":{"line":490,"column":15}},{"start":{"line":490,"column":15},"end":{"line":490,"column":15}}]},"43":{"line":512,"type":"if","locations":[{"start":{"line":512,"column":8},"end":{"line":512,"column":8}},{"start":{"line":512,"column":8},"end":{"line":512,"column":8}}]},"44":{"line":584,"type":"if","locations":[{"start":{"line":584,"column":12},"end":{"line":584,"column":12}},{"start":{"line":584,"column":12},"end":{"line":584,"column":12}}]},"45":{"line":585,"type":"if","locations":[{"start":{"line":585,"column":16},"end":{"line":585,"column":16}},{"start":{"line":585,"column":16},"end":{"line":585,"column":16}}]},"46":{"line":621,"type":"if","locations":[{"start":{"line":621,"column":12},"end":{"line":621,"column":12}},{"start":{"line":621,"column":12},"end":{"line":621,"column":12}}]},"47":{"line":636,"type":"if","locations":[{"start":{"line":636,"column":16},"end":{"line":636,"column":16}},{"start":{"line":636,"column":16},"end":{"line":636,"column":16}}]},"48":{"line":647,"type":"if","locations":[{"start":{"line":647,"column":16},"end":{"line":647,"column":16}},{"start":{"line":647,"column":16},"end":{"line":647,"column":16}}]},"49":{"line":667,"type":"if","locations":[{"start":{"line":667,"column":12},"end":{"line":667,"column":12}},{"start":{"line":667,"column":12},"end":{"line":667,"column":12}}]},"50":{"line":668,"type":"if","locations":[{"start":{"line":668,"column":16},"end":{"line":668,"column":16}},{"start":{"line":668,"column":16},"end":{"line":668,"column":16}}]},"51":{"line":704,"type":"if","locations":[{"start":{"line":704,"column":12},"end":{"line":704,"column":12}},{"start":{"line":704,"column":12},"end":{"line":704,"column":12}}]},"52":{"line":719,"type":"if","locations":[{"start":{"line":719,"column":16},"end":{"line":719,"column":16}},{"start":{"line":719,"column":16},"end":{"line":719,"column":16}}]},"53":{"line":730,"type":"if","locations":[{"start":{"line":730,"column":16},"end":{"line":730,"column":16}},{"start":{"line":730,"column":16},"end":{"line":730,"column":16}}]},"54":{"line":752,"type":"if","locations":[{"start":{"line":752,"column":8},"end":{"line":752,"column":8}},{"start":{"line":752,"column":8},"end":{"line":752,"column":8}}]},"55":{"line":754,"type":"if","locations":[{"start":{"line":754,"column":12},"end":{"line":754,"column":12}},{"start":{"line":754,"column":12},"end":{"line":754,"column":12}}]},"56":{"line":779,"type":"if","locations":[{"start":{"line":779,"column":15},"end":{"line":779,"column":15}},{"start":{"line":779,"column":15},"end":{"line":779,"column":15}}]},"57":{"line":782,"type":"if","locations":[{"start":{"line":782,"column":12},"end":{"line":782,"column":12}},{"start":{"line":782,"column":12},"end":{"line":782,"column":12}}]}}},"contracts\\PoolsharkHedgePool.sol":{"l":{"39":24,"40":24,"41":24,"42":20,"52":26,"55":26,"56":26,"57":26,"58":26,"59":26,"60":26,"62":26,"63":26,"64":26,"67":26,"68":26,"69":26,"73":26,"77":32,"79":26,"82":26,"90":26,"91":26,"92":26,"93":26,"115":6,"116":6,"119":6,"120":6,"122":6,"132":6,"134":5,"135":5,"136":5,"137":5,"139":5,"147":5,"148":0,"149":0,"150":0,"151":0,"152":0,"153":0,"156":5,"157":5,"158":0,"159":0,"160":0,"161":0,"162":0,"166":5,"169":5,"170":0,"172":5,"175":5,"176":5,"177":5,"179":5,"197":5,"214":4,"215":4,"234":5,"236":5,"237":5,"251":5,"252":5,"258":5,"261":5,"276":4,"277":4,"279":4,"280":4,"281":4,"296":3,"298":3,"307":9,"309":9,"310":9,"324":9,"339":9,"341":9,"343":9,"347":9,"348":9,"350":9,"362":4,"363":4,"364":4,"366":4,"368":4,"369":4,"373":4,"384":4,"395":4,"397":4,"399":4,"402":3,"403":3,"405":3,"407":0,"409":0,"412":0,"413":0,"416":0,"417":0,"418":0,"420":3,"421":3,"422":3,"426":1,"427":1,"429":1,"432":0,"435":0,"436":0,"437":0,"440":1,"441":1,"442":1,"448":4,"451":4,"452":3,"453":3,"458":3,"459":3,"460":3,"462":3,"463":3,"465":1,"466":1,"471":1,"472":1,"473":1,"475":1,"476":1,"481":6,"482":6,"483":6,"484":6,"485":6,"486":0,"488":6,"498":0,"508":0,"510":0,"512":0,"515":0,"516":0,"518":0,"520":0,"522":0,"525":0,"526":0,"529":0,"530":0,"533":0,"534":0,"538":0,"539":0,"540":0,"543":0,"546":0,"547":0,"550":0,"551":0,"554":0,"555":0,"556":0,"561":0,"564":0,"565":0,"570":0,"573":0,"575":0},"path":"C:\\Users\\mikeb\\git\\v1-protocol\\contracts\\PoolsharkHedgePool.sol","s":{"1":24,"2":24,"3":20,"4":26,"5":26,"6":26,"7":26,"8":26,"9":26,"10":26,"11":26,"12":26,"13":26,"14":26,"15":26,"16":26,"17":26,"18":32,"19":26,"20":26,"21":26,"22":26,"23":26,"24":26,"25":26,"26":26,"27":26,"28":26,"29":6,"30":6,"31":6,"32":6,"33":6,"34":6,"35":5,"36":5,"37":5,"38":5,"39":5,"40":0,"41":0,"42":0,"43":0,"44":0,"45":0,"46":5,"47":5,"48":0,"49":0,"50":0,"51":0,"52":0,"53":5,"54":5,"55":0,"56":5,"57":5,"58":5,"59":5,"60":5,"61":4,"62":4,"63":5,"64":5,"65":5,"66":5,"67":5,"68":5,"69":5,"70":4,"71":4,"72":4,"73":4,"74":4,"75":3,"76":3,"77":9,"78":9,"79":9,"80":9,"81":9,"82":9,"83":9,"84":9,"85":9,"86":9,"87":4,"88":4,"89":4,"90":4,"91":4,"92":4,"93":4,"94":4,"95":4,"96":4,"97":4,"98":3,"99":2,"100":3,"101":3,"102":0,"103":0,"104":0,"105":0,"106":0,"107":0,"108":0,"109":3,"110":3,"111":3,"112":1,"113":1,"114":1,"115":1,"116":0,"117":0,"118":0,"119":0,"120":1,"121":1,"122":1,"123":4,"124":4,"125":3,"126":3,"127":3,"128":3,"129":3,"130":3,"131":3,"132":1,"133":1,"134":1,"135":1,"136":1,"137":1,"138":1,"139":6,"140":6,"141":6,"142":6,"143":6,"144":0,"145":6,"146":0,"147":0,"148":0,"149":0,"150":0,"151":0,"152":0,"153":0,"154":0,"155":0,"156":0,"157":0,"158":0,"159":0,"160":0,"161":0,"162":0,"163":0,"164":0,"165":0,"166":0,"167":0,"168":0,"169":0,"170":0,"171":0,"172":0,"173":0,"174":0,"175":0,"176":0,"177":0,"178":0,"179":0},"b":{"1":[0,24],"2":[0,26],"3":[26,6],"4":[26,0],"5":[0,6],"6":[6,0],"7":[0,5],"8":[0,0],"9":[5,0],"10":[0,5],"11":[0,5],"12":[0,5],"13":[5,0],"14":[0,5],"15":[4,0],"16":[9,0],"17":[0,4],"18":[4,0],"19":[3,1],"20":[2,1],"21":[0,3],"22":[0,0],"23":[1,0],"24":[0,1],"25":[3,1],"26":[3,0],"27":[1,0],"28":[0,6],"29":[0,6],"30":[0,6],"31":[0,6],"32":[0,6],"33":[0,0],"34":[1,5],"35":[0,0],"36":[0,0],"37":[0,0],"38":[0,0],"39":[0,0],"40":[0,0],"41":[0,0],"42":[0,0],"43":[0,0]},"f":{"1":24,"2":26,"3":32,"4":26,"5":6,"6":5,"7":9,"8":4,"9":6,"10":0},"fnMap":{"1":{"name":"lock","line":38,"loc":{"start":{"line":38,"column":4},"end":{"line":43,"column":4}}},"2":{"name":"constructor","line":45,"loc":{"start":{"line":45,"column":4},"end":{"line":74,"column":4}}},"3":{"name":"_ensureInitialized","line":76,"loc":{"start":{"line":76,"column":4},"end":{"line":84,"column":4}}},"4":{"name":"_initialize","line":89,"loc":{"start":{"line":89,"column":4},"end":{"line":100,"column":4}}},"5":{"name":"mint","line":113,"loc":{"start":{"line":105,"column":4},"end":{"line":222,"column":4}}},"6":{"name":"burn","line":232,"loc":{"start":{"line":224,"column":4},"end":{"line":299,"column":4}}},"7":{"name":"collect","line":306,"loc":{"start":{"line":301,"column":4},"end":{"line":351,"column":4}}},"8":{"name":"swap","line":360,"loc":{"start":{"line":354,"column":4},"end":{"line":478,"column":4}}},"9":{"name":"_validatePosition","line":480,"loc":{"start":{"line":480,"column":4},"end":{"line":490,"column":4}}},"10":{"name":"getAmountIn","line":492,"loc":{"start":{"line":492,"column":4},"end":{"line":576,"column":4}}}},"statementMap":{"1":{"start":{"line":39,"column":8},"end":{"line":39,"column":48}},"2":{"start":{"line":40,"column":8},"end":{"line":40,"column":25}},"3":{"start":{"line":42,"column":8},"end":{"line":42,"column":25}},"4":{"start":{"line":52,"column":8},"end":{"line":52,"column":55}},"5":{"start":{"line":55,"column":8},"end":{"line":55,"column":31}},"6":{"start":{"line":56,"column":8},"end":{"line":56,"column":50}},"7":{"start":{"line":57,"column":8},"end":{"line":57,"column":48}},"8":{"start":{"line":58,"column":8},"end":{"line":58,"column":58}},"9":{"start":{"line":59,"column":8},"end":{"line":59,"column":58}},"10":{"start":{"line":60,"column":8},"end":{"line":60,"column":29}},"11":{"start":{"line":62,"column":8},"end":{"line":62,"column":33}},"12":{"start":{"line":63,"column":8},"end":{"line":63,"column":39}},"13":{"start":{"line":64,"column":8},"end":{"line":64,"column":35}},"14":{"start":{"line":67,"column":8},"end":{"line":67,"column":58}},"15":{"start":{"line":68,"column":8},"end":{"line":68,"column":63}},"16":{"start":{"line":69,"column":8},"end":{"line":69,"column":51}},"17":{"start":{"line":73,"column":8},"end":{"line":73,"column":27}},"18":{"start":{"line":77,"column":8},"end":{"line":77,"column":2669}},"19":{"start":{"line":78,"column":12},"end":{"line":78,"column":30}},"20":{"start":{"line":78,"column":32},"end":{"line":78,"column":52}},"21":{"start":{"line":79,"column":12},"end":{"line":79,"column":2804}},"22":{"start":{"line":82,"column":12},"end":{"line":82,"column":81}},"23":{"start":{"line":82,"column":32},"end":{"line":82,"column":58}},"24":{"start":{"line":82,"column":61},"end":{"line":82,"column":78}},"25":{"start":{"line":90,"column":8},"end":{"line":90,"column":82}},"26":{"start":{"line":91,"column":8},"end":{"line":91,"column":27}},"27":{"start":{"line":92,"column":8},"end":{"line":92,"column":25}},"28":{"start":{"line":93,"column":8},"end":{"line":93,"column":3317}},"29":{"start":{"line":115,"column":8},"end":{"line":115,"column":27}},"30":{"start":{"line":116,"column":8},"end":{"line":116,"column":70}},"31":{"start":{"line":119,"column":8},"end":{"line":119,"column":4160}},"32":{"start":{"line":120,"column":12},"end":{"line":120,"column":55}},"33":{"start":{"line":122,"column":12},"end":{"line":122,"column":4352}},"34":{"start":{"line":132,"column":8},"end":{"line":132,"column":65}},"35":{"start":{"line":134,"column":8},"end":{"line":134,"column":31}},"36":{"start":{"line":136,"column":12},"end":{"line":136,"column":76}},"37":{"start":{"line":137,"column":12},"end":{"line":137,"column":76}},"38":{"start":{"line":139,"column":12},"end":{"line":139,"column":4982}},"39":{"start":{"line":147,"column":12},"end":{"line":147,"column":5327}},"40":{"start":{"line":148,"column":16},"end":{"line":148,"column":5366}},"41":{"start":{"line":149,"column":20},"end":{"line":149,"column":64}},"42":{"start":{"line":150,"column":20},"end":{"line":150,"column":46}},"43":{"start":{"line":151,"column":20},"end":{"line":151,"column":78}},"44":{"start":{"line":152,"column":20},"end":{"line":152,"column":110}},"45":{"start":{"line":153,"column":20},"end":{"line":153,"column":45}},"46":{"start":{"line":156,"column":12},"end":{"line":156,"column":5803}},"47":{"start":{"line":157,"column":16},"end":{"line":157,"column":5843}},"48":{"start":{"line":158,"column":20},"end":{"line":158,"column":64}},"49":{"start":{"line":159,"column":20},"end":{"line":159,"column":46}},"50":{"start":{"line":160,"column":20},"end":{"line":160,"column":78}},"51":{"start":{"line":161,"column":20},"end":{"line":161,"column":110}},"52":{"start":{"line":162,"column":20},"end":{"line":162,"column":45}},"53":{"start":{"line":166,"column":12},"end":{"line":166,"column":87}},"54":{"start":{"line":169,"column":8},"end":{"line":169,"column":6427}},"55":{"start":{"line":170,"column":12},"end":{"line":170,"column":45}},"56":{"start":{"line":172,"column":12},"end":{"line":172,"column":45}},"57":{"start":{"line":176,"column":12},"end":{"line":176,"column":38}},"58":{"start":{"line":177,"column":12},"end":{"line":177,"column":55}},"59":{"start":{"line":179,"column":12},"end":{"line":179,"column":6792}},"60":{"start":{"line":197,"column":12},"end":{"line":197,"column":7361}},"61":{"start":{"line":214,"column":8},"end":{"line":214,"column":51}},"62":{"start":{"line":215,"column":8},"end":{"line":215,"column":7976}},"63":{"start":{"line":234,"column":8},"end":{"line":234,"column":8324}},"64":{"start":{"line":236,"column":12},"end":{"line":236,"column":55}},"65":{"start":{"line":237,"column":12},"end":{"line":237,"column":8500}},"66":{"start":{"line":251,"column":8},"end":{"line":251,"column":41}},"67":{"start":{"line":252,"column":8},"end":{"line":252,"column":40}},"68":{"start":{"line":258,"column":8},"end":{"line":258,"column":74}},"69":{"start":{"line":261,"column":8},"end":{"line":261,"column":9304}},"70":{"start":{"line":276,"column":8},"end":{"li
[...]
{"start":{"line":485,"column":8},"end":{"line":485,"column":8}},{"start":{"line":485,"column":8},"end":{"line":485,"column":8}}]},"33":{"line":486,"type":"if","locations":[{"start":{"line":486,"column":12},"end":{"line":486,"column":12}},{"start":{"line":486,"column":12},"end":{"line":486,"column":12}}]},"34":{"line":488,"type":"if","locations":[{"start":{"line":488,"column":12},"end":{"line":488,"column":12}},{"start":{"line":488,"column":12},"end":{"line":488,"column":12}}]},"35":{"line":512,"type":"if","locations":[{"start":{"line":512,"column":8},"end":{"line":512,"column":8}},{"start":{"line":512,"column":8},"end":{"line":512,"column":8}}]},"36":{"line":515,"type":"if","locations":[{"start":{"line":515,"column":12},"end":{"line":515,"column":12}},{"start":{"line":515,"column":12},"end":{"line":515,"column":12}}]},"37":{"line":518,"type":"if","locations":[{"start":{"line":518,"column":12},"end":{"line":518,"column":12}},{"start":{"line":518,"column":12},"end":{"line":518,"column":12}}]},"38":{"line":525,"type":"if","locations":[{"start":{"line":525,"column":16},"end":{"line":525,"column":16}},{"start":{"line":525,"column":16},"end":{"line":525,"column":16}}]},"39":{"line":538,"type":"if","locations":[{"start":{"line":538,"column":12},"end":{"line":538,"column":12}},{"start":{"line":538,"column":12},"end":{"line":538,"column":12}}]},"40":{"line":540,"type":"if","locations":[{"start":{"line":540,"column":12},"end":{"line":540,"column":12}},{"start":{"line":540,"column":12},"end":{"line":540,"column":12}}]},"41":{"line":554,"type":"if","locations":[{"start":{"line":554,"column":8},"end":{"line":554,"column":8}},{"start":{"line":554,"column":8},"end":{"line":554,"column":8}}]},"42":{"line":555,"type":"if","locations":[{"start":{"line":555,"column":12},"end":{"line":555,"column":12}},{"start":{"line":555,"column":12},"end":{"line":555,"column":12}}]},"43":{"line":564,"type":"if","locations":[{"start":{"line":564,"column":12},"end":{"line":564,"column":12}},{"start":{"line":564,"column":12},"end":{"line":564,"column":12}}]}}},"contracts\\PoolsharkHedgePoolFactory.sol":{"l":{"21":6,"22":6,"23":6,"33":26,"34":0,"36":26,"37":26,"42":26,"43":26,"44":0,"48":26,"49":26,"50":0,"53":26,"58":26,"67":22,"68":22,"71":22,"81":2,"82":2,"85":2,"87":2,"95":26},"path":"C:\\Users\\mikeb\\git\\v1-protocol\\contracts\\PoolsharkHedgePoolFactory.sol","s":{"1":6,"2":6,"3":6,"4":26,"5":26,"6":26,"7":26,"8":26,"9":26,"10":26,"11":26,"12":26,"13":22,"14":22,"15":22,"16":2,"17":2,"18":2,"19":2,"20":26},"b":{"1":[0,26],"2":[0,26],"3":[0,26]},"f":{"1":6,"2":26,"3":2,"4":26},"fnMap":{"1":{"name":"constructor","line":17,"loc":{"start":{"line":17,"column":4},"end":{"line":24,"column":4}}},"2":{"name":"createHedgePool","line":26,"loc":{"start":{"line":26,"column":4},"end":{"line":72,"column":4}}},"3":{"name":"getHedgePool","line":74,"loc":{"start":{"line":74,"column":4},"end":{"line":88,"column":4}}},"4":{"name":"getInputPool","line":90,"loc":{"start":{"line":90,"column":4},"end":{"line":96,"column":4}}}},"statementMap":{"1":{"start":{"line":21,"column":8},"end":{"line":21,"column":25}},"2":{"start":{"line":22,"column":8},"end":{"line":22,"column":49}},"3":{"start":{"line":23,"column":8},"end":{"line":23,"column":29}},"4":{"start":{"line":33,"column":8},"end":{"line":33,"column":936}},"5":{"start":{"line":36,"column":8},"end":{"line":36,"column":70}},"6":{"start":{"line":37,"column":8},"end":{"line":37,"column":70}},"7":{"start":{"line":42,"column":8},"end":{"line":42,"column":68}},"8":{"start":{"line":43,"column":8},"end":{"line":43,"column":1466}},"9":{"start":{"line":48,"column":8},"end":{"line":48,"column":105}},"10":{"start":{"line":49,"column":8},"end":{"line":49,"column":1729}},"11":{"start":{"line":53,"column":8},"end":{"line":53,"column":65}},"12":{"start":{"line":58,"column":8},"end":{"line":58,"column":1998}},"13":{"start":{"line":67,"column":8},"end":{"line":67,"column":30}},"14":{"start":{"line":68,"column":8},"end":{"line":68,"column":26}},"15":{"start":{"line":71,"column":8},"end":{"line":71,"column":76}},"16":{"start":{"line":81,"column":8},"end":{"line":81,"column":70}},"17":{"start":{"line":82,"column":8},"end":{"line":82,"column":70}},"18":{"start":{"line":85,"column":8},"end":{"line":85,"column":64}},"19":{"start":{"line":87,"column":8},"end":{"line":87,"column":31}},"20":{"start":{"line":95,"column":8},"end":{"line":95,"column":103}}},"branchMap":{"1":{"line":33,"type":"if","locations":[{"start":{"line":33,"column":8},"end":{"line":33,"column":8}},{"start":{"line":33,"column":8},"end":{"line":33,"column":8}}]},"2":{"line":43,"type":"if","locations":[{"start":{"line":43,"column":8},"end":{"line":43,"column":8}},{"start":{"line":43,"column":8},"end":{"line":43,"column":8}}]},"3":{"line":49,"type":"if","locations":[{"start":{"line":49,"column":8},"end":{"line":49,"column":8}},{"start":{"line":49,"column":8},"end":{"line":49,"column":8}}]}}},"contracts\\PoolsharkHedgePoolLibraries.sol":{"l":{},"path":"C:\\Users\\mikeb\\git\\v1-protocol\\contracts\\PoolsharkHedgePoolLibraries.sol","s":{},"b":{},"f":{},"fnMap":{},"statementMap":{},"branchMap":{}},"contracts\\test\\ConcentratedFactoryMock.sol":{"l":{"20":6,"21":6,"23":6,"24":6,"25":6,"27":6,"29":6},"path":"C:\\Users\\mikeb\\git\\v1-protocol\\contracts\\test\\ConcentratedFactoryMock.sol","s":{"1":6,"2":6,"3":6,"4":6,"5":6,"6":6,"7":6},"b":{"1":[6,0]},"f":{"1":6},"fnMap":{"1":{"name":"constructor","line":16,"loc":{"start":{"line":16,"column":4},"end":{"line":32,"column":4}}}},"statementMap":{"1":{"start":{"line":20,"column":8},"end":{"line":20,"column":25}},"2":{"start":{"line":21,"column":8},"end":{"line":21,"column":52}},"3":{"start":{"line":23,"column":8},"end":{"line":23,"column":35}},"4":{"start":{"line":24,"column":8},"end":{"line":24,"column":36}},"5":{"start":{"line":25,"column":8},"end":{"line":25,"column":38}},"6":{"start":{"line":27,"column":8},"end":{"line":27,"column":72}},"7":{"start":{"line":29,"column":8},"end":{"line":29,"column":46}}},"branchMap":{"1":{"line":21,"type":"if","locations":[{"start":{"line":21,"column":8},"end":{"line":21,"column":8}},{"start":{"line":21,"column":8},"end":{"line":21,"column":8}}]}}},"contracts\\test\\ConcentratedPoolMock.sol":{"l":{"25":6,"26":6,"27":6,"28":6,"42":26,"61":50,"62":50,"63":50,"64":50,"65":50,"66":50,"67":50,"73":0,"80":2,"81":2},"path":"C:\\Users\\mikeb\\git\\v1-protocol\\contracts\\test\\ConcentratedPoolMock.sol","s":{"1":6,"2":6,"3":6,"4":6,"5":26,"6":50,"7":50,"8":50,"9":50,"10":50,"11":50,"12":0,"13":2,"14":2},"b":{"1":[6,0]},"f":{"1":6,"2":26,"3":50,"4":0,"5":2},"fnMap":{"1":{"name":"constructor","line":20,"loc":{"start":{"line":20,"column":4},"end":{"line":29,"column":4}}},"2":{"name":"slot0","line":31,"loc":{"start":{"line":31,"column":4},"end":{"line":51,"column":4}}},"3":{"name":"observe","line":53,"loc":{"start":{"line":53,"column":4},"end":{"line":68,"column":4}}},"4":{"name":"increaseObservationCardinalityNext","line":70,"loc":{"start":{"line":70,"column":4},"end":{"line":74,"column":4}}},"5":{"name":"setTickCumulatives","line":76,"loc":{"start":{"line":76,"column":4},"end":{"line":82,"column":4}}}},"statementMap":{"1":{"start":{"line":25,"column":8},"end":{"line":25,"column":54}},"2":{"start":{"line":26,"column":8},"end":{"line":26,"column":24}},"3":{"start":{"line":27,"column":8},"end":{"line":27,"column":24}},"4":{"start":{"line":28,"column":8},"end":{"line":28,"column":25}},"5":{"start":{"line":42,"column":8},"end":{"line":42,"column":995}},"6":{"start":{"line":62,"column":8},"end":{"line":62,"column":56}},"7":{"start":{"line":63,"column":8},"end":{"line":63,"column":50}},"8":{"start":{"line":64,"column":8},"end":{"line":64,"column":50}},"9":{"start":{"line":65,"column":8},"end":{"line":65,"column":77}},"10":{"start":{"line":66,"column":8},"end":{"line":66,"column":80}},"11":{"start":{"line":67,"column":8},"end":{"line":67,"column":80}},"12":{"start":{"line":73,"column":8},"end":{"line":73,"column":51}},"13":{"start":{"line":80,"column":8},"end":{"line":80,"column":41}},"14":{"start":{"line":81,"column":8},"end":{"line":81,"column":41}}},"branchMap":{"1":{"line":25,"type":"if","locations":[{"start":{"line":25,"column":8},"end":{"line":25,"column":8}},{"start":{"line":25,"column":8},"end":{"line":25,"column":8}}]}}},"contracts\\test\\Token20.sol":{"l":{"16":12,"20":12,"24":4},"path":"C:\\Users\\mikeb\\git\\v1-protocol\\contracts\\test\\Token20.sol","s":{"1":12,"2":12,"3":4},"b":{},"f":{"1":12,"2":12,"3":4},"fnMap":{"1":{"name":"constructor","line":15,"loc":{"start":{"line":11,"column":4},"end":{"line":17,"column":4}}},"2":{"name":"mint","line":19,"loc":{"start":{"line":19,"column":4},"end":{"line":21,"column":4}}},"3":{"name":"decimals","line":23,"loc":{"start":{"line":23,"column":4},"end":{"line":25,"column":4}}}},"statementMap":{"1":{"start":{"line":16,"column":8},"end":{"line":16,"column":28}},"2":{"start":{"line":20,"column":8},"end":{"line":20,"column":24}},"3":{"start":{"line":24,"column":8},"end":{"line":24,"column":24}}},"branchMap":{}},"contracts\\utils\\MathUtils.sol":{"l":{"14":0,"18":0,"26":0,"27":0,"28":0,"30":0,"35":0,"104":0,"112":8,"126":8,"132":8,"133":8,"134":8,"140":8,"141":8,"142":8,"145":8,"149":0,"155":0,"156":0,"160":0,"167":0,"169":0,"173":0,"179":0,"182":0,"188":0,"192":0,"193":0,"194":0,"195":0,"196":0,"197":0,"204":0,"205":0,"219":8,"220":8,"221":8,"222":2,"223":2},"path":"C:\\Users\\mikeb\\git\\v1-protocol\\contracts\\utils\\MathUtils.sol","s":{"1":0,"2":0,"3":0,"4":0,"5":0,"6":0,"7":8,"8":8,"9":8,"10":8,"11":8,"12":8,"13":0,"14":0,"15":0,"16":0,"17":0,"18":0,"19":0,"20":0,"21":0,"22":0,"23":0,"24":0,"25":0,"26":8,"27":8,"28":2},"b":{"1":[0,0],"2":[8,0],"3":[8,0],"4":[0,0],"5":[2,6],"6":[2,0]},"f":{"1":0,"2":0,"3":0,"4":0,"5":0,"6":8,"7":8,"8":8},"fnMap":{"1":{"name":"within1","line":13,"loc":{"start":{"line":13,"column":4},"end":{"line":15,"column":4}}},"2":{"name":"sqrt","line":17,"loc":{"start":{"line":17,"column":4},"end":{"line":19,"column":4}}},"3":{"name":"_within1","line":25,"loc":{"start":{"line":25,"column":4},"end":{"line":32,"column":4}}},"4":{"name":"_sqrt","line":34,"loc":{"start":{"line":34,"column":4},"end":{"line":97,"column":4}}},"5":{"name":"mulDiv","line":99,"loc":{"start":{"line":99,"column":4},"end":{"line":105,"column":4}}},"6":{"name":"mulDivRoundingUp","line":107,"loc":{"start":{"line":107,"column":4},"end":{"line":113,"column":4}}},"7":{"name":"_mulDiv","line":121,"loc":{"start":{"line":121,"column":4},"end":{"line":207,"column":4}}},"8":{"name":"_mulDivRoundingUp","line":214,"loc":{"start":{"line":214,"column":4},"end":{"line":226,"column":4}}}},"statementMap":{"1":{"start":{"line":14,"column":8},"end":{"line":14,"column":29}},"2":{"start":{"line":18,"column":8},"end":{"line":18,"column":23}},"3":{"start":{"line":27,"column":12},"end":{"line":27,"column":1026}},"4":{"start":{"line":28,"column":16},"end":{"line":28,"column":33}},"5":{"start":{"line":30,"column":12},"end":{"line":30,"column":29}},"6":{"start":{"line":104,"column":8},"end":{"line":104,"column":41}},"7":{"start":{"line":112,"column":8},"end":{"line":112,"column":51}},"8":{"start":{"line":132,"column":12},"end":{"line":132,"column":25}},"9":{"start":{"line":133,"column":12},"end":{"line":133,"column":25}},"10":{"start":{"line":140,"column":12},"end":{"line":140,"column":6504}},"11":{"start":{"line":141,"column":16},"end":{"line":141,"column":39}},"12":{"start":{"line":145,"column":16},"end":{"line":145,"column":29}},"13":{"start":{"line":149,"column":12},"end":{"line":149,"column":39}},"14":{"start":{"line":155,"column":12},"end":{"line":155,"column":29}},"15":{"start":{"line":167,"column":12},"end":{"line":167,"column":70}},"16":{"start":{"line":182,"column":12},"end":{"line":182,"column":32}},"17":{"start":{"line":188,"column":12},"end":{"line":188,"column":47}},"18":{"start":{"line":192,"column":12},"end":{"line":192,"column":39}},"19":{"start":{"line":193,"column":12},"end":{"line":193,"column":39}},"20":{"start":{"line":194,"column":12},"end":{"line":194,"column":39}},"21":{"start":{"line":195,"column":12},"end":{"line":195,"column":39}},"22":{"start":{"line":196,"column":12},"end":{"line":196,"column":39}},"23":{"start":{"line":197,"column":12},"end":{"line":197,"column":39}},"24":{"start":{"line":204,"column":12},"end":{"line":204,"column":31}},"25":{"start":{"line":205,"column":12},"end":{"line":205,"column":25}},"26":{"start":{"line":219,"column":8},"end":{"line":219,"column":42}},"27":{"start":{"line":221,"column":12},"end":{"line":221,"column":10366}},"28":{"start":{"line":222,"column":16},"end":{"line":222,"column":50}}},"branchMap":{"1":{"line":27,"type":"if","locations":[{"start":{"line":27,"column":12},"end":{"line":27,"column":12}},{"start":{"line":27,"column":12},"end":{"line":27,"column":12}}]},"2":{"line":140,"type":"if","locations":[{"start":{"line":140,"column":12},"end":{"line":140,"column":12}},{"start":{"line":140,"column":12},"end":{"line":140,"column":12}}]},"3":{"line":141,"type":"if","locations":[{"start":{"line":141,"column":16},"end":{"line":141,"column":16}},{"start":{"line":141,"column":16},"end":{"line":141,"column":16}}]},"4":{"line":149,"type":"if","locations":[{"start":{"line":149,"column":12},"end":{"line":149,"column":12}},{"start":{"line":149,"column":12},"end":{"line":149,"column":12}}]},"5":{"line":221,"type":"if","locations":[{"start":{"line":221,"column":12},"end":{"line":221,"column":12}},{"start":{"line":221,"column":12},"end":{"line":221,"column":12}}]},"6":{"line":222,"type":"if","locations":[{"start":{"line":222,"column":16},"end":{"line":222,"column":16}},{"start":{"line":222,"column":16},"end":{"line":222,"column":16}}]}}},"contracts\\utils\\PoolsharkErrors.sol":{"l":{},"path":"C:\\Users\\mikeb\\git\\v1-protocol\\contracts\\utils\\PoolsharkErrors.sol","s":{},"b":{},"f":{},"fnMap":{},"statementMap":{},"branchMap":{}},"contracts\\utils\\RebaseLibrary.sol":{"l":{"13":0,"14":0,"16":0,"22":0,"23":0,"25":0},"path":"C:\\Users\\mikeb\\git\\v1-protocol\\contracts\\utils\\RebaseLibrary.sol","s":{"1":0,"2":0,"3":0,"4":0,"5":0,"6":0},"b":{"1":[0,0],"2":[0,0]},"f":{"1":0,"2":0},"fnMap":{"1":{"name":"toBase","line":12,"loc":{"start":{"line":12,"column":4},"end":{"line":18,"column":4}}},"2":{"name":"toElastic","line":21,"loc":{"start":{"line":21,"column":4},"end":{"line":27,"column":4}}}},"statementMap":{"1":{"start":{"line":13,"column":8},"end":{"line":13,"column":404}},"2":{"start":{"line":14,"column":12},"end":{"line":14,"column":25}},"3":{"start":{"line":16,"column":12},"end":{"line":16,"column":56}},"4":{"start":{"line":22,"column":8},"end":{"line":22,"column":752}},"5":{"start":{"line":23,"column":12},"end":{"line":23,"column":25}},"6":{"start":{"line":25,"column":12},"end":{"line":25,"column":56}}},"branchMap":{"1":{"line":13,"type":"if","locations":[{"start":{"line":13,"column":8},"end":{"line":13,"column":8}},{"start":{"line":13,"column":8},"end":{"line":13,"column":8}}]},"2":{"line":22,"type":"if","locations":[{"start":{"line":22,"column":8},"end":{"line":22,"column":8}},{"start":{"line":22,"column":8},"end":{"line":22,"column":8}}]}}},"contracts\\utils\\SafeCast.sol":{"l":{"8":0,"12":0,"16":0,"20":0},"path":"C:\\Users\\mikeb\\git\\v1-protocol\\contracts\\utils\\SafeCast.sol","s":{"1":0,"2":0,"3":0,"4":0},"b":{"1":[0,0],"2":[0,0],"3":[0,0],"4":[0,0]},"f":{"1":0,"2":0,"3":0,"4":0},"fnMap":{"1":{"name":"toUint160","line":7,"loc":{"start":{"line":7,"column":4},"end":{"line":9,"column":4}}},"2":{"name":"toUint128","line":11,"loc":{"start":{"line":11,"column":4},"end":{"line":13,"column":4}}},"3":{"name":"_toUint160","line":15,"loc":{"start":{"line":15,"column":4},"end":{"line":17,"column":4}}},"4":{"name":"_toUint128","line":19,"loc":{"start":{"line":19,"column":4},"end":{"line":21,"column":4}}}},"statementMap":{"1":{"start":{"line":8,"column":8},"end":{"line":8,"column":37}},"2":{"start":{"line":12,"column":8},"end":{"line":12,"column":37}},"3":{"start":{"line":16,"column":8},"end":{"line":16,"column":37}},"4":{"start":{"line":20,"column":8},"end":{"line":20,"column":37}}},"branchMap":{"1":{"line":8,"type":"if","locations":[{"start":{"line":8,"column":8},"end":{"line":8,"column":8}},{"start":{"line":8,"column":8},"end":{"line":8,"column":8}}]},"2":{"line":12,"type":"if","locations":[{"start":{"line":12,"column":8},"end":{"line":12,"column":8}},{"start":{"line":12,"column":8},"end":{"line":12,"column":8}}]},"3":{"line":16,"type":"if","locations":[{"start":{"line":16,"column":8},"end":{"line":16,"column":8}},{"start":{"line":16,"column":8},"end":{"line":16,"column":8}}]},"4":{"line":20,"type":"if","locations":[{"start":{"line":20,"column":8},"end":{"line":20,"column":8}},{"start":{"line":20,"column":8},"end":{"line":20,"column":8}}]}}},"contracts\\utils\\SafeTransfers.sol":{"l":{"22":9,"23":0,"24":0,"26":9,"27":9,"32":9,"34":9,"35":9,"51":9,"54":9,"56":9,"74":26,"75":0,"76":0,"77":0,"79":26,"83":26,"85":26,"86":26,"102":26},"path":"C:\\Users\\mikeb\\git\\v1-protocol\\contracts\\utils\\SafeTransfers.sol","s":{"1":9,"2":0,"3":0,"4":9,"5":9,"6":9,"7":9,"8":9,"9":9,"10":9,"11":26,"12":0,"13":0,"14":0,"15":26,"16":26,"17":26,"18":26},"b":{"1":[0,9],"2":[0,0],"3":[0,9],"4":[0,26],"5":[0,0],"6":[0,26]},"f":{"1":9,"2":26},"fnMap":{"1":{"name":"_transferIn","line":18,"loc":{"start":{"line":18,"column":4},"end":{"line":57,"column":4}}},"2":{"name":"_transferOut","line":69,"loc":{"start":{"line":69,"column":4},"end":{"line":103,"column":4}}}},"statementMap":{"1":{"start":{"line":22,"column":8},"end":{"line":22,"column":1015}},"2":{"start":{"line":23,"column":12},"end":{"line":23,"column":84}},"3":{"start":{"line":24,"column":12},"end":{"line":24,"column":25}},"4":{"start":{"line":26,"column":8},"end":{"line":26,"column":41}},"5":{"start":{"line":27,"column":8},"end":{"line":27,"column":70}},"6":{"start":{"line":32,"column":8},"end":{"line":32,"column":65}},"7":{"start":{"line":34,"column":8},"end":{"line":34,"column":20}},"8":{"start":{"line":51,"column":8},"end":{"line":51,"column":70}},"9":{"start":{"line":54,"column":8},"end":{"line":54,"column":69}},"10":{"start":{"line":56,"column":8},"end":{"line":56,"column":43}},"11":{"start":{"line":74,"column":8},"end":{"line":74,"column":3347}},"12":{"start":{"line":75,"column":12},"end":{"line":75,"column":88}},"13":{"start":{"line":76,"column":12},"end":{"line":76,"column":39}},"14":{"start":{"line":77,"column":12},"end":{"line":77,"column":18}},"15":{"start":{"line":79,"column":8},"end":{"line":79,"column":41}},"16":{"start":{"line":83,"column":8},"end":{"line":83,"column":38}},"17":{"start":{"line":85,"column":8},"end":{"line":85,"column":20}},"18":{"start":{"line":102,"column":8},"end":{"line":102,"column":70}}},"branchMap":{"1":{"line":22,"type":"if","locations":[{"start":{"line":22,"column":8},"end":{"line":22,"column":8}},{"start":{"line":22,"column":8},"end":{"line":22,"column":8}}]},"2":{"line":23,"type":"if","locations":[{"start":{"line":23,"column":12},"end":{"line":23,"column":12}},{"start":{"line":23,"column":12},"end":{"line":23,"column":12}}]},"3":{"line":51,"type":"if","locations":[{"start":{"line":51,"column":8},"end":{"line":51,"column":8}},{"start":{"line":51,"column":8},"end":{"line":51,"column":8}}]},"4":{"line":74,"type":"if","locations":[{"start":{"line":74,"column":8},"end":{"line":74,"column":8}},{"start":{"line":74,"column":8},"end":{"line":74,"column":8}}]},"5":{"line":75,"type":"if","locations":[{"start":{"line":75,"column":12},"end":{"line":75,"column":12}},{"start":{"line":75,"column":12},"end":{"line":75,"column":12}}]},"6":{"line":102,"type":"if","locations":[{"start":{"line":102,"column":8},"end":{"line":102,"column":8}},{"start":{"line":102,"column":8},"end":{"line":102,"column":8}}]}}},"contracts\\utils\\UnsafeMath.sol":{"l":{"13":0},"path":"C:\\Users\\mikeb\\git\\v1-protocol\\contracts\\utils\\UnsafeMath.sol","s":{},"b":{},"f":{"1":0},"fnMap":{"1":{"name":"divRoundingUp","line":12,"loc":{"start":{"line":12,"column":4},"end":{"line":16,"column":4}}}},"statementMap":{},"branchMap":{}}}