{"contracts\\base\\oracle\\TwapOracle.sol":{"l":{"18":29,"19":29,"20":29,"21":29,"22":29,"26":0,"27":0,"31":0,"35":0},"path":"C:\\Users\\mikeb\\git\\v1-protocol\\contracts\\base\\oracle\\TwapOracle.sol","s":{"1":29,"2":29,"3":29,"4":29,"5":29,"6":0,"7":0,"8":0,"9":0},"b":{},"f":{"1":29,"2":0,"3":0,"4":0},"fnMap":{"1":{"name":"calculateAverageTick","line":17,"loc":{"start":{"line":17,"column":4},"end":{"line":23,"column":4}}},"2":{"name":"isPoolObservationsEnough","line":25,"loc":{"start":{"line":25,"column":4},"end":{"line":28,"column":4}}},"3":{"name":"increaseV3Observation","line":30,"loc":{"start":{"line":30,"column":4},"end":{"line":32,"column":4}}},"4":{"name":"getSqrtPriceLimitX96","line":34,"loc":{"start":{"line":34,"column":4},"end":{"line":36,"column":4}}}},"statementMap":{"1":{"start":{"line":18,"column":8},"end":{"line":18,"column":53}},"2":{"start":{"line":19,"column":8},"end":{"line":19,"column":25}},"3":{"start":{"line":20,"column":8},"end":{"line":20,"column":54}},"4":{"start":{"line":21,"column":8},"end":{"line":21,"column":69}},"5":{"start":{"line":22,"column":8},"end":{"line":22,"column":97}},"6":{"start":{"line":26,"column":8},"end":{"line":26,"column":43}},"7":{"start":{"line":27,"column":8},"end":{"line":27,"column":42}},"8":{"start":{"line":31,"column":8},"end":{"line":31,"column":85}},"9":{"start":{"line":35,"column":8},"end":{"line":35,"column":85}}},"branchMap":{}},"contracts\\base\\PoolsharkHedgePoolEvents.sol":{"l":{},"path":"C:\\Users\\mikeb\\git\\v1-protocol\\contracts\\base\\PoolsharkHedgePoolEvents.sol","s":{},"b":{},"f":{},"fnMap":{},"statementMap":{},"branchMap":{}},"contracts\\base\\PoolsharkHedgePoolStorage.sol":{"l":{},"path":"C:\\Users\\mikeb\\git\\v1-protocol\\contracts\\base\\PoolsharkHedgePoolStorage.sol","s":{},"b":{},"f":{},"fnMap":{},"statementMap":{},"branchMap":{}},"contracts\\base\\PoolsharkHedgePoolView.sol":{"l":{},"path":"C:\\Users\\mikeb\\git\\v1-protocol\\contracts\\base\\PoolsharkHedgePoolView.sol","s":{},"b":{},"f":{},"fnMap":{},"statementMap":{},"branchMap":{}},"contracts\\interfaces\\IConcentratedFactory.sol":{"l":{},"path":"C:\\Users\\mikeb\\git\\v1-protocol\\contracts\\interfaces\\IConcentratedFactory.sol","s":{},"b":{},"f":{},"fnMap":{},"statementMap":{},"branchMap":{}},"contracts\\interfaces\\IConcentratedPool.sol":{"l":{},"path":"C:\\Users\\mikeb\\git\\v1-protocol\\contracts\\interfaces\\IConcentratedPool.sol","s":{},"b":{},"f":{},"fnMap":{},"statementMap":{},"branchMap":{}},"contracts\\interfaces\\IERC20.sol":{"l":{},"path":"C:\\Users\\mikeb\\git\\v1-protocol\\contracts\\interfaces\\IERC20.sol","s":{},"b":{},"f":{},"fnMap":{},"statementMap":{},"branchMap":{}},"contracts\\interfaces\\IPoolsharkHedgePool.sol":{"l":{},"path":"C:\\Users\\mikeb\\git\\v1-protocol\\contracts\\interfaces\\IPoolsharkHedgePool.sol","s":{},"b":{},"f":{},"fnMap":{},"statementMap":{},"branchMap":{}},"contracts\\interfaces\\IPoolsharkHedgePoolFactory.sol":{"l":{},"path":"C:\\Users\\mikeb\\git\\v1-protocol\\contracts\\interfaces\\IPoolsharkHedgePoolFactory.sol","s":{},"b":{},"f":{},"fnMap":{},"statementMap":{},"branchMap":{}},"contracts\\interfaces\\IPoolsharkHedgePoolStructs.sol":{"l":{},"path":"C:\\Users\\mikeb\\git\\v1-protocol\\contracts\\interfaces\\IPoolsharkHedgePoolStructs.sol","s":{},"b":{},"f":{},"fnMap":{},"statementMap":{},"branchMap":{}},"contracts\\interfaces\\IPositionManager.sol":{"l":{},"path":"C:\\Users\\mikeb\\git\\v1-protocol\\contracts\\interfaces\\IPositionManager.sol","s":{},"b":{},"f":{},"fnMap":{},"statementMap":{},"branchMap":{}},"contracts\\libraries\\DyDxMath.sol":{"l":{"16":3,"17":3,"18":1,"20":2,"31":2,"32":2,"33":0,"35":2,"47":1,"48":1,"49":0,"51":1,"57":0,"58":0,"70":2,"72":1,"75":1,"78":0,"79":0},"path":"C:\\Users\\mikeb\\git\\v1-protocol\\contracts\\libraries\\DyDxMath.sol","s":{"1":3,"2":1,"3":2,"4":2,"5":0,"6":2,"7":1,"8":0,"9":1,"10":1,"11":0,"12":0,"13":2,"14":1,"15":1,"16":1,"17":0,"18":0},"b":{"1":[1,2],"2":[0,2],"3":[0,1],"4":[1,0],"5":[1,1],"6":[1,0]},"f":{"1":3,"2":2,"3":1,"4":2},"fnMap":{"1":{"name":"getDy","line":10,"loc":{"start":{"line":10,"column":4},"end":{"line":23,"column":4}}},"2":{"name":"getDx","line":25,"loc":{"start":{"line":25,"column":4},"end":{"line":38,"column":4}}},"3":{"name":"getLiquidityForAmounts","line":40,"loc":{"start":{"line":40,"column":4},"end":{"line":61,"column":4}}},"4":{"name":"getAmountsForLiquidity","line":63,"loc":{"start":{"line":63,"column":4},"end":{"line":81,"column":4}}}},"statementMap":{"1":{"start":{"line":17,"column":12},"end":{"line":17,"column":478}},"2":{"start":{"line":18,"column":16},"end":{"line":18,"column":119}},"3":{"start":{"line":20,"column":16},"end":{"line":20,"column":109}},"4":{"start":{"line":32,"column":12},"end":{"line":32,"column":993}},"5":{"start":{"line":33,"column":16},"end":{"line":33,"column":146}},"6":{"start":{"line":35,"column":16},"end":{"line":35,"column":111}},"7":{"start":{"line":48,"column":12},"end":{"line":48,"column":1583}},"8":{"start":{"line":49,"column":16},"end":{"line":49,"column":109}},"9":{"start":{"line":50,"column":19},"end":{"line":50,"column":1750}},"10":{"start":{"line":51,"column":16},"end":{"line":51,"column":1805}},"11":{"start":{"line":57,"column":16},"end":{"line":57,"column":121}},"12":{"start":{"line":58,"column":16},"end":{"line":58,"column":37}},"13":{"start":{"line":70,"column":8},"end":{"line":70,"column":2515}},"14":{"start":{"line":72,"column":12},"end":{"line":72,"column":110}},"15":{"start":{"line":73,"column":15},"end":{"line":73,"column":2733}},"16":{"start":{"line":75,"column":12},"end":{"line":75,"column":110}},"17":{"start":{"line":78,"column":12},"end":{"line":78,"column":112}},"18":{"start":{"line":79,"column":12},"end":{"line":79,"column":112}}},"branchMap":{"1":{"line":17,"type":"if","locations":[{"start":{"line":17,"column":12},"end":{"line":17,"column":12}},{"start":{"line":17,"column":12},"end":{"line":17,"column":12}}]},"2":{"line":32,"type":"if","locations":[{"start":{"line":32,"column":12},"end":{"line":32,"column":12}},{"start":{"line":32,"column":12},"end":{"line":32,"column":12}}]},"3":{"line":48,"type":"if","locations":[{"start":{"line":48,"column":12},"end":{"line":48,"column":12}},{"start":{"line":48,"column":12},"end":{"line":48,"column":12}}]},"4":{"line":50,"type":"if","locations":[{"start":{"line":50,"column":19},"end":{"line":50,"column":19}},{"start":{"line":50,"column":19},"end":{"line":50,"column":19}}]},"5":{"line":70,"type":"if","locations":[{"start":{"line":70,"column":8},"end":{"line":70,"column":8}},{"start":{"line":70,"column":8},"end":{"line":70,"column":8}}]},"6":{"line":73,"type":"if","locations":[{"start":{"line":73,"column":15},"end":{"line":73,"column":15}},{"start":{"line":73,"column":15},"end":{"line":73,"column":15}}]}}},"contracts\\libraries\\FullPrecisionMath.sol":{"l":{"17":8,"23":8,"24":8,"25":8,"31":8,"32":7,"33":7,"36":7,"40":1,"46":1,"47":1,"51":1,"58":1,"60":1,"64":1,"70":1,"73":1,"79":1,"83":1,"84":1,"85":1,"86":1,"87":1,"88":1,"95":1,"96":1,"110":2,"111":2,"112":2,"113":1,"114":1},"path":"C:\\Users\\mikeb\\git\\v1-protocol\\contracts\\libraries\\FullPrecisionMath.sol","s":{"1":8,"2":8,"3":8,"4":7,"5":7,"6":1,"7":1,"8":1,"9":1,"10":1,"11":1,"12":1,"13":1,"14":1,"15":1,"16":1,"17":1,"18":1,"19":2,"20":2,"21":1},"b":{"1":[7,1],"2":[7,0],"3":[1,0],"4":[1,1],"5":[1,0]},"f":{"1":8,"2":2},"fnMap":{"1":{"name":"mulDiv","line":12,"loc":{"start":{"line":12,"column":4},"end":{"line":98,"column":4}}},"2":{"name":"mulDivRoundingUp","line":105,"loc":{"start":{"line":105,"column":4},"end":{"line":117,"column":4}}}},"statementMap":{"1":{"start":{"line":23,"column":12},"end":{"line":23,"column":25}},"2":{"start":{"line":24,"column":12},"end":{"line":24,"column":25}},"3":{"start":{"line":31,"column":12},"end":{"line":31,"column":1527}},"4":{"start":{"line":32,"column":16},"end":{"line":32,"column":39}},"5":{"start":{"line":36,"column":16},"end":{"line":36,"column":29}},"6":{"start":{"line":40,"column":12},"end":{"line":40,"column":39}},"7":{"start":{"line":46,"column":12},"end":{"line":46,"column":29}},"8":{"start":{"line":58,"column":12},"end":{"line":58,"column":70}},"9":{"start":{"line":73,"column":12},"end":{"line":73,"column":32}},"10":{"start":{"line":79,"column":12},"end":{"line":79,"column":47}},"11":{"start":{"line":83,"column":12},"end":{"line":83,"column":39}},"12":{"start":{"line":84,"column":12},"end":{"line":84,"column":39}},"13":{"start":{"line":85,"column":12},"end":{"line":85,"column":39}},"14":{"start":{"line":86,"column":12},"end":{"line":86,"column":39}},"15":{"start":{"line":87,"column":12},"end":{"line":87,"column":39}},"16":{"start":{"line":88,"column":12},"end":{"line":88,"column":39}},"17":{"start":{"line":95,"column":12},"end":{"line":95,"column":31}},"18":{"start":{"line":96,"column":12},"end":{"line":96,"column":25}},"19":{"start":{"line":110,"column":8},"end":{"line":110,"column":41}},"20":{"start":{"line":112,"column":12},"end":{"line":112,"column":5387}},"21":{"start":{"line":113,"column":16},"end":{"line":113,"column":50}}},"branchMap":{"1":{"line":31,"type":"if","locations":[{"start":{"line":31,"column":12},"end":{"line":31,"column":12}},{"start":{"line":31,"column":12},"end":{"line":31,"column":12}}]},"2":{"line":32,"type":"if","locations":[{"start":{"line":32,"column":16},"end":{"line":32,"column":16}},{"start":{"line":32,"column":16},"end":{"line":32,"column":16}}]},"3":{"line":40,"type":"if","locations":[{"start":{"line":40,"column":12},"end":{"line":40,"column":12}},{"start":{"line":40,"column":12},"end":{"line":40,"column":12}}]},"4":{"line":112,"type":"if","locations":[{"start":{"line":112,"column":12},"end":{"line":112,"column":12}},{"start":{"line":112,"column":12},"end":{"line":112,"column":12}}]},"5":{"line":113,"type":"if","locations":[{"start":{"line":113,"column":16},"end":{"line":113,"column":16}},{"start":{"line":113,"column":16},"end":{"line":113,"column":16}}]}}},"contracts\\libraries\\MathUtils.sol":{"l":{"12":0,"13":0,"14":0,"16":0},"path":"C:\\Users\\mikeb\\git\\v1-protocol\\contracts\\libraries\\MathUtils.sol","s":{"1":0,"2":0,"3":0},"b":{"1":[0,0]},"f":{"1":0},"fnMap":{"1":{"name":"within1","line":11,"loc":{"start":{"line":11,"column":4},"end":{"line":18,"column":4}}}},"statementMap":{"1":{"start":{"line":13,"column":12},"end":{"line":13,"column":646}},"2":{"start":{"line":14,"column":16},"end":{"line":14,"column":33}},"3":{"start":{"line":16,"column":12},"end":{"line":16,"column":29}}},"branchMap":{"1":{"line":13,"type":"if","locations":[{"start":{"line":13,"column":12},"end":{"line":13,"column":12}},{"start":{"line":13,"column":12},"end":{"line":13,"column":12}}]}}},"contracts\\libraries\\RebaseLibrary.sol":{"l":{"13":0,"14":0,"16":0,"22":0,"23":0,"25":0},"path":"C:\\Users\\mikeb\\git\\v1-protocol\\contracts\\libraries\\RebaseLibrary.sol","s":{"1":0,"2":0,"3":0,"4":0,"5":0,"6":0},"b":{"1":[0,0],"2":[0,0]},"f":{"1":0,"2":0},"fnMap":{"1":{"name":"toBase","line":12,"loc":{"start":{"line":12,"column":4},"end":{"line":18,"column":4}}},"2":{"name":"toElastic","line":21,"loc":{"start":{"line":21,"column":4},"end":{"line":27,"column":4}}}},"statementMap":{"1":{"start":{"line":13,"column":8},"end":{"line":13,"column":394}},"2":{"start":{"line":14,"column":12},"end":{"line":14,"column":25}},"3":{"start":{"line":16,"column":12},"end":{"line":16,"column":56}},"4":{"start":{"line":22,"column":8},"end":{"line":22,"column":742}},"5":{"start":{"line":23,"column":12},"end":{"line":23,"column":25}},"6":{"start":{"line":25,"column":12},"end":{"line":25,"column":56}}},"branchMap":{"1":{"line":13,"type":"if","locations":[{"start":{"line":13,"column":8},"end":{"line":13,"column":8}},{"start":{"line":13,"column":8},"end":{"line":13,"column":8}}]},"2":{"line":22,"type":"if","locations":[{"start":{"line":22,"column":8},"end":{"line":22,"column":8}},{"start":{"line":22,"column":8},"end":{"line":22,"column":8}}]}}},"contracts\\libraries\\SafeCast.sol":{"l":{"6":0,"10":2},"path":"C:\\Users\\mikeb\\git\\v1-protocol\\contracts\\libraries\\SafeCast.sol","s":{"1":0,"2":2},"b":{"1":[0,0],"2":[2,0]},"f":{"1":0,"2":2},"fnMap":{"1":{"name":"toUint160","line":5,"loc":{"start":{"line":5,"column":4},"end":{"line":7,"column":4}}},"2":{"name":"toUint128","line":9,"loc":{"start":{"line":9,"column":4},"end":{"line":11,"column":4}}}},"statementMap":{"1":{"start":{"line":6,"column":8},"end":{"line":6,"column":37}},"2":{"start":{"line":10,"column":8},"end":{"line":10,"column":37}}},"branchMap":{"1":{"line":6,"type":"if","locations":[{"start":{"line":6,"column":8},"end":{"line":6,"column":8}},{"start":{"line":6,"column":8},"end":{"line":6,"column":8}}]},"2":{"line":10,"type":"if","locations":[{"start":{"line":10,"column":8},"end":{"line":10,"column":8}},{"start":{"line":10,"column":8},"end":{"line":10,"column":8}}]}}},"contracts\\libraries\\SafeTransfers.sol":{"l":{"23":0,"24":0,"25":0,"27":0,"28":0,"33":0,"35":0,"36":0,"52":0,"55":0,"57":0,"75":2,"76":0,"77":0,"78":0,"80":2,"84":2,"86":2,"87":2,"103":2},"path":"C:\\Users\\mikeb\\git\\v1-protocol\\contracts\\libraries\\SafeTransfers.sol","s":{"1":0,"2":0,"3":0,"4":0,"5":0,"6":0,"7":0,"8":0,"9":0,"10":0,"11":2,"12":0,"13":0,"14":0,"15":2,"16":2,"17":2,"18":2},"b":{"1":[0,0],"2":[0,0],"3":[0,0],"4":[0,2],"5":[0,0],"6":[0,2]},"f":{"1":0,"2":2},"fnMap":{"1":{"name":"_transferIn","line":19,"loc":{"start":{"line":19,"column":4},"end":{"line":58,"column":4}}},"2":{"name":"_transferOut","line":70,"loc":{"start":{"line":70,"column":4},"end":{"line":104,"column":4}}}},"statementMap":{"1":{"start":{"line":23,"column":8},"end":{"line":23,"column":1021}},"2":{"start":{"line":24,"column":12},"end":{"line":24,"column":84}},"3":{"start":{"line":25,"column":12},"end":{"line":25,"column":25}},"4":{"start":{"line":27,"column":8},"end":{"line":27,"column":41}},"5":{"start":{"line":28,"column":8},"end":{"line":28,"column":70}},"6":{"start":{"line":33,"column":8},"end":{"line":33,"column":65}},"7":{"start":{"line":35,"column":8},"end":{"line":35,"column":20}},"8":{"start":{"line":52,"column":8},"end":{"line":52,"column":70}},"9":{"start":{"line":55,"column":8},"end":{"line":55,"column":69}},"10":{"start":{"line":57,"column":8},"end":{"line":57,"column":43}},"11":{"start":{"line":75,"column":8},"end":{"line":75,"column":3353}},"12":{"start":{"line":76,"column":12},"end":{"line":76,"column":88}},"13":{"start":{"line":77,"column":12},"end":{"line":77,"column":39}},"14":{"start":{"line":78,"column":12},"end":{"line":78,"column":18}},"15":{"start":{"line":80,"column":8},"end":{"line":80,"column":41}},"16":{"start":{"line":84,"column":8},"end":{"line":84,"column":38}},"17":{"start":{"line":86,"column":8},"end":{"line":86,"column":20}},"18":{"start":{"line":103,"column":8},"end":{"line":103,"column":70}}},"branchMap":{"1":{"line":23,"type":"if","locations":[{"start":{"line":23,"column":8},"end":{"line":23,"column":8}},{"start":{"line":23,"column":8},"end":{"line":23,"column":8}}]},"2":{"line":24,"type":"if","locations":[{"start":{"line":24,"column":12},"end":{"line":24,"column":12}},{"start":{"line":24,"column":12},"end":{"line":24,"column":12}}]},"3":{"line":52,"type":"if","locations":[{"start":{"line":52,"column":8},"end":{"line":52,"column":8}},{"start":{"line":52,"column":8},"end":{"line":52,"column":8}}]},"4":{"line":75,"type":"if","locations":[{"start":{"line":75,"column":8},"end":{"line":75,"column":8}},{"start":{"line":75,"column":8},"end":{"line":75,"column":8}}]},"5":{"line":76,"type":"if","locations":[{"start":{"line":76,"column":12},"end":{"line":76,"column":12}},{"start":{"line":76,"column":12},"end":{"line":76,"column":12}}]},"6":{"line":103,"type":"if","locations":[{"start":{"line":103,"column":8},"end":{"line":103,"column":8}},{"start":{"line":103,"column":8},"end":{"line":103,"column":8}}]}}},"contracts\\libraries\\SwapLib.sol":{"l":{"27":1,"29":1,"31":1,"32":1,"33":1,"34":1,"35":0,"39":1},"path":"C:\\Users\\mikeb\\git\\v1-protocol\\contracts\\libraries\\SwapLib.sol","s":{"1":1,"2":1,"3":1,"4":1,"5":1,"6":1,"7":0,"8":1},"b":{"1":[0,1]},"f":{"1":1},"fnMap":{"1":{"name":"handleFees","line":9,"loc":{"start":{"line":9,"column":4},"end":{"line":40,"column":4}}}},"statementMap":{"1":{"start":{"line":27,"column":8},"end":{"line":27,"column":84}},"2":{"start":{"line":29,"column":8},"end":{"line":29,"column":34}},"3":{"start":{"line":31,"column":8},"end":{"line":31,"column":38}},"4":{"start":{"line":32,"column":8},"end":{"line":32,"column":36}},"5":{"start":{"line":33,"column":8},"end":{"line":33,"column":29}},"6":{"start":{"line":34,"column":8},"end":{"line":34,"column":918}},"7":{"start":{"line":35,"column":12},"end":{"line":35,"column":120}},"8":{"start":{"line":39,"column":8},"end":{"line":39,"column":72}}},"branchMap":{"1":{"line":34,"type":"if","locations":[{"start":{"line":34,"column":8},"end":{"line":34,"column":8}},{"start":{"line":34,"column":8},"end":{"line":34,"column":8}}]}}},"contracts\\libraries\\TickMath.sol":{"l":{"26":46,"27":46,"28":46,"29":46,"30":46,"31":46,"32":46,"33":46,"34":46,"35":46,"36":46,"37":46,"38":46,"39":46,"40":46,"41":46,"42":46,"43":46,"44":46,"45":46,"46":46,"47":46,"48":46,"50":46,"54":46,"59":1,"69":1,"70":1,"72":1,"73":1,"75":1,"80":1,"85":1,"90":1,"95":1,"100":1,"105":1,"110":1,"114":1,"115":1,"118":1,"120":1,"126":1,"132":1,"138":1,"144":1,"150":1,"156":1,"162":1,"168":1,"174":1,"180":1,"186":1,"192":1,"198":1,"204":1,"206":1,"207":1,"209":1},"path":"C:\\Users\\mikeb\\git\\v1-protocol\\contracts\\libraries\\TickMath.sol","s":{"1":46,"2":46,"3":46,"4":46,"5":5,"6":46,"7":12,"8":46,"9":8,"10":46,"11":12,"12":46,"13":3,"14":46,"15":3,"16":46,"17":3,"18":46,"19":3,"20":46,"21":0,"22":46,"23":0,"24":46,"25":3,"26":46,"27":0,"28":46,"29":0,"30":46,"31":0,"32":46,"33":3,"34":46,"35":3,"36":46,"37":0,"38":46,"39":3,"40":46,"41":3,"42":46,"43":13,"44":46,"45":1,"46":1,"47":1,"48":1,"49":1,"50":1,"51":1,"52":0,"53":1,"54":1,"55":1,"56":1,"57":1},"b":{"1":[0,46],"2":[5,41],"3":[12,34],"4":[8,38],"5":[12,34],"6":[3,43],"7":[3,43],"8":[3,43],"9":[3,43],"10":[0,46],"11":[0,46],"12":[3,43],"13":[0,46],"14":[0,46],"15":[0,46],"16":[3,43],"17":[3,43],"18":[0,46],"19":[3,43],"20":[3,43],"21":[13,33],"22":[0,1],"23":[0,1],"24":[1,0]},"f":{"1":46,"2":1,"3":1},"fnMap":{"1":{"name":"getSqrtRatioAtTick","line":25,"loc":{"start":{"line":25,"column":4},"end":{"line":56,"column":4}}},"2":{"name":"validatePrice","line":58,"loc":{"start":{"line":58,"column":4},"end":{"line":60,"column":4}}},"3":{"name":"getTickAtSqrtRatio","line":67,"loc":{"start":{"line":67,"column":4},"end":{"line":211,"column":4}}}},"statementMap":{"1":{"start":{"line":26,"column":8},"end":{"line":26,"column":83}},"2":{"start":{"line":27,"column":8},"end":{"line":27,"column":73}},"3":{"start":{"line":29,"column":12},"end":{"line":29,"column":121}},"4":{"start":{"line":30,"column":12},"end":{"line":30,"column":95}},"5":{"start":{"line":30,"column":36},"end":{"line":30,"column":94}},"6":{"start":{"line":31,"column":12},"end":{"line":31,"column":95}},"7":{"start":{"line":31,"column":36},"end":{"line":31,"column":94}},"8":{"start":{"line":32,"column":12},"end":{"line":32,"column":95}},"9":{"start":{"line":32,"column":36},"end":{"line":32,"column":94}},"10":{"start":{"line":33,"column":12},"end":{"line":33,"column":96}},"11":{"start":{"line":33,"column":37},"end":{"line":33,"column":95}},"12":{"start":{"line":34,"column":12},"end":{"line":34,"column":96}},"13":{"start":{"line":34,"column":37},"end":{"line":34,"column":95}},"14":{"start":{"line":35,"column":12},"end":{"line":35,"column":96}},"15":{"start":{"line":35,"column":37},"end":{"line":35,"column":95}},"16":{"start":{"line":36,"column":12},"end":{"line":36,"column":96}},"17":{"start":{"line":36,"column":37},"end":{"line":36,"column":95}},"18":{"start":{"line":37,"column":12},"end":{"line":37,"column":97}},"19":{"start":{"line":37,"column":38},"end":{"line":37,"column":96}},"20":{"start":{"line":38,"column":12},"end":{"line":38,"column":97}},"21":{"start":{"line":38,"column":38},"end":{"line":38,"column":96}},"22":{"start":{"line":39,"column":12},"end":{"line":39,"column":97}},"23":{"start":{"line":39,"column":38},"end":{"line":39,"column":96}},"24":{"start":{"line":40,"column":12},"end":{"line":40,"column":97}},"25":{"start":{"line":40,"column":38},"end":{"line":40,"column":96}},"26":{"start":{"line":41,"column":12},"end":{"line":41,"column":98}},"27":{"start":{"line":41,"column":39},"end":{"line":41,"column":97}},"28":{"start":{"line":42,"column":12},"end":{"line":42,"column":98}},"29":{"start":{"line":42,"column":39},"end":{"line":42,"column":97}},"30":{"start":{"line":43,"column":12},"end":{"line":43,"column":98}},"31":{"start":{"line":43,"column":39},"end":{"line":43,"column":97}},"32":{"start":{"line":44,"column":12},"end":{"line":44,"column":98}},"33":{"start":{"line":44,"column":39},"end":{"line":44,"column":97}},"34":{"start":{"line":45,"column":12},"end":{"line":45,"column":98}},"35":{"start":{"line":45,"column":40},"end":{"line":45,"column":97}},"36":{"start":{"line":46,"column":12},"end":{"line":46,"column":97}},"37":{"start":{"line":46,"column":40},"end":{"line":46,"column":96}},"38":{"start":{"line":47,"column":12},"end":{"line":47,"column":95}},"39":{"start":{"line":47,"column":40},"end":{"line":47,"column":94}},"40":{"start":{"line":48,"column":12},"end":{"line":48,"column":90}},"41":{"start":{"line":48,"column":40},"end":{"line":48,"column":89}},"42":{"start":{"line":50,"column":12},"end":{"line":50,"column":59}},"43":{"start":{"line":50,"column":26},"end":{"line":50,"column":58}},"44":{"start":{"line":54,"column":12},"end":{"line":54,"column":83}},"45":{"start":{"line":59,"column":8},"end":{"line":59,"column":88}},"46":{"start":{"line":69,"column":8},"end":{"line":69,"column":102}},"47":{"start":{"line":70,"column":8},"end":{"line":70,"column":51}},"48":{"start":{"line":72,"column":8},"end":{"line":72,"column":25}},"49":{"start":{"line":73,"column":8},"end":{"line":73,"column":19}},"50":{"start":{"line":115,"column":12},"end":{"line":115,"column":6412}},"51":{"start":{"line":115,"column":28},"end":{"line":115,"column":51}},"52":{"start":{"line":116,"column":17},"end":{"line":116,"column":40}},"53":{"start":{"line":118,"column":12},"end":{"line":118,"column":52}},"54":{"start":{"line":204,"column":12},"end":{"line":204,"column":67}},"55":{"start":{"line":206,"column":12},"end":{"line":206,"column":97}},"56":{"start":{"line":207,"column":12},"end":{"line":207,"column":98}},"57":{"start":{"line":209,"column":12},"end":{"line":209,"column":109}}},"branchMap":{"1":{"line":27,"type":"if","locations":[{"start":{"line":27,"column":8},"end":{"line":27,"column":8}},{"start":{"line":27,"column":8},"end":{"line":27,"column":8}}]},"2":{"line":30,"type":"if","locations":[{"start":{"line":30,"column":12},"end":{"line":30,"column":12}},{"start":{"line":30,"column":12},"end":{"line":30,"column":12}}]},"3":{"line":31,"type":"if","locations":[{"start":{"line":31,"column":12},"end":{"line":31,"column":12}},{"start":{"line":31,"column":12},"end":{"line":31,"column":12}}]},"4":{"line":32,"type":"if","locations":[{"start":{"line":32,"column":12},"end":{"line":32,"column":12}},{"start":{"line":32,"column":12},"end":{"line":32,"column":12}}]},"5":{"line":33,"type":"if","locations":[{"start":{"line":33,"column":12},"end":{"line":33,"column":12}},{"start":{"line":33,"column":12},"end":{"line":33,"column":12}}]},"6":{"line":34,"type":"if","locations":[{"start":{"line":34,"column":12},"end":{"line":34,"column":12}},{"start":{"line":34,"column":12},"end":{"line":34,"column":12}}]},"7":{"line":35,"type":"if","locations":[{"start":{"line":35,"column":12},"end":{"line":35,"column":12}},{"start":{"line":35,"column":12},"end":{"line":35,"column":12}}]},"8":{"line":36,"type":"if","locations":[{"start":{"line":36,"column":12},"end":{"line":36,"column":12}},{"start":{"line":36,"column":12},"end":{"line":36,"column":12}}]},"9":{"line":37,"type":"if","locations":[{"start":{"line":37,"column":12},"end":{"line":37,"column":12}},{"start":{"line":37,"column":12},"end":{"line":37,"column":12}}]},"10":{"line":38,"type":"if","locations":[{"start":{"line":38,"column":12},"end":{"line":38,"column":12}},{"start":{"line":38,"column":12},"end":{"line":38,"column":12}}]},"11":{"line":39,"type":"if","locations":[{"start":{"line":39,"column":12},"end":{"line":39,"column":12}},{"start":{"line":39,"column":12},"end":{"line":39,"column":12}}]},"12":{"line":40,"type":"if","locations":[{"start":{"line":40,"column":12},"end":{"line":40,"column":12}},{"start":{"line":40,"column":12},"end":{"line":40,"column":12}}]},"13":{"line":41,"type":"if","locations":[{"start":{"line":41,"column":12},"end":{"line":41,"column":12}},{"start":{"line":41,"column":12},"end":{"line":41,"column":12}}]},"14":{"line":42,"type":"if","locations":[{"start":{"line":42,"column":12},"end":{"line":42,"column":12}},{"start":{"line":42,"column":12},"end":{"line":42,"column":12}}]},"15":{"line":43,"type":"if","locations":[{"start":{"line":43,"column":12},"end":{"line":43,"column":12}},{"start":{"line":43,"column":12},"end":{"line":43,"column":12}}]},"16":{"line":44,"type":"if","locations":[{"start":{"line":44,"column":12},"end":{"line":44,"column":12}},{"start":{"line":44,"column":12},"end":{"line":44,"column":12}}]},"17":{"line":45,"type":"if","locations":[{"start":{"line":45,"column":12},"end":{"line":45,"column":12}},{"start":{"line":45,"column":12},"end":{"line":45,"column":12}}]},"18":{"line":46,"type":"if","locations":[{"start":{"line":46,"column":12},"end":{"line":46,"column":12}},{"start":{"line":46,"column":12},"end":{"line":46,"column":12}}]},"19":{"line":47,"type":"if","locations":[{"start":{"line":47,"column":12},"end":{"line":47,"column":12}},{"start":{"line":47,"column":12},"end":{"line":47,"column":12}}]},"20":{"line":48,"type":"if","locations":[{"start":{"line":48,"column":12},"end":{"line":48,"column":12}},{"start":{"line":48,"column":12},"end":{"line":48,"column":12}}]},"21":{"line":50,"type":"if","locations":[{"start":{"line":50,"column":12},"end":{"line":50,"column":12}},{"start":{"line":50,"column":12},"end":{"line":50,"column":12}}]},"22":{"line":59,"type":"if","locations":[{"start":{"line":59,"column":8},"end":{"line":59,"column":8}},{"start":{"line":59,"column":8},"end":{"line":59,"column":8}}]},"23":{"line":69,"type":"if","locations":[{"start":{"line":69,"column":8},"end":{"line":69,"column":8}},{"start":{"line":69,"column":8},"end":{"line":69,"column":8}}]},"24":{"line":115,"type":"if","locations":[{"start":{"line":115,"column":12},"end":{"line":115,"column":12}},{"start":{"line":115,"column":12},"end":{"line":115,"column":12}}]}}},"contracts\\libraries\\Ticks.sol":{"l":{"16":28,"29":0,"31":0,"34":0,"37":0,"38":0,"45":0,"46":0,"47":0,"49":0,"51":0,"66":1,"67":0,"69":1,"70":0,"72":1,"73":0,"75":1,"76":1,"79":1,"81":1,"82":1,"84":0,"87":1,"88":1,"89":1,"91":1,"92":0,"95":1,"106":1,"107":1,"112":1,"113":1,"114":1,"115":1,"116":1,"118":0,"121":1,"122":1,"124":1,"125":0,"128":1,"130":1,"141":1,"142":1,"146":1,"151":1,"152":1,"153":0,"155":0,"158":1,"168":1,"170":1,"172":0,"173":0,"175":0,"176":0,"178":0,"180":0,"182":1,"183":1,"187":1,"189":1,"191":0,"192":0,"194":0,"195":0,"197":0,"199":0,"201":1,"202":1,"206":1},"path":"C:\\Users\\mikeb\\git\\v1-protocol\\contracts\\libraries\\Ticks.sol","s":{"1":28,"2":0,"3":0,"4":0,"5":0,"6":0,"7":0,"8":0,"9":0,"10":1,"11":1,"12":1,"13":1,"14":1,"15":1,"16":1,"17":0,"18":1,"19":1,"20":1,"21":1,"22":1,"23":1,"24":1,"25":1,"26":1,"27":1,"28":1,"29":1,"30":0,"31":1,"32":1,"33":1,"34":1,"35":1,"36":1,"37":1,"38":1,"39":1,"40":1,"41":0,"42":1,"43":0,"44":1,"45":1,"46":1,"47":0,"48":0,"49":0,"50":0,"51":0,"52":0,"53":1,"54":1,"55":1,"56":0,"57":0,"58":0,"59":0,"60":0,"61":0,"62":1,"63":1},"b":{"1":[0,0],"2":[0,0],"3":[0,1],"4":[0,1],"5":[0,1],"6":[1,0],"7":[0,1],"8":[1,0],"9":[0,1],"10":[1,0],"11":[0,1],"12":[0,1],"13":[1,0],"14":[0,1],"15":[0,1],"16":[0,1],"17":[0,0],"18":[0,1],"19":[0,0]},"f":{"1":28,"2":0,"3":1,"4":1},"fnMap":{"1":{"name":"getMaxLiquidity","line":15,"loc":{"start":{"line":15,"column":4},"end":{"line":17,"column":4}}},"2":{"name":"tickCross","line":19,"loc":{"start":{"line":19,"column":4},"end":{"line":52,"column":4}}},"3":{"name":"tickInsert","line":54,"loc":{"start":{"line":54,"column":4},"end":{"line":159,"column":4}}},"4":{"name":"tickRemove","line":161,"loc":{"start":{"line":161,"column":4},"end":{"line":207,"column":4}}}},"statementMap":{"1":{"start":{"line":16,"column":8},"end":{"line":16,"column":98}},"2":{"start":{"line":29,"column":8},"end":{"line":29,"column":118}},"3":{"start":{"line":31,"column":8},"end":{"line":31,"column":1089}},"4":{"start":{"line":37,"column":16},"end":{"line":37,"column":1444}},"5":{"start":{"line":38,"column":20},"end":{"line":38,"column":71}},"6":{"start":{"line":45,"column":12},"end":{"line":45,"column":67}},"7":{"start":{"line":46,"column":12},"end":{"line":46,"column":40}},"8":{"start":{"line":47,"column":12},"end":{"line":47,"column":64}},"9":{"start":{"line":51,"column":8},"end":{"line":51,"column":63}},"10":{"start":{"line":66,"column":8},"end":{"line":66,"column":2503}},"11":{"start":{"line":69,"column":8},"end":{"line":69,"column":2607}},"12":{"start":{"line":72,"column":8},"end":{"line":72,"column":2703}},"13":{"start":{"line":76,"column":12},"end":{"line":76,"column":76}},"14":{"start":{"line":79,"column":12},"end":{"line":79,"column":3072}},"15":{"start":{"line":81,"column":16},"end":{"line":81,"column":70}},"16":{"start":{"line":82,"column":16},"end":{"line":82,"column":3238}},"17":{"start":{"line":84,"column":20},"end":{"line":84,"column":74}},"18":{"start":{"line":87,"column":20},"end":{"line":87,"column":81}},"19":{"start":{"line":88,"column":20},"end":{"line":88,"column":52}},"20":{"start":{"line":89,"column":20},"end":{"line":89,"column":64}},"21":{"start":{"line":89,"column":45},"end":{"line":89,"column":63}},"22":{"start":{"line":91,"column":20},"end":{"line":91,"column":3761}},"23":{"start":{"line":95,"column":20},"end":{"line":95,"column":3967}},"24":{"start":{"line":106,"column":20},"end":{"line":106,"column":39}},"25":{"start":{"line":107,"column":20},"end":{"line":107,"column":58}},"26":{"start":{"line":113,"column":12},"end":{"line":113,"column":76}},"27":{"start":{"line":114,"column":12},"end":{"line":114,"column":4637}},"28":{"start":{"line":115,"column":16},"end":{"line":115,"column":70}},"29":{"start":{"line":116,"column":16},"end":{"line":116,"column":4762}},"30":{"start":{"line":118,"column":20},"end":{"line":118,"column":74}},"31":{"start":{"line":121,"column":20},"end":{"line":121,"column":81}},"32":{"start":{"line":122,"column":20},"end":{"line":122,"column":52}},"33":{"start":{"line":124,"column":20},"end":{"line":124,"column":5231}},"34":{"start":{"line":128,"column":20},"end":{"line":128,"column":66}},"35":{"start":{"line":128,"column":50},"end":{"line":128,"column":65}},"36":{"start":{"line":130,"column":20},"end":{"line":130,"column":5508}},"37":{"start":{"line":141,"column":20},"end":{"line":141,"column":39}},"38":{"start":{"line":142,"column":20},"end":{"line":142,"column":58}},"39":{"start":{"line":151,"column":8},"end":{"line":151,"column":69}},"40":{"start":{"line":152,"column":8},"end":{"line":152,"column":6204}},"41":{"start":{"line":153,"column":12},"end":{"line":153,"column":30}},"42":{"start":{"line":154,"column":15},"end":{"line":154,"column":6305}},"43":{"start":{"line":155,"column":12},"end":{"line":155,"column":30}},"44":{"start":{"line":158,"column":8},"end":{"line":158,"column":26}},"45":{"start":{"line":168,"column":8},"end":{"line":168,"column":70}},"46":{"start":{"line":170,"column":8},"end":{"line":170,"column":6755}},"47":{"start":{"line":172,"column":12},"end":{"line":172,"column":90}},"48":{"start":{"line":173,"column":12},"end":{"line":173,"column":82}},"49":{"start":{"line":175,"column":12},"end":{"line":175,"column":47}},"50":{"start":{"line":176,"column":12},"end":{"line":176,"column":51}},"51":{"start":{"line":178,"column":12},"end":{"line":178,"column":72}},"52":{"start":{"line":178,"column":38},"end":{"line":178,"column":71}},"53":{"start":{"line":183,"column":16},"end":{"line":183,"column":42}},"54":{"start":{"line":187,"column":8},"end":{"line":187,"column":29}},"55":{"start":{"line":189,"column":8},"end":{"line":189,"column":7415}},"56":{"start":{"line":191,"column":12},"end":{"line":191,"column":90}},"57":{"start":{"line":192,"column":12},"end":{"line":192,"column":82}},"58":{"start":{"line":194,"column":12},"end":{"line":194,"column":47}},"59":{"start":{"line":195,"column":12},"end":{"line":195,"column":51}},"60":{"start":{"line":197,"column":12},"end":{"line":197,"column":72}},"61":{"start":{"line":197,"column":38},"end":{"line":197,"column":71}},"62":{"start":{"line":202,"column":16},"end":{"line":202,"column":42}},"63":{"start":{"line":206,"column":8},"end":{"line":206,"column":26}}},"branchMap":{"1":{"line":31,"type":"if","locations":[{"start":{"line":31,"column":8},"end":{"line":31,"column":8}},{"start":{"line":31,"column":8},"end":{"line":31,"column":8}}]},"2":{"line":37,"type":"if","locations":[{"start":{"line":37,"column":16},"end":{"line":37,"column":16}},{"start":{"line":37,"column":16},"end":{"line":37,"column":16}}]},"3":{"line":66,"type":"if","locations":[{"start":{"line":66,"column":8},"end":{"line":66,"column":8}},{"start":{"line":66,"column":8},"end":{"line":66,"column":8}}]},"4":{"line":69,"type":"if","locations":[{"start":{"line":69,"column":8},"end":{"line":69,"column":8}},{"start":{"line":69,"column":8},"end":{"line":69,"column":8}}]},"5":{"line":72,"type":"if","locations":[{"start":{"line":72,"column":8},"end":{"line":72,"column":8}},{"start":{"line":72,"column":8},"end":{"line":72,"column":8}}]},"6":{"line":79,"type":"if","locations":[{"start":{"line":79,"column":12},"end":{"line":79,"column":12}},{"start":{"line":79,"column":12},"end":{"line":79,"column":12}}]},"7":{"line":82,"type":"if","locations":[{"start":{"line":82,"column":16},"end":{"line":82,"column":16}},{"start":{"line":82,"column":16},"end":{"line":82,"column":16}}]},"8":{"line":89,"type":"if","locations":[{"start":{"line":89,"column":20},"end":{"line":89,"column":20}},{"start":{"line":89,"column":20},"end":{"line":89,"column":20}}]},"9":{"line":91,"type":"if","locations":[{"start":{"line":91,"column":20},"end":{"line":91,"column":20}},{"start":{"line":91,"column":20},"end":{"line":91,"column":20}}]},"10":{"line":114,"type":"if","locations":[{"start":{"line":114,"column":12},"end":{"line":114,"column":12}},{"start":{"line":114,"column":12},"end":{"line":114,"column":12}}]},"11":{"line":116,"type":"if","locations":[{"start":{"line":116,"column":16},"end":{"line":116,"column":16}},{"start":{"line":116,"column":16},"end":{"line":116,"column":16}}]},"12":{"line":124,"type":"if","locations":[{"start":{"line":124,"column":20},"end":{"line":124,"column":20}},{"start":{"line":124,"column":20},"end":{"line":124,"column":20}}]},"13":{"line":128,"type":"if","locations":[{"start":{"line":128,"column":20},"end":{"line":128,"column":20}},{"start":{"line":128,"column":20},"end":{"line":128,"column":20}}]},"14":{"line":152,"type":"if","locations":[{"start":{"line":152,"column":8},"end":{"line":152,"column":8}},{"start":{"line":152,"column":8},"end":{"line":152,"column":8}}]},"15":{"line":154,"type":"if","locations":[{"start":{"line":154,"column":15},"end":{"line":154,"column":15}},{"start":{"line":154,"column":15},"end":{"line":154,"column":15}}]},"16":{"line":170,"type":"if","locations":[{"start":{"line":170,"column":8},"end":{"line":170,"column":8}},{"start":{"line":170,"column":8},"end":{"line":170,"column":8}}]},"17":{"line":178,"type":"if","locations":[{"start":{"line":178,"column":12},"end":{"line":178,"column":12}},{"start":{"line":178,"column":12},"end":{"line":178,"column":12}}]},"18":{"line":189,"type":"if","locations":[{"start":{"line":189,"column":8},"end":{"line":189,"column":8}},{"start":{"line":189,"column":8},"end":{"line":189,"column":8}}]},"19":{"line":197,"type":"if","locations":[{"start":{"line":197,"column":12},"end":{"line":197,"column":12}},{"start":{"line":197,"column":12},"end":{"line":197,"column":12}}]}}},"contracts\\libraries\\Transfer.sol":{"l":{"19":0,"21":0,"34":0,"35":0,"48":0,"49":0,"57":0,"58":0},"path":"C:\\Users\\mikeb\\git\\v1-protocol\\contracts\\libraries\\Transfer.sol","s":{"1":0,"2":0,"3":0,"4":0,"5":0,"6":0,"7":0,"8":0},"b":{"1":[0,0],"2":[0,0],"3":[0,0],"4":[0,0]},"f":{"1":0,"2":0,"3":0,"4":0},"fnMap":{"1":{"name":"safeTransferFrom","line":13,"loc":{"start":{"line":13,"column":4},"end":{"line":22,"column":4}}},"2":{"name":"safeTransfer","line":29,"loc":{"start":{"line":29,"column":4},"end":{"line":36,"column":4}}},"3":{"name":"safeApprove","line":43,"loc":{"start":{"line":43,"column":4},"end":{"line":50,"column":4}}},"4":{"name":"safeTransferETH","line":56,"loc":{"start":{"line":56,"column":4},"end":{"line":59,"column":4}}}},"statementMap":{"1":{"start":{"line":19,"column":8},"end":{"line":19,"column":806}},"2":{"start":{"line":21,"column":8},"end":{"line":21,"column":80}},"3":{"start":{"line":34,"column":8},"end":{"line":34,"column":115}},"4":{"start":{"line":35,"column":8},"end":{"line":35,"column":79}},"5":{"start":{"line":48,"column":8},"end":{"line":48,"column":114}},"6":{"start":{"line":49,"column":8},"end":{"line":49,"column":79}},"7":{"start":{"line":57,"column":8},"end":{"line":57,"column":62}},"8":{"start":{"line":58,"column":8},"end":{"line":58,"column":30}}},"branchMap":{"1":{"line":21,"type":"if","locations":[{"start":{"line":21,"column":8},"end":{"line":21,"column":8}},{"start":{"line":21,"column":8},"end":{"line":21,"column":8}}]},"2":{"line":35,"type":"if","locations":[{"start":{"line":35,"column":8},"end":{"line":35,"column":8}},{"start":{"line":35,"column":8},"end":{"line":35,"column":8}}]},"3":{"line":49,"type":"if","locations":[{"start":{"line":49,"column":8},"end":{"line":49,"column":8}},{"start":{"line":49,"column":8},"end":{"line":49,"column":8}}]},"4":{"line":58,"type":"if","locations":[{"start":{"line":58,"column":8},"end":{"line":58,"column":8}},{"start":{"line":58,"column":8},"end":{"line":58,"column":8}}]}}},"contracts\\libraries\\TridentMath.sol":{"l":{"8":0},"path":"C:\\Users\\mikeb\\git\\v1-protocol\\contracts\\libraries\\TridentMath.sol","s":{},"b":{},"f":{"1":0},"fnMap":{"1":{"name":"sqrt","line":7,"loc":{"start":{"line":7,"column":4},"end":{"line":70,"column":4}}}},"statementMap":{},"branchMap":{}},"contracts\\libraries\\UnsafeMath.sol":{"l":{"13":0},"path":"C:\\Users\\mikeb\\git\\v1-protocol\\contracts\\libraries\\UnsafeMath.sol","s":{},"b":{},"f":{"1":0},"fnMap":{"1":{"name":"divRoundingUp","line":12,"loc":{"start":{"line":12,"column":4},"end":{"line":16,"column":4}}}},"statementMap":{},"branchMap":{}},"contracts\\PoolsharkHedgePool.sol":{"l":{"43":3,"44":3,"45":3,"46":3,"50":28,"70":28,"73":28,"74":28,"75":28,"78":28,"79":28,"80":28,"81":28,"82":28,"83":28,"86":28,"87":28,"88":28,"96":28,"108":28,"109":28,"117":28,"118":28,"119":28,"120":28,"121":28,"122":28,"127":1,"129":1,"130":1,"132":1,"133":1,"134":1,"135":1,"139":1,"140":1,"141":1,"142":1,"144":1,"147":1,"154":1,"157":1,"159":1,"161":1,"162":1,"170":1,"173":1,"186":1,"194":1,"210":1,"211":1,"212":1,"214":1,"217":1,"218":1,"224":1,"227":1,"235":1,"236":1,"238":1,"241":1,"265":3,"266":3,"267":3,"268":0,"269":0,"282":1,"284":1,"286":1,"287":1,"290":1,"302":1,"304":1,"305":1,"306":1,"307":1,"308":1,"309":1,"311":1,"315":1,"316":1,"317":1,"318":1,"320":0,"326":0,"330":0,"332":0,"335":0,"336":0,"338":0,"339":0,"342":1,"343":1,"344":1,"346":1,"347":1,"350":0,"353":1,"357":1,"366":1,"367":0,"377":0,"379":0,"380":0,"381":0,"382":0,"383":0,"396":1,"400":1,"401":1,"402":1,"403":1,"404":1,"405":1,"408":0,"411":1,"413":1,"414":1,"415":1,"417":0,"418":0,"424":0,"425":0,"426":0,"427":0,"429":0,"430":0,"431":0,"432":0,"437":1,"439":1,"440":1,"441":1,"446":0,"447":0,"448":0,"449":0,"450":0,"452":0,"453":0,"454":0,"455":0,"456":0,"457":0,"458":0,"459":0,"460":0,"462":0,"463":0,"465":0,"467":0,"468":0,"469":0,"470":0,"472":0,"474":0,"475":0,"476":0,"477":0,"478":0,"480":0,"483":0,"484":0,"486":0,"487":0,"488":0,"490":0,"491":0,"494":0,"496":0,"498":0,"499":0,"502":0,"503":0,"504":0,"505":0,"507":0,"509":0,"510":0,"511":0,"512":0,"513":0,"515":0,"518":0,"519":0,"520":0,"522":0,"531":0,"532":0,"540":1,"541":1,"542":1,"544":0,"545":0,"551":1,"563":1,"564":1,"565":1,"570":1,"571":1,"573":1,"574":0,"577":1,"580":1,"581":0,"582":0,"586":0,"587":0,"588":0,"589":0,"591":0,"592":0,"593":0,"595":0,"596":0,"597":0,"599":0,"600":0,"602":0,"603":0,"604":0,"605":0,"609":0,"611":0,"612":0,"616":0,"622":1,"624":1,"626":1,"627":1,"639":2,"642":2,"643":2,"644":2,"646":2,"647":2,"648":2,"651":2,"654":2,"656":0,"658":0,"659":0,"660":0,"661":0,"662":0,"663":0,"664":0,"667":0,"668":0,"670":0,"671":0,"675":0,"676":0,"680":0,"681":0,"682":0,"683":0,"686":1,"690":2,"692":1,"694":1,"695":1,"697":1,"699":1,"700":1,"703":2,"713":1,"714":1,"716":1,"719":2},"path":"C:\\Users\\mikeb\\git\\v1-protocol\\contracts\\PoolsharkHedgePool.sol","s":{"1":3,"2":3,"3":3,"4":28,"5":28,"6":28,"7":28,"8":28,"9":28,"10":28,"11":28,"12":28,"13":28,"14":28,"15":28,"16":28,"17":28,"18":28,"19":28,"20":28,"21":28,"22":28,"23":28,"24":28,"25":28,"26":28,"27":1,"28":1,"29":1,"30":1,"31":1,"32":1,"33":1,"34":1,"35":1,"36":1,"37":1,"38":1,"39":1,"40":1,"41":1,"42":1,"43":1,"44":1,"45":0,"46":1,"47":1,"48":1,"49":1,"50":1,"51":1,"52":1,"53":1,"54":0,"55":1,"56":1,"57":1,"58":1,"59":1,"60":1,"61":3,"62":3,"63":0,"64":0,"65":1,"66":1,"67":1,"68":1,"69":1,"70":1,"71":1,"72":1,"73":1,"74":1,"75":1,"76":1,"77":1,"78":1,"79":1,"80":1,"81":1,"82":1,"83":0,"84":0,"85":0,"86":0,"87":0,"88":0,"89":0,"90":0,"91":1,"92":1,"93":1,"94":0,"95":1,"96":1,"97":1,"98":1,"99":1,"100":0,"101":0,"102":0,"103":0,"104":0,"105":0,"106":0,"107":1,"108":1,"109":1,"110":1,"111":1,"112":1,"113":1,"114":1,"115":1,"116":1,"117":0,"118":0,"119":0,"120":0,"121":0,"122":0,"123":0,"124":0,"125":0,"126":0,"127":1,"128":1,"129":1,"130":1,"131":0,"132":0,"133":0,"134":0,"135":0,"136":0,"137":0,"138":0,"139":0,"140":0,"141":0,"142":0,"143":0,"144":0,"145":0,"146":0,"147":0,"148":0,"149":0,"150":0,"151":0,"152":0,"153":0,"154":0,"155":0,"156":0,"157":0,"158":0,"159":0,"160":0,"161":0,"162":0,"163":0,"164":0,"165":0,"166":0,"167":0,"168":0,"169":0,"170":0,"171":0,"172":0,"173":0,"174":0,"175":0,"176":0,"177":0,"178":0,"179":0,"180":1,"181":1,"182":1,"183":0,"184":0,"185":1,"186":1,"187":1,"188":1,"189":1,"190":1,"191":1,"192":1,"193":1,"194":0,"195":1,"196":1,"197":0,"198":0,"199":0,"200":0,"201":0,"202":0,"203":0,"204":0,"205":0,"206":0,"207":0,"208":0,"209":0,"210":0,"211":0,"212":0,"213":0,"214":0,"215":0,"216":0,"217":0,"218":0,"219":1,"220":1,"221":1,"222":1,"223":2,"224":2,"225":2,"226":2,"227":2,"228":2,"229":2,"230":2,"231":2,"232":0,"233":0,"234":0,"235":0,"236":0,"237":0,"238":0,"239":0,"240":0,"241":0,"242":0,"243":0,"244":0,"245":0,"246":0,"247":0,"248":2,"249":1,"250":2,"251":1,"252":1,"253":1,"254":1,"255":1,"256":1,"257":1,"258":2,"259":1,"260":1,"261":1,"262":2},"b":{"1":[0,3],"2":[0,28],"3":[0,28],"4":[0,28],"5":[0,28],"6":[0,1],"7":[0,1],"8":[0,1],"9":[0,1],"10":[0,1],"11":[0,1],"12":[0,1],"13":[0,1],"14":[0,3],"15":[0,1],"16":[1,0],"17":[1,0],"18":[1,0],"19":[0,1],"20":[0,0],"21":[0,1],"22":[0,1],"23":[0,0],"24":[0,0],"25":[1,0],"26":[1,0],"27":[1,0],"28":[0,0],"29":[0,0],"30":[0,1],"31":[0,1],"32":[0,1],"33":[0,1],"34":[0,0],"35":[0,0],"36":[0,0],"37":[0,0],"38":[0,0],"39":[0,0],"40":[0,0],"41":[0,0],"42":[0,0],"43":[1,0],"44":[0,1],"45":[0,0],"46":[0,0],"47":[0,2],"48":[0,2],"49":[0,2],"50":[0,0],"51":[0,0],"52":[0,0],"53":[1,1],"54":[1,1],"55":[1,0],"56":[1,1],"57":[0,1],"58":[0,1]},"f":{"1":3,"2":28,"3":1,"4":1,"5":3,"6":1,"7":0,"8":1,"9":0,"10":0,"11":1,"12":1,"13":2},"fnMap":{"1":{"name":"lock","line":42,"loc":{"start":{"line":42,"column":4},"end":{"line":47,"column":4}}},"2":{"name":"constructor","line":49,"loc":{"start":{"line":49,"column":4},"end":{"line":123,"column":4}}},"3":{"name":"mint","line":126,"loc":{"start":{"line":126,"column":4},"end":{"line":195,"column":4}}},"4":{"name":"burn","line":204,"loc":{"start":{"line":197,"column":4},"end":{"line":242,"column":4}}},"5":{"name":"_updateSecondsPerLiquidity","line":264,"loc":{"start":{"line":264,"column":4},"end":{"line":272,"column":4}}},"6":{"name":"swap","line":281,"loc":{"start":{"line":275,"column":4},"end":{"line":420,"column":4}}},"7":{"name":"collectProtocolFee","line":423,"loc":{"start":{"line":423,"column":4},"end":{"line":434,"column":4}}},"8":{"name":"_ensureTickSpacing","line":436,"loc":{"start":{"line":436,"column":4},"end":{"line":442,"column":4}}},"9":{"name":"getAmountIn","line":444,"loc":{"start":{"line":444,"column":4},"end":{"line":524,"column":4}}},"10":{"name":"_transferBothTokens","line":526,"loc":{"start":{"line":526,"column":4},"end":{"line":533,"column":4}}},"11":{"name":"_updateFees","line":535,"loc":{"start":{"line":535,"column":4},"end":{"line":547,"column":4}}},"12":{"name":"_accumulateLastBlock","line":549,"loc":{"start":{"line":549,"column":4},"end":{"line":629,"column":4}}},"13":{"name":"_updatePosition","line":631,"loc":{"start":{"line":631,"column":4},"end":{"line":720,"column":4}}}},"statementMap":{"1":{"start":{"line":43,"column":8},"end":{"line":43,"column":42}},"2":{"start":{"line":44,"column":8},"end":{"line":44,"column":19}},"3":{"start":{"line":46,"column":8},"end":{"line":46,"column":19}},"4":{"start":{"line":50,"column":8},"end":{"line":50,"column":1624}},"5":{"start":{"line":70,"column":8},"end":{"line":70,"column":52}},"6":{"start":{"line":73,"column":8},"end":{"line":73,"column":86}},"7":{"start":{"line":74,"column":8},"end":{"line":74,"column":88}},"8":{"start":{"line":75,"column":8},"end":{"line":75,"column":55}},"9":{"start":{"line":78,"column":8},"end":{"line":78,"column":29}},"10":{"start":{"line":79,"column":8},"end":{"line":79,"column":31}},"11":{"start":{"line":80,"column":8},"end":{"line":80,"column":57}},"12":{"start":{"line":81,"column":8},"end":{"line":81,"column":57}},"13":{"start":{"line":82,"column":8},"end":{"line":82,"column":29}},"14":{"start":{"line":83,"column":8},"end":{"line":83,"column":33}},"15":{"start":{"line":86,"column":8},"end":{"line":86,"column":59}},"16":{"start":{"line":87,"column":8},"end":{"line":87,"column":57}},"17":{"start":{"line":88,"column":8},"end":{"line":88,"column":2946}},"18":{"start":{"line":96,"column":8},"end":{"line":96,"column":3138}},"19":{"start":{"line":108,"column":8},"end":{"line":108,"column":70}},"20":{"start":{"line":109,"column":8},"end":{"line":109,"column":3500}},"21":{"start":{"line":117,"column":8},"end":{"line":117,"column":31}},"22":{"start":{"line":118,"column":8},"end":{"line":118,"column":42}},"23":{"start":{"line":119,"column":8},"end":{"line":119,"column":42}},"24":{"start":{"line":120,"column":8},"end":{"line":120,"column":59}},"25":{"start":{"line":121,"column":8},"end":{"line":121,"column":19}},"26":{"start":{"line":122,"column":8},"end":{"line":122,"column":45}},"27":{"start":{"line":127,"column":8},"end":{"line":127,"column":61}},"28":{"start":{"line":129,"column":8},"end":{"line":129,"column":71}},"29":{"start":{"line":130,"column":8},"end":{"line":130,"column":78}},"30":{"start":{"line":132,"column":8},"end":{"line":132,"column":83}},"31":{"start":{"line":133,"column":8},"end":{"line":133,"column":83}},"32":{"start":{"line":134,"column":8},"end":{"line":134,"column":28}},"33":{"start":{"line":135,"column":8},"end":{"line":135,"column":26}},"34":{"start":{"line":139,"column":8},"end":{"line":139,"column":40}},"35":{"start":{"line":140,"column":8},"end":{"line":140,"column":68}},"36":{"start":{"line":141,"column":8},"end":{"line":141,"column":71}},"37":{"start":{"line":142,"column":8},"end":{"line":142,"column":30}},"38":{"start":{"line":144,"column":8},"end":{"line":144,"column":71}},"39":{"start":{"line":147,"column":8},"end":{"line":147,"column":5034}},"40":{"start":{"line":154,"column":8},"end":{"line":154,"column":66}},"41":{"start":{"line":157,"column":8},"end":{"line":157,"column":74}},"42":{"start":{"line":159,"column":8},"end":{"line":159,"column":53}},"43":{"start":{"line":162,"column":12},"end":{"line":162,"column":5561}},"44":{"start":{"line":170,"column":12},"end":{"line":170,"column":110}},"45":{"start":{"line":170,"column":73},"end":{"line":170,"column":109}},"46":{"start":{"line":173,"column":8},"end":{"line":173,"column":5975}},"47":{"start":{"line":186,"column":8},"end":{"line":186,"column":6339}},"48":{"start":{"line":194,"column":8},"end":{"line":194,"column":62}},"49":{"start":{"line":210,"column":8},"end":{"line":210,"column":63}},"50":{"start":{"line":211,"column":8},"end":{"line":211,"column":63}},"51":{"start":{"line":212,"column":8},"end":{"line":212,"column":39}},"52":{"start":{"line":214,"column":8},"end":{"line":214,"column":53}},"53":{"start":{"line":218,"column":12},"end":{"line":218,"column":92}},"54":{"start":{"line":218,"column":73},"end":{"line":218,"column":91}},"55":{"start":{"line":224,"column":8},"end":{"line":224,"column":65}},"56":{"start":{"line":227,"column":8},"end":{"line":227,"column":7622}},"57":{"start":{"line":235,"column":8},"end":{"line":235,"column":24}},"58":{"start":{"line":236,"column":8},"end":{"line":236,"column":25}},"59":{"start":{"line":238,"column":8},"end":{"line":238,"column":73}},"60":{"start":{"line":241,"column":8},"end":{"line":241,"column":50}},"61":{"start":{"line":266,"column":12},"end":{"line":266,"column":66}},"62":{"start":{"line":267,"column":12},"end":{"line":267,"column":9046}},"63":{"start":{"line":268,"column":16},"end":{"line":268,"column":53}},"64":{"start":{"line":269,"column":16},"end":{"line":269,"column":79}},"65":{"start":{"line":282,"column":8},"end":{"line":282,"column":51}},"66":{"start":{"line":284,"column":8},"end":{"line":284,"column":48}},"67":{"start":{"line":286,"column":8},"end":{"line":286,"column":9795}},"68":{"start":{"line":287,"column":12},"end":{"line":287,"column":33}},"69":{"start":{"line":290,"column":8},"end":{"line":290,"column":9894}},"70":{"start":{"line":302,"column":8},"end":{"line":302,"column":57}},"71":{"start":{"line":304,"column":8},"end":{"line":304,"column":10380}},"72":{"start":{"line":305,"column":12},"end":{"line":305,"column":99}},"73":{"start":{"line":306,"column":12},"end":{"line":306,"column":53}},"74":{"start":{"line":307,"column":12},"end":{"line":307,"column":52}},"75":{"start":{"line":308,"column":12},"end":{"line":308,"column":30}},"76":{"start":{"line":309,"column":12},"end":{"line":309,"column":30}},"77":{"start":{"line":311,"column":12},"end":{"line":311,"column":10706}},"78":{"start":{"line":315,"column":16},"end":{"line":315,"column":92}},"79":{"start":{"line":315,"column":57},"end":{"line":315,"column":89}},"80":{"start":{"line":316,"column":16},"end":{"line":316,"column":112}},"81":{"start":{"line":317,"column":16},"end":{"line":317,"column":44}},"82":{"start":{"line":318,"column":16},"end":{"line":318,"column":11193}},"83":{"start":{"line":320,"column":20},"end":{"line":320,"column":74}},"84":{"start":{"line":326,"column":20},"end":{"line":326,"column":11822}},"85":{"start":{"line":330,"column":20},"end":{"line":330,"column":12049}},"86":{"start":{"line":332,"column":24},"end":{"line":332,"column":139}},"87":{"start":{"line":335,"column":20},"end":{"line":335,"column":107}},"88":{"start":{"line":336,"column":20},"end":{"line":336,"column":51}},"89":{"start":{"line":338,"column":20},"end":{"line":338,"column":86}},"90":{"start":{"line":339,"column":20},"end":{"line":339,"column":34}},"91":{"start":{"line":342,"column":20},"end":{"line":342,"column":108}},"92":{"start":{"line":343,"column":20},"end":{"line":343,"column":52}},"93":{"start":{"line":344,"column":20},"end":{"line":344,"column":76}},"94":{"start":{"line":344,"column":62},"end":{"line":344,"column":73}},"95":{"start":{"line":346,"column":20},"end":{"line":346,"column":76}},"96":{"start":{"line":347,"column":20},"end":{"line":347,"column":39}},"97":{"start":{"line":353,"column":12},"end":{"line":353,"column":41}},"98":{"start":{"line":357,"column":12},"end":{"line":357,"column":13623}},"99":{"start":{"line":366,"column":12},"end":{"line":366,"column":13984}},"100":{"start":{"line":367,"column":16},"end":{"line":367,"column":14018}},"101":{"start":{"line":377,"column":16},"end":{"line":377,"column":14438}},"102":{"start":{"line":379,"column":20},"end":{"line":379,"column":68}},"103":{"start":{"line":380,"column":20},"end":{"line":380,"column":47}},"104":{"start":{"line":381,"column":20},"end":{"line":381,"column":52}},"105":{"start":{"line":382,"column":20},"end":{"line":382,"column":98}},"106":{"start":{"line":383,"column":20},"end":{"line":383,"column":14883}},"107":{"start":{"line":400,"column":8},"end":{"line":400,"column":15414}},"108":{"start":{"line":401,"column":12},"end":{"line":401,"column":50}},"109":{"start":{"line":402,"column":12},"end":{"line":402,"column":56}},"110":{"start":{"line":403,"column":12},"end":{"line":403,"column":15561}},"111":{"start":{"line":404,"column":16},"end":{"line":404,"column":43}},"112":{"start":{"line":405,"column":16},"end":{"line":405,"column":58}},"113":{"start":{"line":411,"column":8},"end":{"line":411,"column":81}},"114":{"start":{"line":413,"column":8},"end":{"line":413,"column":15884}},"115":{"start":{"line":414,"column":12},"end":{"line":414,"column":55}},"116":{"start":{"line":415,"column":12},"end":{"line":415,"column":72}},"117":{"start":{"line":417,"column":12},"end":{"line":417,"column":54}},"118":{"start":{"line":418,"column":12},"end":{"line":418,"column":72}},"119":{"start":{"line":424,"column":8},"end":{"line":424,"column":16363}},"120":{"start":{"line":425,"column":12},"end":{"line":425,"column":44}},"121":{"start":{"line":426,"column":12},"end":{"line":426,"column":33}},"122":{"start":{"line":427,"column":12},"end":{"line":427,"column":49}},"123":{"start":{"line":429,"column":8},"end":{"line":429,"column":16551}},"124":{"start":{"line":430,"column":12},"end":{"line":430,"column":46}},"125":{"start":{"line":431,"column":12},"end":{"line":431,"column":34}},"126":{"start":{"line":432,"column":12},"end":{"line":432,"column":51}},"127":{"start":{"line":437,"column":8},"end":{"line":437,"column":65}},"128":{"start":{"line":439,"column":8},"end":{"line":439,"column":69}},"129":{"start":{"line":440,"column":8},"end":{"line":440,"column":65}},"130":{"start":{"line":441,"column":8},"end":{"line":441,"column":68}},"131":{"start":{"line":446,"column":8},"end":{"line":446,"column":84}},"132":{"start":{"line":447,"column":8},"end":{"line":447,"column":77}},"133":{"start":{"line":448,"column":8},"end":{"line":448,"column":49}},"134":{"start":{"line":449,"column":8},"end":{"line":449,"column":96}},"135":{"start":{"line":450,"column":8},"end":{"line":450,"column":22}},"136":{"start":{"line":452,"column":8},"end":{"line":452,"column":24}},"137":{"start":{"line":453,"column":8},"end":{"line":453,"column":17673}},"138":{"start":{"line":454,"column":12},"end":{"line":454,"column":89}},"139":{"start":{"line":455,"column":12},"end":{"line":455,"column":17817}},"140":{"start":{"line":456,"column":16},"end":{"line":456,"column":61}},"141":{"start":{"line":457,"column":16},"end":{"line":457,"column":100}},"142":{"start":{"line":458,"column":16},"end":{"line":458,"column":18033}},"143":{"start":{"line":460,"column":24},"end":{"line":460,"column":74}},"144":{"start":{"line":462,"column":20},"end":{"line":462,"column":136}},"145":{"start":{"line":463,"column":20},"end":{"line":463,"column":105}},"146":{"start":{"line":467,"column":20},"end":{"line":467,"column":104}},"147":{"start":{"line":469,"column":24},"end":{"line":469,"column":18766}},"148":{"start":{"line":470,"column":28},"end":{"line":470,"column":79}},"149":{"start":{"line":472,"column":28},"end":{"line":472,"column":79}},"150":{"start":{"line":474,"column":24},"end":{"line":474,"column":51}},"151":{"start":{"line":475,"column":24},"end":{"line":475,"column":47}},"152":{"start":{"line":476,"column":24},"end":{"line":476,"column":99}},"153":{"start":{"line":477,"column":24},"end":{"line":477,"column":67}},"154":{"start":{"line":478,"column":24},"end":{"line":478,"column":55}},"155":{"start":{"line":480,"column":20},"end":{"line":480,"column":65}},"156":{"start":{"line":483,"column":16},"end":{"line":483,"column":61}},"157":{"start":{"line":484,"column":16},"end":{"line":484,"column":100}},"158":{"start":{"line":486,"column":16},"end":{"line":486,"column":19729}},"159":{"start":{"line":488,"column":24},"end":{"line":488,"column":74}},"160":{"start":{"line":490,"column":20},"end":{"line":490,"column":68}},"161":{"start":{"line":491,"column":20},"end":{"line":491,"column":19996}},"162":{"start":{"line":494,"column":20},"end":{"line":494,"column":20203}},"163":{"start":{"line":496,"column":24},"end":{"line":496,"column":128}},"164":{"start":{"line":498,"column":20},"end":{"line":498,"column":105}},"165":{"start":{"line":502,"column":20},"end":{"line":502,"column":104}},"166":{"start":{"line":504,"column":24},"end":{"line":504,"column":20881}},"167":{"start":{"line":505,"column":28},"end":{"line":505,"column":79}},"168":{"start":{"line":507,"column":28},"end":{"line":507,"column":79}},"169":{"start":{"line":509,"column":24},"end":{"line":509,"column":51}},"170":{"start":{"line":510,"column":24},"end":{"line":510,"column":47}},"171":{"start":{"line":511,"column":24},"end":{"line":511,"column":99}},"172":{"start":{"line":512,"column":24},"end":{"line":512,"column":67}},"173":{"start":{"line":513,"column":24},"end":{"line":513,"column":55}},"174":{"start":{"line":515,"column":20},"end":{"line":515,"column":61}},"175":{"start":{"line":518,"column":12},"end":{"line":518,"column":39}},"176":{"start":{"line":519,"column":12},"end":{"line":519,"column":21699}},"177":{"start":{"line":522,"column":12},"end":{"line":522,"column":37}},"178":{"start":{"line":531,"column":8},"end":{"line":531,"column":41}},"179":{"start":{"line":532,"column":8},"end":{"line":532,"column":42}},"180":{"start":{"line":540,"column":8},"end":{"line":540,"column":22226}},"181":{"start":{"line":541,"column":12},"end":{"line":541,"column":44}},"182":{"start":{"line":542,"column":12},"end":{"line":542,"column":45}},"183":{"start":{"line":544,"column":12},"end":{"line":544,"column":44}},"184":{"start":{"line":545,"column":12},"end":{"line":545,"column":44}},"185":{"start":{"line":551,"column":8},"end":{"line":551,"column":22582}},"186":{"start":{"line":562,"column":8},"end":{"line":562,"column":32}},"187":{"start":{"line":562,"column":34},"end":{"line":562,"column":60}},"188":{"start":{"line":562,"column":62},"end":{"line":562,"column":82}},"189":{"start":{"line":564,"column":12},"end":{"line":564,"column":104}},"190":{"start":{"line":565,"column":12},"end":{"line":565,"column":121}},"191":{"start":{"line":570,"column":12},"end":{"line":570,"column":39}},"192":{"start":{"line":571,"column":12},"end":{"line":571,"column":78}},"193":{"start":{"line":573,"column":12},"end":{"line":573,"column":23766}},"194":{"start":{"line":574,"column":16},"end":{"line":574,"column":40}},"195":{"start":{"line":577,"column":12},"end":{"line":577,"column":80}},"196":{"start":{"line":580,"column":8},"end":{"line":580,"column":23963}},"197":{"start":{"line":581,"column":12},"end":{"line":581,"column":60}},"198":{"start":{"line":582,"column":12},"end":{"line":582,"column":64}},"199":{"start":{"line":586,"column":12},"end":{"line":586,"column":119}},"200":{"start":{"line":587,"column":12},"end":{"line":587,"column":121}},"201":{"start":{"line":588,"column":12},"end":{"line":588,"column":89}},"202":{"start":{"line":589,"column":12},"end":{"line":589,"column":124}},"203":{"start":{"line":591,"column":12},"end":{"line":591,"column":24864}},"204":{"start":{"line":592,"column":16},"end":{"line":592,"column":70}},"205":{"start":{"line":593,"column":16},"end":{"line":593,"column":71}},"206":{"start":{"line":595,"column":12},"end":{"line":595,"column":63}},"207":{"start":{"line":596,"column":12},"end":{"line":596,"column":64}},"208":{"start":{"line":597,"column":12},"end":{"line":597,"column":73}},"209":{"start":{"line":599,"column":12},"end":{"line":599,"column":47}},"210":{"start":{"line":600,"column":12},"end":{"line":600,"column":48}},"211":{"start":{"line":602,"column":12},"end":{"line":602,"column":25388}},"212":{"start":{"line":603,"column":16},"end":{"line":603,"column":85}},"213":{"start":{"line":604,"column":16},"end":{"line":604,"column":89}},"214":{"start":{"line":605,"column":16},"end":{"line":605,"column":127}},"215":{"start":{"line":609,"column":12},"end":{"line":609,"column":46}},"216":{"start":{"line":611,"column":12},"end":{"line":611,"column":45}},"217":{"start":{"line":612,"column":12},"end":{"line":612,"column":64}},"218":{"start":{"line":616,"column":12},"end":{"line":616,"column":71}},"219":{"start":{"line":622,"column":8},"end":{"line":622,"column":72}},"220":{"start":{"line":624,"column":8},"end":{"line":624,"column":64}},"221":{"start":{"line":626,"column":8},"end":{"line":626,"column":35}},"222":{"start":{"line":627,"column":8},"end":{"line":627,"column":62}},"223":{"start":{"line":639,"column":8},"end":{"line":639,"column":65}},"224":{"start":{"line":642,"column":8},"end":{"line":642,"column":61}},"225":{"start":{"line":643,"column":8},"end":{"line":643,"column":36}},"226":{"start":{"line":644,"column":8},"end":{"line":644,"column":100}},"227":{"start":{"line":646,"column":8},"end":{"line":646,"column":74}},"228":{"start":{"line":647,"column":8},"end":{"line":647,"column":74}},"229":{"start":{"line":648,"column":8},"end":{"line":648,"column":74}},"230":{"start":{"line":651,"column":8},"end":{"line":651,"column":75}},"231":{"start":{"line":654,"column":8},"end":{"line":654,"column":27701}},"232":{"start":{"line":656,"column":12},"end":{"line":656,"column":27829}},"233":{"start":{"line":659,"column":20},"end":{"line":659,"column":145}},"234":{"start":{"line":660,"column":20},"end":{"line":660,"column":153}},"235":{"start":{"line":661,"column":20},"end":{"line":661,"column":81}},"236":{"start":{"line":662,"column":20},"end":{"line":662,"column":143}},"237":{"start":{"line":663,"column":20},"end":{"line":663,"column":56}},"238":{"start":{"line":664,"column":20},"end":{"line":664,"column":120}},"239":{"start":{"line":667,"column":16},"end":{"line":667,"column":28770}},"240":{"start":{"line":670,"column":24},"end":{"line":670,"column":67}},"241":{"start":{"line":671,"column":24},"end":{"line":671,"column":124}},"242":{"start":{"line":675,"column":16},"end":{"line":675,"column":67}},"243":{"start":{"line":676,"column":16},"end":{"line":676,"column":68}},"244":{"start":{"line":680,"column":16},"end":{"line":680,"column":58}},"245":{"start":{"line":681,"column":16},"end":{"line":681,"column":59}},"246":{"start":{"line":682,"column":16},"end":{"line":682,"column":60}},"247":{"start":{"line":683,"column":16},"end":{"line":683,"column":61}},"248":{"start":{"line":685,"column":15},"end":{"line":685,"column":29704}},"249":{"start":{"line":686,"column":12},"end":{"line":686,"column":56}},"250":{"start":{"line":690,"column":8},"end":{"line":690,"column":29865}},"251":{"start":{"line":692,"column":12},"end":{"line":692,"column":139}},"252":{"start":{"line":694,"column":12},"end":{"line":694,"column":54}},"253":{"start":{"line":695,"column":12},"end":{"line":695,"column":48}},"254":{"start":{"line":697,"column":12},"end":{"line":697,"column":85}},"255":{"start":{"line":697,"column":42},"end":{"line":697,"column":82}},"256":{"start":{"line":699,"column":12},"end":{"line":699,"column":52}},"257":{"start":{"line":700,"column":12},"end":{"line":700,"column":58}},"258":{"start":{"line":703,"column":8},"end":{"line":703,"column":30606}},"259":{"start":{"line":713,"column":12},"end":{"line":713,"column":65}},"260":{"start":{"line":714,"column":12},"end":{"line":714,"column":48}},"261":{"start":{"line":716,"column":12},"end":{"line":716,"column":83}},"262":{"start":{"line":719,"column":8},"end":{"line":719,"column":48}}},"branchMap":{"1":{"line":43,"type":"if","locations":[{"start":{"line":43,"column":8},"end":{"line":43,"column":8}},{"start":{"line":43,"column":8},"end":{"line":43,"column":8}}]},"2":{"line":70,"type":"if","locations":[{"start":{"line":70,"column":8},"end":{"line":70,"column":8}},{"start":{"line":70,"column":8},"end":{"line":70,"column":8}}]},"3":{"line":73,"type":"if","locations":[{"start":{"line":73,"column":8},"end":{"line":73,"column":8}},{"start":{"line":73,"column":8},"end":{"line":73,"column":8}}]},"4":{"line":74,"type":"if","locations":[{"start":{"line":74,"column":8},"end":{"line":74,"column":8}},{"start":{"line":74,"column":8},"end":{"line":74,"column":8}}]},"5":{"line":75,"type":"if","locations":[{"start":{"line":75,"column":8},"end":{"line":75,"column":8}},{"start":{"line":75,"column":8},"end":{"line":75,"column":8}}]},"6":{"line":129,"type":"if","locations":[{"start":{"line":129,"column":8},"end":{"line":129,"column":8}},{"start":{"line":129,"column":8},"end":{"line":129,"column":8}}]},"7":{"line":130,"type":"if","locations":[{"start":{"line":130,"column":8},"end":{"line":130,"column":8}},{"start":{"line":130,"column":8},"end":{"line":130,"column":8}}]},"8":{"line":140,"type":"if","locations":[{"start":{"line":140,"column":8},"end":{"line":140,"column":8}},{"start":{"line":140,"column":8},"end":{"line":140,"column":8}}]},"9":{"line":141,"type":"if","locations":[{"start":{"line":141,"column":8},"end":{"line":141,"column":8}},{"start":{"line":141,"column":8},"end":{"line":141,"column":8}}]},"10":{"line":157,"type":"if","locations":[{"start":{"line":157,"column":8},"end":{"line":157,"column":8}},{"start":{"line":157,"column":8},"end":{"line":157,"column":8}}]},"11":{"line":170,"type":"if","locations":[{"start":{"line":170,"column":12},"end":{"line":170,"column":12}},{"start":{"line":170,"column":12},"end":{"line":170,"column":12}}]},"12":{"line":218,"type":"if","locations":[{"start":{"line":218,"column":12},"end":{"line":218,"column":12}},{"start":{"line":218,"column":12},"end":{"line":218,"column":12}}]},"13":{"line":224,"type":"if","locations":[{"start":{"line":224,"column":8},"end":{"line":224,"column":8}},{"start":{"line":224,"column":8},"end":{"line":224,"column":8}}]},"14":{"line":267,"type":"if","locations":[{"start":{"line":267,"column":12},"end":{"line":267,"column":12}},{"start":{"line":267,"column":12},"end":{"line":267,"column":12}}]},"15":{"line":282,"type":"if","locations":[{"start":{"line":282,"column":8},"end":{"line":282,"column":8}},{"start":{"line":282,"column":8},"end":{"line":282,"column":8}}]},"16":{"line":286,"type":"if","locations":[{"start":{"line":286,"column":8},"end":{"line":286,"column":8}},{"start":{"line":286,"column":8},"end":{"line":286,"column":8}}]},"17":{"line":311,"type":"if","locations":[{"start":{"line":311,"column":12},"end":{"line":311,"column":12}},{"start":{"line":311,"column":12},"end":{"line":311,"column":12}}]},"18":{"line":315,"type":"if","locations":[{"start":{"line":315,"column":16},"end":{"line":315,"column":16}},{"start":{"line":315,"column":16},"end":{"line":315,"column":16}}]},"19":{"line":318,"type":"if","locations":[{"start":{"line":318,"column":16},"end":{"line":318,"column":16}},{"start":{"line":318,"column":16},"end":{"line":318,"column":16}}]},"20":{"line":330,"type":"if","locations":[{"start":{"line":330,"column":20},"end":{"line":330,"column":20}},{"start":{"line":330,"column":20},"end":{"line":330,"column":20}}]},"21":{"line":344,"type":"if","locations":[{"start":{"line":344,"column":20},"end":{"line":344,"column":20}},{"start":{"line":344,"column":20},"end":{"line":344,"column":20}}]},"22":{"line":366,"type":"if","locations":[{"start":{"line":366,"column":12},"end":{"line":366,"column":12}},{"start":{"line":366,"column":12},"end":{"line":366,"column":12}}]},"23":{"line":377,"type":"if","locations":[{"start":{"line":377,"column":16},"end":{"line":377,"column":16}},{"start":{"line":377,"column":16},"end":{"line":377,"column":16}}]},"24":{"line":379,"type":"if","locations":[{"start":{"line":379,"column":20},"end":{"line":379,"column":20}},{"start":{"line":379,"column":20},"end":{"line":379,"column":20}}]},"25":{"line":400,"type":"if","locations":[{"start":{"line":400,"column":8},"end":{"line":400,"column":8}},{"start":{"line":400,"column":8},"end":{"line":400,"column":8}}]},"26":{"line":403,"type":"if","locations":[{"start":{"line":403,"column":12},"end":{"line":403,"column":12}},{"start":{"line":403,"column":12},"end":{"line":403,"column":12}}]},"27":{"line":413,"type":"if","locations":[{"start":{"line":413,"column":8},"end":{"line":413,"column":8}},{"start":{"line":413,"column":8},"end":{"line":413,"column":8}}]},"28":{"line":424,"type":"if","locations":[{"start":{"line":424,"column":8},"end":{"line":424,"column":8}},{"start":{"line":424,"column":8},"end":{"line":424,"column":8}}]},"29":{"line":429,"type":"if","locations":[{"start":{"line":429,"column":8},"end":{"line":429,"column":8}},{"start":{"line":429,"column":8},"end":{"line":429,"column":8}}]},"30":{"line":437,"type":"if","locations":[{"start":{"line":437,"column":8},"end":{"line":437,"column":8}},{"start":{"line":437,"column":8},"end":{"line":437,"column":8}}]},"31":{"line":439,"type":"if","locations":[{"start":{"line":439,"column":8},"end":{"line":439,"column":8}},{"start":{"line":439,"column":8},"end":{"line":439,"column":8}}]},"32":{"line":440,"type":"if","locations":[{"start":{"line":440,"column":8},"end":{"line":440,"column":8}},{"start":{"line":440,"column":8},"end":{"line":440,"column":8}}]},"33":{"line":441,"type":"if","locations":[{"start":{"line":441,"column":8},"end":{"line":441,"column":8}},{"start":{"line":441,"column":8},"end":{"line":441,"column":8}}]},"34":{"line":455,"type":"if","locations":[{"start":{"line":455,"column":12},"end":{"line":455,"column":12}},{"start":{"line":455,"column":12},"end":{"line":455,"column":12}}]},"35":{"line":458,"type":"if","locations":[{"start":{"line":458,"column":16},"end":{"line":458,"column":16}},{"start":{"line":458,"column":16},"end":{"line":458,"column":16}}]},"36":{"line":469,"type":"if","locations":[{"start":{"line":469,"column":24},"end":{"line":469,"column":24}},{"start":{"line":469,"column":24},"end":{"line":469,"column":24}}]},"37":{"line":477,"type":"if","locations":[{"start":{"line":477,"column":24},"end":{"line":477,"column":24}},{"start":{"line":477,"column":24},"end":{"line":477,"column":24}}]},"38":{"line":486,"type":"if","locations":[{"start":{"line":486,"column":16},"end":{"line":486,"column":16}},{"start":{"line":486,"column":16},"end":{"line":486,"column":16}}]},"39":{"line":494,"type":"if","locations":[{"start":{"line":494,"column":20},"end":{"line":494,"column":20}},{"start":{"line":494,"column":20},"end":{"line":494,"column":20}}]},"40":{"line":504,"type":"if","locations":[{"start":{"line":504,"column":24},"end":{"line":504,"column":24}},{"start":{"line":504,"column":24},"end":{"line":504,"column":24}}]},"41":{"line":512,"type":"if","locations":[{"start":{"line":512,"column":24},"end":{"line":512,"column":24}},{"start":{"line":512,"column":24},"end":{"line":512,"column":24}}]},"42":{"line":519,"type":"if","locations":[{"start":{"line":519,"column":12},"end":{"line":519,"column":12}},{"start":{"line":519,"column":12},"end":{"line":519,"column":12}}]},"43":{"line":540,"type":"if","locations":[{"start":{"line":540,"column":8},"end":{"line":540,"column":8}},{"start":{"line":540,"column":8},"end":{"line":540,"column":8}}]},"44":{"line":573,"type":"if","locations":[{"start":{"line":573,"column":12},"end":{"line":573,"column":12}},{"start":{"line":573,"column":12},"end":{"line":573,"column":12}}]},"45":{"line":591,"type":"if","locations":[{"start":{"line":591,"column":12},"end":{"line":591,"column":12}},{"start":{"line":591,"column":12},"end":{"line":591,"column":12}}]},"46":{"line":602,"type":"if","locations":[{"start":{"line":602,"column":12},"end":{"line":602,"column":12}},{"start":{"line":602,"column":12},"end":{"line":602,"column":12}}]},"47":{"line":644,"type":"if","locations":[{"start":{"line":644,"column":8},"end":{"line":644,"column":8}},{"start":{"line":644,"column":8},"end":{"line":644,"column":8}}]},"48":{"line":651,"type":"if","locations":[{"start":{"line":651,"column":8},"end":{"line":651,"column":8}},{"start":{"line":651,"column":8},"end":{"line":651,"column":8}}]},"49":{"line":654,"type":"if","locations":[{"start":{"line":654,"column":8},"end":{"line":654,"column":8}},{"start":{"line":654,"column":8},"end":{"line":654,"column":8}}]},"50":{"line":656,"type":"if","locations":[{"start":{"line":656,"column":12},"end":{"line":656,"column":12}},{"start":{"line":656,"column":12},"end":{"line":656,"column":12}}]},"51":{"line":667,"type":"if","locations":[{"start":{"line":667,"column":16},"end":{"line":667,"column":16}},{"start":{"line":667,"column":16},"end":{"line":667,"column":16}}]},"52":{"line":671,"type":"if","locations":[{"start":{"line":671,"column":24},"end":{"line":671,"column":24}},{"start":{"line":671,"column":24},"end":{"line":671,"column":24}}]},"53":{"line":685,"type":"if","locations":[{"start":{"line":685,"column":15},"end":{"line":685,"column":15}},{"start":{"line":685,"column":15},"end":{"line":685,"column":15}}]},"54":{"line":690,"type":"if","locations":[{"start":{"line":690,"column":8},"end":{"line":690,"column":8}},{"start":{"line":690,"column":8},"end":{"line":690,"column":8}}]},"55":{"line":697,"type":"if","locations":[{"start":{"line":697,"column":12},"end":{"line":697,"column":12}},{"start":{"line":697,"column":12},"end":{"line":697,"column":12}}]},"56":{"line":703,"type":"if","locations":[{"start":{"line":703,"column":8},"end":{"line":703,"column":8}},{"start":{"line":703,"column":8},"end":{"line":703,"column":8}}]},"57":{"line":713,"type":"if","locations":[{"start":{"line":713,"column":12},"end":{"line":713,"column":12}},{"start":{"line":713,"column":12},"end":{"line":713,"column":12}}]},"58":{"line":716,"type":"if","locations":[{"start":{"line":716,"column":12},"end":{"line":716,"column":12}},{"start":{"line":716,"column":12},"end":{"line":716,"column":12}}]}}},"contracts\\PoolsharkHedgePoolFactory.sol":{"l":{"20":6,"21":6,"31":28,"32":0,"34":28,"35":28,"40":28,"41":28,"42":0,"46":28,"47":28,"48":0,"51":28,"53":28,"56":28,"70":22,"71":22,"74":22,"84":2,"85":2,"88":2,"90":2,"98":28},"path":"C:\\Users\\mikeb\\git\\v1-protocol\\contracts\\PoolsharkHedgePoolFactory.sol","s":{"1":6,"2":6,"3":28,"4":28,"5":28,"6":28,"7":28,"8":28,"9":28,"10":28,"11":28,"12":28,"13":22,"14":22,"15":22,"16":2,"17":2,"18":2,"19":2,"20":28},"b":{"1":[0,28],"2":[0,28],"3":[0,28]},"f":{"1":6,"2":28,"3":2,"4":28},"fnMap":{"1":{"name":"constructor","line":17,"loc":{"start":{"line":17,"column":4},"end":{"line":22,"column":4}}},"2":{"name":"createHedgePool","line":24,"loc":{"start":{"line":24,"column":4},"end":{"line":75,"column":4}}},"3":{"name":"getHedgePool","line":77,"loc":{"start":{"line":77,"column":4},"end":{"line":91,"column":4}}},"4":{"name":"getInputPool","line":93,"loc":{"start":{"line":93,"column":4},"end":{"line":99,"column":4}}}},"statementMap":{"1":{"start":{"line":20,"column":8},"end":{"line":20,"column":25}},"2":{"start":{"line":21,"column":8},"end":{"line":21,"column":49}},"3":{"start":{"line":31,"column":8},"end":{"line":31,"column":861}},"4":{"start":{"line":34,"column":8},"end":{"line":34,"column":70}},"5":{"start":{"line":35,"column":8},"end":{"line":35,"column":70}},"6":{"start":{"line":40,"column":8},"end":{"line":40,"column":68}},"7":{"start":{"line":41,"column":8},"end":{"line":41,"column":1391}},"8":{"start":{"line":46,"column":8},"end":{"line":46,"column":105}},"9":{"start":{"line":47,"column":8},"end":{"line":47,"column":1654}},"10":{"start":{"line":51,"column":8},"end":{"line":51,"column":65}},"11":{"start":{"line":53,"column":8},"end":{"line":53,"column":52}},"12":{"start":{"line":56,"column":8},"end":{"line":56,"column":1912}},"13":{"start":{"line":70,"column":8},"end":{"line":70,"column":30}},"14":{"start":{"line":71,"column":8},"end":{"line":71,"column":26}},"15":{"start":{"line":74,"column":8},"end":{"line":74,"column":84}},"16":{"start":{"line":84,"column":8},"end":{"line":84,"column":70}},"17":{"start":{"line":85,"column":8},"end":{"line":85,"column":70}},"18":{"start":{"line":88,"column":8},"end":{"line":88,"column":64}},"19":{"start":{"line":90,"column":8},"end":{"line":90,"column":31}},"20":{"start":{"line":98,"column":8},"end":{"line":98,"column":103}}},"branchMap":{"1":{"line":31,"type":"if","locations":[{"start":{"line":31,"column":8},"end":{"line":31,"column":8}},{"start":{"line":31,"column":8},"end":{"line":31,"column":8}}]},"2":{"line":41,"type":"if","locations":[{"start":{"line":41,"column":8},"end":{"line":41,"column":8}},{"start":{"line":41,"column":8},"end":{"line":41,"column":8}}]},"3":{"line":47,"type":"if","locations":[{"start":{"line":47,"column":8},"end":{"line":47,"column":8}},{"start":{"line":47,"column":8},"end":{"line":47,"column":8}}]}}},"contracts\\test\\ConcentratedFactoryMock.sol":{"l":{"20":6,"21":6,"23":6,"24":6,"25":6,"27":6,"29":6,"31":6},"path":"C:\\Users\\mikeb\\git\\v1-protocol\\contracts\\test\\ConcentratedFactoryMock.sol","s":{"1":6,"2":6,"3":6,"4":6,"5":6,"6":6,"7":6,"8":6},"b":{"1":[6,0]},"f":{"1":6},"fnMap":{"1":{"name":"constructor","line":16,"loc":{"start":{"line":16,"column":4},"end":{"line":32,"column":4}}}},"statementMap":{"1":{"start":{"line":20,"column":8},"end":{"line":20,"column":25}},"2":{"start":{"line":21,"column":8},"end":{"line":21,"column":52}},"3":{"start":{"line":23,"column":8},"end":{"line":23,"column":35}},"4":{"start":{"line":24,"column":8},"end":{"line":24,"column":36}},"5":{"start":{"line":25,"column":8},"end":{"line":25,"column":38}},"6":{"start":{"line":27,"column":8},"end":{"line":27,"column":72}},"7":{"start":{"line":29,"column":8},"end":{"line":29,"column":46}},"8":{"start":{"line":31,"column":8},"end":{"line":31,"column":42}}},"branchMap":{"1":{"line":21,"type":"if","locations":[{"start":{"line":21,"column":8},"end":{"line":21,"column":8}},{"start":{"line":21,"column":8},"end":{"line":21,"column":8}}]}}},"contracts\\test\\ConcentratedPoolMock.sol":{"l":{"22":6,"23":6,"24":6,"25":6,"39":0,"58":29,"59":29,"60":29,"61":29,"62":29,"63":29,"64":29,"70":0},"path":"C:\\Users\\mikeb\\git\\v1-protocol\\contracts\\test\\ConcentratedPoolMock.sol","s":{"1":6,"2":6,"3":6,"4":6,"5":0,"6":29,"7":29,"8":29,"9":29,"10":29,"11":29,"12":0},"b":{"1":[6,0]},"f":{"1":6,"2":0,"3":29,"4":0},"fnMap":{"1":{"name":"constructor","line":17,"loc":{"start":{"line":17,"column":4},"end":{"line":26,"column":4}}},"2":{"name":"slot0","line":28,"loc":{"start":{"line":28,"column":4},"end":{"line":48,"column":4}}},"3":{"name":"observe","line":50,"loc":{"start":{"line":50,"column":4},"end":{"line":65,"column":4}}},"4":{"name":"increaseObservationCardinalityNext","line":67,"loc":{"start":{"line":67,"column":4},"end":{"line":71,"column":4}}}},"statementMap":{"1":{"start":{"line":22,"column":8},"end":{"line":22,"column":52}},"2":{"start":{"line":23,"column":8},"end":{"line":23,"column":22}},"3":{"start":{"line":24,"column":8},"end":{"line":24,"column":22}},"4":{"start":{"line":25,"column":8},"end":{"line":25,"column":25}},"5":{"start":{"line":39,"column":8},"end":{"line":39,"column":914}},"6":{"start":{"line":59,"column":8},"end":{"line":59,"column":56}},"7":{"start":{"line":60,"column":8},"end":{"line":60,"column":36}},"8":{"start":{"line":61,"column":8},"end":{"line":61,"column":36}},"9":{"start":{"line":62,"column":8},"end":{"line":62,"column":77}},"10":{"start":{"line":63,"column":8},"end":{"line":63,"column":80}},"11":{"start":{"line":64,"column":8},"end":{"line":64,"column":80}},"12":{"start":{"line":70,"column":8},"end":{"line":70,"column":51}}},"branchMap":{"1":{"line":22,"type":"if","locations":[{"start":{"line":22,"column":8},"end":{"line":22,"column":8}},{"start":{"line":22,"column":8},"end":{"line":22,"column":8}}]}}},"contracts\\Token20.sol":{"l":{"16":12,"20":36,"24":3},"path":"C:\\Users\\mikeb\\git\\v1-protocol\\contracts\\Token20.sol","s":{"1":12,"2":36,"3":3},"b":{},"f":{"1":12,"2":36,"3":3},"fnMap":{"1":{"name":"constructor","line":15,"loc":{"start":{"line":11,"column":4},"end":{"line":17,"column":4}}},"2":{"name":"mint","line":19,"loc":{"start":{"line":19,"column":4},"end":{"line":21,"column":4}}},"3":{"name":"decimals","line":23,"loc":{"start":{"line":23,"column":4},"end":{"line":25,"column":4}}}},"statementMap":{"1":{"start":{"line":16,"column":8},"end":{"line":16,"column":28}},"2":{"start":{"line":20,"column":8},"end":{"line":20,"column":24}},"3":{"start":{"line":24,"column":8},"end":{"line":24,"column":24}}},"branchMap":{}},"contracts\\utils\\PoolsharkErrors.sol":{"l":{},"path":"C:\\Users\\mikeb\\git\\v1-protocol\\contracts\\utils\\PoolsharkErrors.sol","s":{},"b":{},"f":{},"fnMap":{},"statementMap":{},"branchMap":{}}}